Log file open, 06/13/18 09:30:16
LogWindows: Failed to load 'aqProf.dll' (GetLastError=126)
LogWindows: File 'aqProf.dll' does not exist
LogWindows: Failed to load 'VtuneApi.dll' (GetLastError=126)
LogWindows: File 'VtuneApi.dll' does not exist
LogWindows: Failed to load 'VtuneApi32e.dll' (GetLastError=126)
LogWindows: File 'VtuneApi32e.dll' does not exist
LogInit: Display: Running engine for game: Project_Assemble
LogPlatformFile: Not using cached read wrapper
LogInit: Display: RandInit(1770118763) SRandInit(1770118763).
LogInit: Read version file with build ID '3944462'
LogInit: Overriding engine version to CL 4033788, compatible CL 3944462
LogInit: Registered custom module enumerator with build ID '3944462'
LogTaskGraph: Started task graph with 5 named threads and 14 total threads with 3 sets of task threads.
LogStats: Stats thread started at 0.181552
LogD3D11RHI: Aftermath initialized
LogICUInternationalization: Display: ICU TimeZone Detection - Raw Offset: -5:00, Platform Override: ''
LogModuleManager: Display: Found up-to-date module file ../../../Engine/Plugins/2D/Paper2D/Binaries/Win64/UE4Editor-Paper2D.dll (API version 3944462).
LogModuleManager: Display: Found up-to-date module file ../../../Engine/Plugins/2D/Paper2D/Binaries/Win64/UE4Editor-Paper2DEditor.dll (API version 3944462).
LogModuleManager: Display: Found up-to-date module file ../../../Engine/Plugins/2D/Paper2D/Binaries/Win64/UE4Editor-PaperSpriteSheetImporter.dll (API version 3944462).
LogModuleManager: Display: Found up-to-date module file ../../../Engine/Plugins/2D/Paper2D/Binaries/Win64/UE4Editor-PaperTiledImporter.dll (API version 3944462).
LogModuleManager: Display: Found up-to-date module file ../../../Engine/Plugins/2D/Paper2D/Binaries/Win64/UE4Editor-SmartSnapping.dll (API version 3944462).
LogModuleManager: Display: Found up-to-date module file ../../../Engine/Plugins/Blendables/LightPropagationVolume/Binaries/Win64/UE4Editor-LightPropagationVolumeRuntime.dll (API version 3944462).
LogModuleManager: Display: Found up-to-date module file ../../../Engine/Plugins/Blendables/LightPropagationVolume/Binaries/Win64/UE4Editor-LightPropagationVolumeEditor.dll (API version 3944462).
LogModuleManager: Display: Found up-to-date module file ../../../Engine/Plugins/Developer/CLionSourceCodeAccess/Binaries/Win64/UE4Editor-CLionSourceCodeAccess.dll (API version 3944462).
LogModuleManager: Display: Found up-to-date module file ../../../Engine/Plugins/Developer/GitSourceControl/Binaries/Win64/UE4Editor-GitSourceControl.dll (API version 3944462).
LogModuleManager: Display: Found up-to-date module file ../../../Engine/Plugins/Developer/PerforceSourceControl/Binaries/Win64/UE4Editor-PerforceSourceControl.dll (API version 3944462).
LogModuleManager: Display: Found up-to-date module file ../../../Engine/Plugins/Developer/SubversionSourceControl/Binaries/Win64/UE4Editor-SubversionSourceControl.dll (API version 3944462).
LogModuleManager: Display: Found up-to-date module file ../../../Engine/Plugins/Developer/UObjectPlugin/Binaries/Win64/UE4Editor-UObjectPlugin.dll (API version 3944462).
LogModuleManager: Display: Found up-to-date module file ../../../Engine/Plugins/Developer/VisualStudioCodeSourceCodeAccess/Binaries/Win64/UE4Editor-VisualStudioCodeSourceCodeAccess.dll (API version 3944462).
LogModuleManager: Display: Found up-to-date module file ../../../Engine/Plugins/Developer/VisualStudioSourceCodeAccess/Binaries/Win64/UE4Editor-VisualStudioSourceCodeAccess.dll (API version 3944462).
LogModuleManager: Display: Found up-to-date module file ../../../Engine/Plugins/Editor/AssetManagerEditor/Binaries/Win64/UE4Editor-AssetManagerEditor.dll (API version 3944462).
LogModuleManager: Display: Found up-to-date module file ../../../Engine/Plugins/Editor/CryptoKeys/Binaries/Win64/UE4Editor-CryptoKeys.dll (API version 3944462).
LogModuleManager: Display: Found up-to-date module file ../../../Engine/Plugins/Editor/CryptoKeys/Binaries/Win64/UE4Editor-CryptoKeysOpenSSL.dll (API version 3944462).
LogModuleManager: Display: Found up-to-date module file ../../../Engine/Plugins/Editor/DataValidation/Binaries/Win64/UE4Editor-DataValidation.dll (API version 3944462).
LogModuleManager: Display: Found up-to-date module file ../../../Engine/Plugins/Editor/FacialAnimation/Binaries/Win64/UE4Editor-FacialAnimation.dll (API version 3944462).
LogModuleManager: Display: Found up-to-date module file ../../../Engine/Plugins/Editor/FacialAnimation/Binaries/Win64/UE4Editor-FacialAnimationEditor.dll (API version 3944462).
LogModuleManager: Display: Found up-to-date module file ../../../Engine/Plugins/Editor/GameplayTagsEditor/Binaries/Win64/UE4Editor-GameplayTagsEditor.dll (API version 3944462).
LogModuleManager: Display: Found up-to-date module file ../../../Engine/Plugins/Editor/MobileLauncherProfileWizard/Binaries/Win64/UE4Editor-MobileLauncherProfileWizard.dll (API version 3944462).
LogModuleManager: Display: Found up-to-date module file ../../../Engine/Plugins/Editor/PluginBrowser/Binaries/Win64/UE4Editor-PluginBrowser.dll (API version 3944462).
LogModuleManager: Display: Found up-to-date module file ../../../Engine/Plugins/Editor/SpeedTreeImporter/Binaries/Win64/UE4Editor-SpeedTreeImporter.dll (API version 3944462).
LogModuleManager: Display: Found up-to-date module file ../../../Engine/Plugins/Enterprise/DatasmithContent/Binaries/Win64/UE4Editor-DatasmithContent.dll (API version 3944462).
LogModuleManager: Display: Found up-to-date module file ../../../Engine/Plugins/Experimental/AlembicImporter/Binaries/Win64/UE4Editor-AlembicImporter.dll (API version 3944462).
LogModuleManager: Display: Found up-to-date module file ../../../Engine/Plugins/Experimental/AlembicImporter/Binaries/Win64/UE4Editor-AlembicLibrary.dll (API version 3944462).
LogModuleManager: Display: Found up-to-date module file ../../../Engine/Plugins/Experimental/CharacterAI/Binaries/Win64/UE4Editor-CharacterAI.dll (API version 3944462).
LogModuleManager: Display: Found up-to-date module file ../../../Engine/Plugins/Experimental/HTML5Networking/Binaries/Win64/UE4Editor-HTML5Networking.dll (API version 3944462).
LogModuleManager: Display: Found up-to-date module file ../../../Engine/Plugins/Media/AndroidMedia/Binaries/Win64/UE4Editor-AndroidMediaEditor.dll (API version 3944462).
LogModuleManager: Display: Found up-to-date module file ../../../Engine/Plugins/Media/AndroidMedia/Binaries/Win64/UE4Editor-AndroidMediaFactory.dll (API version 3944462).
LogModuleManager: Display: Found up-to-date module file ../../../Engine/Plugins/Media/AvfMedia/Binaries/Win64/UE4Editor-AvfMediaEditor.dll (API version 3944462).
LogModuleManager: Display: Found up-to-date module file ../../../Engine/Plugins/Media/AvfMedia/Binaries/Win64/UE4Editor-AvfMediaFactory.dll (API version 3944462).
LogModuleManager: Display: Found up-to-date module file ../../../Engine/Plugins/Media/AvfMedia/Binaries/Win64/UE4Editor-AvfMediaFactory.dll (API version 3944462).
LogModuleManager: Display: Found up-to-date module file ../../../Engine/Plugins/Media/ImgMedia/Binaries/Win64/UE4Editor-ImgMedia.dll (API version 3944462).
LogModuleManager: Display: Found up-to-date module file ../../../Engine/Plugins/Media/ImgMedia/Binaries/Win64/UE4Editor-ImgMediaEditor.dll (API version 3944462).
LogModuleManager: Display: Found up-to-date module file ../../../Engine/Plugins/Media/ImgMedia/Binaries/Win64/UE4Editor-ImgMediaFactory.dll (API version 3944462).
LogModuleManager: Display: Found up-to-date module file ../../../Engine/Plugins/Media/ImgMedia/Binaries/Win64/UE4Editor-ImgMediaFactory.dll (API version 3944462).
LogModuleManager: Display: Found up-to-date module file ../../../Engine/Plugins/Media/ImgMedia/Binaries/Win64/UE4Editor-OpenExrWrapper.dll (API version 3944462).
LogModuleManager: Display: Found up-to-date module file ../../../Engine/Plugins/Media/LinearTimecode/Binaries/Win64/UE4Editor-LinearTimecode.dll (API version 3944462).
LogModuleManager: Display: Found up-to-date module file ../../../Engine/Plugins/Media/MediaCompositing/Binaries/Win64/UE4Editor-MediaCompositing.dll (API version 3944462).
LogModuleManager: Display: Found up-to-date module file ../../../Engine/Plugins/Media/MediaCompositing/Binaries/Win64/UE4Editor-MediaCompositingEditor.dll (API version 3944462).
LogModuleManager: Display: Found up-to-date module file ../../../Engine/Plugins/Media/MediaPlayerEditor/Binaries/Win64/UE4Editor-MediaPlayerEditor.dll (API version 3944462).
LogModuleManager: Display: Found up-to-date module file ../../../Engine/Plugins/Media/WmfMedia/Binaries/Win64/UE4Editor-WmfMedia.dll (API version 3944462).
LogModuleManager: Display: Found up-to-date module file ../../../Engine/Plugins/Media/WmfMedia/Binaries/Win64/UE4Editor-WmfMediaEditor.dll (API version 3944462).
LogModuleManager: Display: Found up-to-date module file ../../../Engine/Plugins/Media/WmfMedia/Binaries/Win64/UE4Editor-WmfMediaFactory.dll (API version 3944462).
LogModuleManager: Display: Found up-to-date module file ../../../Engine/Plugins/Media/WmfMedia/Binaries/Win64/UE4Editor-WmfMediaFactory.dll (API version 3944462).
LogModuleManager: Display: Found up-to-date module file ../../../Engine/Plugins/Messaging/TcpMessaging/Binaries/Win64/UE4Editor-TcpMessaging.dll (API version 3944462).
LogModuleManager: Display: Found up-to-date module file ../../../Engine/Plugins/Messaging/UdpMessaging/Binaries/Win64/UE4Editor-UdpMessaging.dll (API version 3944462).
LogModuleManager: Display: Found up-to-date module file ../../../Engine/Plugins/MovieScene/ActorSequence/Binaries/Win64/UE4Editor-ActorSequence.dll (API version 3944462).
LogModuleManager: Display: Found up-to-date module file ../../../Engine/Plugins/MovieScene/LevelSequenceEditor/Binaries/Win64/UE4Editor-LevelSequenceEditor.dll (API version 3944462).
LogModuleManager: Display: Found up-to-date module file ../../../Engine/Plugins/MovieScene/MatineeToLevelSequence/Binaries/Win64/UE4Editor-MatineeToLevelSequence.dll (API version 3944462).
LogModuleManager: Display: Found up-to-date module file ../../../Engine/Plugins/NetcodeUnitTest/NetcodeUnitTest/Binaries/Win64/UE4Editor-NetcodeUnitTest.dll (API version 3944462).
LogModuleManager: Display: Found up-to-date module file ../../../Engine/Plugins/NetcodeUnitTest/NUTUnrealEngine4/Binaries/Win64/UE4Editor-NUTUnrealEngine4.dll (API version 3944462).
LogModuleManager: Display: Found up-to-date module file ../../../Engine/Plugins/Online/OnlineSubsystem/Binaries/Win64/UE4Editor-OnlineSubsystem.dll (API version 3944462).
LogModuleManager: Display: Found up-to-date module file ../../../Engine/Plugins/Runtime/AndroidPermission/Binaries/Win64/UE4Editor-AndroidPermission.dll (API version 3944462).
LogModuleManager: Display: Found up-to-date module file ../../../Engine/Plugins/Online/OnlineSubsystemNull/Binaries/Win64/UE4Editor-OnlineSubsystemNull.dll (API version 3944462).
LogModuleManager: Display: Found up-to-date module file ../../../Engine/Plugins/Online/OnlineSubsystemUtils/Binaries/Win64/UE4Editor-OnlineSubsystemUtils.dll (API version 3944462).
LogModuleManager: Display: Found up-to-date module file ../../../Engine/Plugins/Online/OnlineSubsystemUtils/Binaries/Win64/UE4Editor-OnlineBlueprintSupport.dll (API version 3944462).
LogModuleManager: Display: Found up-to-date module file ../../../Engine/Plugins/Runtime/AndroidDeviceProfileSelector/Binaries/Win64/UE4Editor-AndroidDeviceProfileSelector.dll (API version 3944462).
LogModuleManager: Display: Found up-to-date module file ../../../Engine/Plugins/Runtime/AppleARKit/Binaries/Win64/UE4Editor-AppleARKit.dll (API version 3944462).
LogModuleManager: Display: Found up-to-date module file ../../../Engine/Plugins/Runtime/ProceduralMeshComponent/Binaries/Win64/UE4Editor-ProceduralMeshComponent.dll (API version 3944462).
LogModuleManager: Display: Found up-to-date module file ../../../Engine/Plugins/Runtime/ProceduralMeshComponent/Binaries/Win64/UE4Editor-ProceduralMeshComponentEditor.dll (API version 3944462).
LogModuleManager: Display: Found up-to-date module file ../../../Engine/Plugins/Animation/LiveLink/Binaries/Win64/UE4Editor-LiveLink.dll (API version 3944462).
LogModuleManager: Display: Found up-to-date module file ../../../Engine/Plugins/Animation/LiveLink/Binaries/Win64/UE4Editor-LiveLinkEditor.dll (API version 3944462).
LogModuleManager: Display: Found up-to-date module file ../../../Engine/Plugins/Runtime/ArchVisCharacter/Binaries/Win64/UE4Editor-ArchVisCharacter.dll (API version 3944462).
LogModuleManager: Display: Found up-to-date module file ../../../Engine/Plugins/Runtime/AudioCapture/Binaries/Win64/UE4Editor-AudioCapture.dll (API version 3944462).
LogModuleManager: Display: Found up-to-date module file ../../../Engine/Plugins/Runtime/AudioCapture/Binaries/Win64/UE4Editor-AudioCaptureEditor.dll (API version 3944462).
LogModuleManager: Display: Found up-to-date module file ../../../Engine/Plugins/Runtime/CableComponent/Binaries/Win64/UE4Editor-CableComponent.dll (API version 3944462).
LogModuleManager: Display: Found up-to-date module file ../../../Engine/Plugins/Runtime/CustomMeshComponent/Binaries/Win64/UE4Editor-CustomMeshComponent.dll (API version 3944462).
LogModuleManager: Display: Found up-to-date module file ../../../Engine/Plugins/Runtime/ExampleDeviceProfileSelector/Binaries/Win64/UE4Editor-ExampleDeviceProfileSelector.dll (API version 3944462).
LogModuleManager: Display: Found up-to-date module file ../../../Engine/Plugins/Runtime/ImmediatePhysics/Binaries/Win64/UE4Editor-ImmediatePhysics.dll (API version 3944462).
LogModuleManager: Display: Found up-to-date module file ../../../Engine/Plugins/Runtime/ImmediatePhysics/Binaries/Win64/UE4Editor-ImmediatePhysicsEditor.dll (API version 3944462).
LogModuleManager: Display: Found up-to-date module file ../../../Engine/Plugins/Runtime/LocationServicesBPLibrary/Binaries/Win64/UE4Editor-LocationServicesBPLibrary.dll (API version 3944462).
LogModuleManager: Display: Found up-to-date module file ../../../Engine/Plugins/Runtime/MobilePatchingUtils/Binaries/Win64/UE4Editor-MobilePatchingUtils.dll (API version 3944462).
LogModuleManager: Display: Found up-to-date module file ../../../Engine/Plugins/Runtime/Oculus/OculusVR/Binaries/Win64/UE4Editor-OculusHMD.dll (API version 3944462).
LogModuleManager: Display: Found up-to-date module file ../../../Engine/Plugins/Runtime/Oculus/OculusVR/Binaries/Win64/UE4Editor-OculusInput.dll (API version 3944462).
LogModuleManager: Display: Found up-to-date module file ../../../Engine/Plugins/Runtime/Oculus/OculusVR/Binaries/Win64/UE4Editor-OculusEditor.dll (API version 3944462).
LogModuleManager: Display: Found up-to-date module file ../../../Engine/Plugins/Runtime/PhysXVehicles/Binaries/Win64/UE4Editor-PhysXVehicles.dll (API version 3944462).
LogModuleManager: Display: Found up-to-date module file ../../../Engine/Plugins/Runtime/PhysXVehicles/Binaries/Win64/UE4Editor-PhysXVehiclesEditor.dll (API version 3944462).
LogModuleManager: Display: Found up-to-date module file ../../../Engine/Plugins/Runtime/RuntimePhysXCooking/Binaries/Win64/UE4Editor-RuntimePhysXCooking.dll (API version 3944462).
LogModuleManager: Display: Found up-to-date module file ../../../Engine/Plugins/Runtime/Steam/SteamVR/Binaries/Win64/UE4Editor-SteamVR.dll (API version 3944462).
LogModuleManager: Display: Found up-to-date module file ../../../Engine/Plugins/Runtime/Steam/SteamVR/Binaries/Win64/UE4Editor-SteamVRController.dll (API version 3944462).
LogModuleManager: Display: Found up-to-date module file ../../../Engine/Plugins/Runtime/WindowsMoviePlayer/Binaries/Win64/UE4Editor-WindowsMoviePlayer.dll (API version 3944462).
LogPluginManager: Mounting plugin Paper2D
LogPluginManager: Mounting plugin LiveLink
LogPluginManager: Mounting plugin LightPropagationVolume
LogPluginManager: Mounting plugin CLionSourceCodeAccess
LogPluginManager: Mounting plugin CodeLiteSourceCodeAccess
LogPluginManager: Mounting plugin GitSourceControl
LogPluginManager: Mounting plugin KDevelopSourceCodeAccess
LogPluginManager: Mounting plugin NullSourceCodeAccess
LogPluginManager: Mounting plugin PerforceSourceControl
LogPluginManager: Mounting plugin SubversionSourceControl
LogPluginManager: Mounting plugin UObjectPlugin
LogPluginManager: Mounting plugin VisualStudioCodeSourceCodeAccess
LogPluginManager: Mounting plugin VisualStudioSourceCodeAccess
LogPluginManager: Mounting plugin XCodeSourceCodeAccess
LogPluginManager: Mounting plugin AssetManagerEditor
LogPluginManager: Mounting plugin CryptoKeys
LogPluginManager: Mounting plugin DataValidation
LogPluginManager: Mounting plugin FacialAnimation
LogPluginManager: Mounting plugin GameplayTagsEditor
LogPluginManager: Mounting plugin MobileLauncherProfileWizard
LogPluginManager: Mounting plugin PluginBrowser
LogPluginManager: Mounting plugin SpeedTreeImporter
LogPluginManager: Mounting plugin DatasmithContent
LogPluginManager: Mounting plugin AlembicImporter
LogPluginManager: Mounting plugin CharacterAI
LogPluginManager: Mounting plugin HTML5Networking
LogPluginManager: Mounting plugin AndroidMedia
LogPluginManager: Mounting plugin AvfMedia
LogPluginManager: Mounting plugin ImgMedia
LogPluginManager: Mounting plugin LinearTimecode
LogPluginManager: Mounting plugin MediaCompositing
LogPluginManager: Mounting plugin MediaPlayerEditor
LogPluginManager: Mounting plugin WmfMedia
LogPluginManager: Mounting plugin TcpMessaging
LogPluginManager: Mounting plugin UdpMessaging
LogPluginManager: Mounting plugin ActorSequence
LogPluginManager: Mounting plugin LevelSequenceEditor
LogPluginManager: Mounting plugin MatineeToLevelSequence
LogPluginManager: Mounting plugin NetcodeUnitTest
LogPluginManager: Mounting plugin NUTUnrealEngine4
LogPluginManager: Mounting plugin OnlineSubsystemGooglePlay
LogPluginManager: Mounting plugin OnlineSubsystemIOS
LogPluginManager: Mounting plugin OnlineSubsystem
LogPluginManager: Mounting plugin OnlineSubsystemNull
LogPluginManager: Mounting plugin OnlineSubsystemUtils
LogPluginManager: Mounting plugin AndroidDeviceProfileSelector
LogPluginManager: Mounting plugin AndroidMoviePlayer
LogPluginManager: Mounting plugin AndroidPermission
LogPluginManager: Mounting plugin AppleARKit
LogPluginManager: Mounting plugin AppleMoviePlayer
LogPluginManager: Mounting plugin ArchVisCharacter
LogPluginManager: Mounting plugin AudioCapture
LogPluginManager: Mounting plugin CableComponent
LogPluginManager: Mounting plugin CustomMeshComponent
LogPluginManager: Mounting plugin ExampleDeviceProfileSelector
LogPluginManager: Mounting plugin GoogleCloudMessaging
LogPluginManager: Mounting plugin ImmediatePhysics
LogPluginManager: Mounting plugin IOSDeviceProfileSelector
LogPluginManager: Mounting plugin LinuxDeviceProfileSelector
LogPluginManager: Mounting plugin LocationServicesBPLibrary
LogPluginManager: Mounting plugin MobilePatchingUtils
LogPluginManager: Mounting plugin OculusVR
LogPluginManager: Plugin shader directory ../../../Engine/Plugins/Runtime/Oculus/OculusVR/Shaders found
LogPluginManager: Mapping shader source directory ../../../Engine/Plugins/Runtime/Oculus/OculusVR/Shaders to virtual directory /Plugin/OculusVR
LogPluginManager: Mounting plugin PhysXVehicles
LogPluginManager: Mounting plugin ProceduralMeshComponent
LogPluginManager: Mounting plugin RuntimePhysXCooking
LogPluginManager: Mounting plugin SteamVR
LogPluginManager: Mounting plugin WindowsMoviePlayer
LogStreaming: Display: Took  1.396s to configure plugins.
LogInit: Using libcurl 7.47.1
LogInit:  - built for x86_64-pc-win32
LogInit:  - supports SSL with OpenSSL/1.0.2g
LogInit:  - supports HTTP deflate (compression) using libz 1.2.8
LogInit:  - other features:
LogInit:      CURL_VERSION_SSL
LogInit:      CURL_VERSION_LIBZ
LogInit:      CURL_VERSION_IPV6
LogInit:      CURL_VERSION_ASYNCHDNS
LogInit:      CURL_VERSION_LARGEFILE
LogInit:      CURL_VERSION_IDN
LogInit:  CurlRequestOptions (configurable via config and command line):
LogInit:  - bVerifyPeer = false  - Libcurl will NOT verify peer certificate
LogInit:  - bUseHttpProxy = false  - Libcurl will NOT use HTTP proxy
LogInit:  - bDontReuseConnections = false  - Libcurl will reuse connections
LogInit:  - CertBundlePath = nullptr  - Libcurl will use whatever was configured at build time.
LogInit:  - MaxHostConnections = 16  - Libcurl will limit the number of connections to a host
LogInit:  - LocalHostAddr = Default
LogInit: WinSock: version 1.1 (2.2), MaxSocks=32767, MaxUdp=65467
LogInit: WinSock: I am MSI (127.0.0.1:0)
LogInit: Build: ++UE4+Release-4.19-CL-4033788
LogInit: Engine Version: 4.19.2-4033788+++UE4+Release-4.19
LogInit: Compatible Engine Version: 4.19.0-3944462+++UE4+Release-4.19
LogInit: Net CL: 3944462
LogDevObjectVersion: Number of dev versions registered: 18
LogDevObjectVersion:   Dev-Blueprints (B0D832E4-1F89-4F0D-ACCF-7EB736FD4AA2): 10
LogDevObjectVersion:   Dev-Build (E1C64328-A22C-4D53-A36C-8E866417BD8C): 0
LogDevObjectVersion:   Dev-Core (375EC13C-06E4-48FB-B500-84F0262A717E): 2
LogDevObjectVersion:   Dev-Editor (E4B068ED-F494-42E9-A231-DA0B2E46BB41): 23
LogDevObjectVersion:   Dev-Framework (CFFC743F-43B0-4480-9391-14DF171D2073): 33
LogDevObjectVersion:   Dev-Mobile (B02B49B5-BB20-44E9-A304-32B752E40360): 2
LogDevObjectVersion:   Dev-Networking (A4E4105C-59A1-49B5-A7C5-40C4547EDFEE): 0
LogDevObjectVersion:   Dev-Online (39C831C9-5AE6-47DC-9A44-9C173E1C8E7C): 0
LogDevObjectVersion:   Dev-Physics (78F01B33-EBEA-4F98-B9B4-84EACCB95AA2): 0
LogDevObjectVersion:   Dev-Platform (6631380F-2D4D-43E0-8009-CF276956A95A): 0
LogDevObjectVersion:   Dev-Rendering (12F88B9F-8875-4AFC-A67C-D90C383ABD29): 25
LogDevObjectVersion:   Dev-Sequencer (7B5AE74C-D270-4C10-A958-57980B212A5A): 6
LogDevObjectVersion:   Dev-VR (D7296918-1DD6-4BDD-9DE2-64A83CC13884): 1
LogDevObjectVersion:   Dev-LoadTimes (C2A15278-BFE7-4AFE-6C17-90FF531DF755): 1
LogDevObjectVersion:   Private-Geometry (6EACA3D4-40EC-4CC1-B786-8BED09428FC5): 2
LogDevObjectVersion:   Dev-AnimPhys (29E575DD-E0A3-4627-9D10-D276232CDCEA): 16
LogDevObjectVersion:   Dev-ReflectionCapture (6B266CEC-1EC7-4B8F-A30B-E4D90942FC07): 1
LogDevObjectVersion:   Dev-Automation (0DF73D61-A23F-47EA-B727-89E90C41499A): 1
LogInit: Compiled (64-bit): Apr 27 2018 02:06:57
LogInit: Compiled with Visual C++: 19.00.24215.01
LogInit: Build Configuration: Development
LogInit: Branch Name: ++UE4+Release-4.19
LogInit: Command Line: -EpicPortal
LogInit: Base Directory: D:/UE_4.19/Engine/Binaries/Win64/
LogInit: Installed Engine Build: 1
LogStreaming: Display: Took  0.000s to delete old logs.
LogInit: Presizing for max 8388607 objects, including 0 objects not considered by GC, pre-allocating 0 bytes for permanent pool.
LogInit: Object subsystem initialized
[2018.06.13-13.30.18:627][  0]LogInit: Selected Device Profile: [Windows]
[2018.06.13-13.30.18:627][  0]LogInit: Applying CVar settings loaded from the selected device profile: [Windows]
[2018.06.13-13.30.18:637][  0]LogInit: Computer: MSI
[2018.06.13-13.30.18:637][  0]LogInit: User: Andrew
[2018.06.13-13.30.18:637][  0]LogInit: CPU Page size=4096, Cores=4
[2018.06.13-13.30.18:637][  0]LogInit: High frequency timer resolution =2.437500 MHz
[2018.06.13-13.30.18:637][  0]LogMemory: Memory total: Physical=7.9GB (8GB approx)
[2018.06.13-13.30.18:638][  0]LogMemory: Platform Memory Stats for Windows
[2018.06.13-13.30.18:638][  0]LogMemory: Process Physical Memory: 273.26 MB used, 273.26 MB peak
[2018.06.13-13.30.18:638][  0]LogMemory: Process Virtual Memory: 266.23 MB used, 266.23 MB peak
[2018.06.13-13.30.18:638][  0]LogMemory: Physical Memory: 3814.21 MB used,  4297.83 MB free, 8112.04 MB total
[2018.06.13-13.30.18:638][  0]LogMemory: Virtual Memory: 4785.04 MB used,  4297.83 MB free, 134217728.00 MB total
[2018.06.13-13.30.18:840][  0]LogInit: Using OS detected language (en-US).
[2018.06.13-13.30.18:840][  0]LogInit: Using OS detected locale (en-US).
[2018.06.13-13.30.18:844][  0]LogTextLocalizationManager: No specific localization for 'en-US' exists, so the 'en' localization will be used.
[2018.06.13-13.30.19:306][  0]LogStreaming: Display: Took  0.466s to EndInitTextLocalization.
[2018.06.13-13.30.19:306][  0]LogInit: Setting process to per monitor DPI aware
[2018.06.13-13.30.19:325][  0]LogSlate: New Slate User Created.  User Index 0, Is Virtual User: 0
[2018.06.13-13.30.19:326][  0]LogSlate: Slate User Registered.  User Index 0, Is Virtual User: 0
[2018.06.13-13.30.19:685][  0]LogD3D11RHI: D3D11 adapters:
[2018.06.13-13.30.20:443][  0]LogD3D11RHI:    0. 'NVIDIA GeForce GTX 1050' (Feature Level 11_0)
[2018.06.13-13.30.20:443][  0]LogD3D11RHI:       2009/0/4056 MB DedicatedVideo/DedicatedSystem/SharedSystem, Outputs:1, VendorId:0x10de
[2018.06.13-13.30.20:456][  0]LogD3D11RHI:    1. 'Intel(R) HD Graphics 630' (Feature Level 11_0)
[2018.06.13-13.30.20:456][  0]LogD3D11RHI:       128/0/4056 MB DedicatedVideo/DedicatedSystem/SharedSystem, Outputs:0, VendorId:0x8086
[2018.06.13-13.30.20:458][  0]LogD3D11RHI:    2. 'Microsoft Basic Render Driver' (Feature Level 11_0)
[2018.06.13-13.30.20:458][  0]LogD3D11RHI:       0/0/4056 MB DedicatedVideo/DedicatedSystem/SharedSystem, Outputs:0, VendorId:0x1414
[2018.06.13-13.30.20:458][  0]LogD3D11RHI: Chosen D3D11 Adapter: 0
[2018.06.13-13.30.20:474][  0]LogD3D11RHI: Creating new Direct3DDevice
[2018.06.13-13.30.20:474][  0]LogD3D11RHI:     GPU DeviceId: 0x1c8d (for the marketing name, search the web for "GPU Device Id")
[2018.06.13-13.30.20:474][  0]LogWindows: EnumDisplayDevices:
[2018.06.13-13.30.20:474][  0]LogWindows:    0. 'Intel(R) HD Graphics 630' (P:1 D:1)
[2018.06.13-13.30.20:474][  0]LogWindows:    1. 'Intel(R) HD Graphics 630' (P:0 D:0)
[2018.06.13-13.30.20:474][  0]LogWindows:    2. 'Intel(R) HD Graphics 630' (P:0 D:0)
[2018.06.13-13.30.20:475][  0]LogWindows: DebugString: GetVideoDriverDetailsInvalid PrimaryIsNotTheChoosenAdapter GetVideoDriverDetailsInvalid PrimaryIsNotTheChoosenAdapter GetVideoDriverDetailsInvalid PrimaryIsNotTheChoosenAdapter FoundDriverCount:0 
[2018.06.13-13.30.20:475][  0]LogD3D11RHI:     Adapter Name: NVIDIA GeForce GTX 1050
[2018.06.13-13.30.20:475][  0]LogD3D11RHI:   Driver Version: Unknown (internal:Unknown, unified:Unknown)
[2018.06.13-13.30.20:475][  0]LogD3D11RHI:      Driver Date: Unknown
[2018.06.13-13.30.20:475][  0]LogRHI: Texture pool is 1406 MB (70% of 2009 MB)
[2018.06.13-13.30.21:156][  0]LogD3D11RHI: [Aftermath] Aftermath enabled but failed to initialize
[2018.06.13-13.30.21:156][  0]LogD3D11RHI: [Aftermath] Aftermath enabled and primed
[2018.06.13-13.30.21:156][  0]LogD3D11RHI: Async texture creation enabled
[2018.06.13-13.30.21:198][  0]LogD3D11RHI: GPU Timing Frequency: 1000.000000 (Debug: 2 1)
[2018.06.13-13.30.21:199][  0]LogShaderCompilers: Guid format shader working directory is -4 characters bigger than the processId version (../../../../Repos/Project_Assemble/Project_Assemble/Intermediate/Shaders/WorkingDirectory/3368/).
[2018.06.13-13.30.21:199][  0]LogShaderCompilers: Cleaned the shader compiler working directory 'C:/Users/Andrew/AppData/Local/Temp/UnrealShaderWorkingDir/0B76C4B54C267B75976B4CA60540BF29/'.
[2018.06.13-13.30.21:481][  0]LogTemp: Display: Loaded TP AllDesktopTargetPlatform
[2018.06.13-13.30.21:496][  0]LogTemp: Display: Loaded TP MacClientTargetPlatform
[2018.06.13-13.30.21:510][  0]LogTemp: Display: Loaded TP MacNoEditorTargetPlatform
[2018.06.13-13.30.21:524][  0]LogTemp: Display: Loaded TP MacServerTargetPlatform
[2018.06.13-13.30.21:539][  0]LogTemp: Display: Loaded TP MacTargetPlatform
[2018.06.13-13.30.21:554][  0]LogTemp: Display: Loaded TP WindowsClientTargetPlatform
[2018.06.13-13.30.21:568][  0]LogTemp: Display: Loaded TP WindowsNoEditorTargetPlatform
[2018.06.13-13.30.21:582][  0]LogTemp: Display: Loaded TP WindowsServerTargetPlatform
[2018.06.13-13.30.21:588][  0]LogTemp: Display: Loaded TP WindowsTargetPlatform
[2018.06.13-13.30.21:601][  0]LogTemp: Display: Loaded TP Android_ASTCTargetPlatform
[2018.06.13-13.30.21:614][  0]LogTemp: Display: Loaded TP Android_ATCTargetPlatform
[2018.06.13-13.30.21:628][  0]LogTemp: Display: Loaded TP Android_DXTTargetPlatform
[2018.06.13-13.30.21:641][  0]LogTemp: Display: Loaded TP Android_ETC1aTargetPlatform
[2018.06.13-13.30.21:655][  0]LogTemp: Display: Loaded TP Android_ETC1TargetPlatform
[2018.06.13-13.30.21:667][  0]LogTemp: Display: Loaded TP Android_ETC2TargetPlatform
[2018.06.13-13.30.21:693][  0]LogTemp: Display: Loaded TP Android_MultiTargetPlatform
[2018.06.13-13.30.21:693][  0]LogTemp: Display: Loaded TP Android_PVRTCTargetPlatform
[2018.06.13-13.30.21:706][  0]LogTemp: Display: Loaded TP AndroidTargetPlatform
[2018.06.13-13.30.21:707][  0]LogTemp: Display: Loaded TP HTML5TargetPlatform
[2018.06.13-13.30.21:746][  0]LogTemp: Display: Loaded TP IOSTargetPlatform
[2018.06.13-13.30.21:759][  0]LogTemp: Display: Loaded TP TVOSTargetPlatform
[2018.06.13-13.30.21:771][  0]LogTemp: Display: Loaded TP LinuxClientTargetPlatform
[2018.06.13-13.30.21:785][  0]LogTemp: Display: Loaded TP LinuxNoEditorTargetPlatform
[2018.06.13-13.30.21:798][  0]LogTemp: Display: Loaded TP LinuxServerTargetPlatform
[2018.06.13-13.30.21:812][  0]LogTemp: Display: Loaded TP LinuxTargetPlatform
[2018.06.13-13.30.21:812][  0]LogTargetPlatformManager: Display: Building Assets For Windows
[2018.06.13-13.30.21:946][  0]LogXGEController: Cleaning working directory: C:/Users/Andrew/AppData/Local/Temp/UnrealXGEWorkingDir/
[2018.06.13-13.30.21:947][  0]LogXGEController: Cannot use XGE Controller as Incredibuild is not installed on this machine.
[2018.06.13-13.30.21:947][  0]LogShaderCompilers: Cannot use XGE Shader Compiler as Incredibuild is not installed on this machine.
[2018.06.13-13.30.21:947][  0]LogShaderCompilers: Display: Using Local Shader Compiler.
[2018.06.13-13.30.22:704][  0]LogDerivedDataCache: Display: Max Cache Size: 512 MB
[2018.06.13-13.30.22:789][  0]LogDerivedDataCache: Loaded boot cache 0.09s 74MB C:/Users/Andrew/AppData/Local/UnrealEngine/4.19/DerivedDataCache/Boot.ddc.
[2018.06.13-13.30.22:789][  0]LogDerivedDataCache: Display: Loaded Boot cache: C:/Users/Andrew/AppData/Local/UnrealEngine/4.19/DerivedDataCache/Boot.ddc
[2018.06.13-13.30.22:789][  0]LogDerivedDataCache: FDerivedDataBackendGraph:  Pak pak cache file ../../../../Repos/Project_Assemble/Project_Assemble/DerivedDataCache/DDC.ddp not found, will not use a pak cache.
[2018.06.13-13.30.22:789][  0]LogDerivedDataCache: Unable to find inner node Pak for hierarchical cache Hierarchy.
[2018.06.13-13.30.22:790][  0]LogDerivedDataCache: FDerivedDataBackendGraph:  CompressedPak pak cache file ../../../../Repos/Project_Assemble/Project_Assemble/DerivedDataCache/Compressed.ddp not found, will not use a pak cache.
[2018.06.13-13.30.22:790][  0]LogDerivedDataCache: Unable to find inner node CompressedPak for hierarchical cache Hierarchy.
[2018.06.13-13.30.22:806][  0]LogDerivedDataCache: Display: Pak cache opened for reading ../../../Engine/DerivedDataCache/Compressed.ddp.
[2018.06.13-13.30.22:819][  0]LogDerivedDataCache: Using Local data cache path C:/Users/Andrew/AppData/Local/UnrealEngine/Common/DerivedDataCache: Writable
[2018.06.13-13.30.22:819][  0]LogDerivedDataCache: Shared data cache path not found in *engine.ini, will not use an Shared cache.
[2018.06.13-13.30.22:819][  0]LogDerivedDataCache: Unable to find inner node Shared for hierarchical cache Hierarchy.
[2018.06.13-13.30.22:831][  0]LogMaterial: Verifying Global Shaders for PCD3D_SM5
[2018.06.13-13.30.22:831][  0]LogSlate: Using Freetype 2.6.0
[2018.06.13-13.30.22:833][  0]LogSlate: SlateFontCache - WITH_FREETYPE: 1, WITH_HARFBUZZ: 1
[2018.06.13-13.30.22:833][  0]LogSlate: SlateFontCache - WITH_FREETYPE: 1, WITH_HARFBUZZ: 1
[2018.06.13-13.30.22:995][  0]LogAssetRegistry: FAssetRegistry took 0.0263 seconds to start up
[2018.06.13-13.30.23:323][  0]LogInit: Selected Device Profile: [Windows]
[2018.06.13-13.30.23:485][  0]LogSimplygon: Simplygon DLL not present - disabling.
[2018.06.13-13.30.23:487][  0]LogMeshReduction: Using SimplygonSwarm for distributed automatic mesh merging
[2018.06.13-13.30.23:487][  0]LogMeshReduction: Using QuadricMeshReduction for automatic static mesh reduction
[2018.06.13-13.30.23:487][  0]LogMeshReduction: No automatic skeletal mesh reduction module available
[2018.06.13-13.30.23:487][  0]LogMeshReduction: No automatic mesh merging module available
[2018.06.13-13.30.23:487][  0]LogMeshMerging: No automatic mesh merging module available
[2018.06.13-13.30.23:525][  0]LogNetVersion: Project_Assemble , NetCL: 3944462, EngineNetVer: 2, GameNetVer: 0 (Checksum: 342368450)
[2018.06.13-13.30.24:029][  0]LogPackageLocalizationCache: Processed 9 localized package path(s) for 2 prioritized culture(s) in 0.093809 seconds
[2018.06.13-13.30.24:037][  0]LogUObjectArray: 36728 objects as part of root set at end of initial load.
[2018.06.13-13.30.24:037][  0]LogUObjectAllocator: 7314312 out of 0 bytes used by permanent object pool.
[2018.06.13-13.30.24:037][  0]LogUObjectArray: CloseDisregardForGC: 0/0 objects in disregard for GC pool
[2018.06.13-13.30.26:170][  0]LogTcpMessaging: Initializing TcpMessaging bridge
[2018.06.13-13.30.26:208][  0]LogUdpMessaging: Initializing bridge on interface 0.0.0.0:0 to multicast group 230.0.0.1:6666.
[2018.06.13-13.30.26:717][  0]SourceControl: Source control is disabled
[2018.06.13-13.30.26:717][  0]SourceControl: Source control is disabled
[2018.06.13-13.30.26:743][  0]SourceControl: Source control is disabled
[2018.06.13-13.30.26:768][  0]SourceControl: Source control is disabled
[2018.06.13-13.30.27:595][  0]LogAndroidPermission: UAndroidPermissionCallbackProxy::GetInstance
[2018.06.13-13.30.27:841][  0]LogOcInput: OculusInput pre-init called
[2018.06.13-13.30.27:991][  0]LogEngine: Initializing Engine...
[2018.06.13-13.30.27:992][  0]LogHMD: Failed to initialize OpenVR with code 110
[2018.06.13-13.30.27:994][  0]LogStats: UGameplayTagsManager::ConstructGameplayTagTree: Construct from data asset -  0.000 s
[2018.06.13-13.30.27:994][  0]LogStats: UGameplayTagsManager::ConstructGameplayTagTree: GameplayTagTreeChangedEvent.Broadcast -  0.000 s
[2018.06.13-13.30.28:334][  0]LogAIModule: Creating AISystem for world Untitled
[2018.06.13-13.30.28:345][  0]LogInit: XAudio2 using 'Speakers (Realtek High Definition Audio)' : 6 channels at 48 kHz using 32 bits per sample (channel mask 0x3f)
[2018.06.13-13.30.28:684][  0]LogInit: FAudioDevice initialized.
[2018.06.13-13.30.28:768][  0]LogDerivedDataCache: Saved boot cache 0.08s 74MB C:/Users/Andrew/AppData/Local/UnrealEngine/4.19/DerivedDataCache/Boot.ddc.
[2018.06.13-13.30.28:786][  0]LogInit: Texture streaming: Enabled
[2018.06.13-13.30.28:805][  0]LogEngineSessionManager: EngineSessionManager initialized
[2018.06.13-13.30.28:806][  0]LogEngineSessionManager: EngineSessionManager sent abnormal shutdown report. Type=Crashed, SessionId={F9341872-466E-9221-6EB7-F28A85E50CF4}
[2018.06.13-13.30.28:818][  0]LogInit: Transaction tracking system initialized
[2018.06.13-13.30.28:841][  0]BlueprintLog: New page: Editor Load
[2018.06.13-13.30.28:913][  0]LocalizationService: Localization service is disabled
[2018.06.13-13.30.29:031][  0]LogConsoleResponse: Display: 
[2018.06.13-13.30.29:197][  0]LogCook: Display: Max memory allowance for cook 16384mb min free memory 0mb
[2018.06.13-13.30.29:198][  0]LogCook: Display: Mobile HDR setting 1
[2018.06.13-13.30.29:198][  0]LogGameplayTags: Display: UGameplayTagsManager::DoneAddingNativeTags. DelegateIsBound: 0
[2018.06.13-13.30.29:198][  0]LogStats: UGameplayTagsManager::ConstructGameplayTagTree: Construct from data asset -  0.000 s
[2018.06.13-13.30.29:198][  0]LogStats: UGameplayTagsManager::ConstructGameplayTagTree: GameplayTagTreeChangedEvent.Broadcast -  0.000 s
[2018.06.13-13.30.29:456][  0]LogFileCache: Scanning file cache for directory 'D:/Repos/Project_Assemble/Project_Assemble/Content/' took 0.02s
[2018.06.13-13.30.29:702][  0]SourceControl: Source control is disabled
[2018.06.13-13.30.29:702][  0]Cmd: MAP LOAD FILE="../../../../Repos/Project_Assemble/Project_Assemble/Content/ThirdPersonBP/Maps/ThirdPersonExampleMap.umap" TEMPLATE=0 SHOWPROGRESS=1 FEATURELEVEL=3
[2018.06.13-13.30.29:703][  0]LightingResults: New page: Lighting Build
[2018.06.13-13.30.29:705][  0]MapCheck: New page: Map Check
[2018.06.13-13.30.29:705][  0]LightingResults: New page: Lighting Build
[2018.06.13-13.30.29:816][  0]LogUObjectGlobals: Created PersistentFrame Addr=0x0000021c8f5e2b90, Size=20, Default__MultiplayerCamera_C Function /Game/ThirdPersonBP/Blueprints/CameraBP/MultiplayerCamera.MultiplayerCamera_C:ExecuteUbergraph_MultiplayerCamera
[2018.06.13-13.30.29:817][  0]LogUObjectGlobals: Created PersistentFrame Addr=0x0000021c8f62fa40, Size=16, Default__Arena_C Function /Game/ThirdPersonBP/Blueprints/GameModes/Arena.Arena_C:ExecuteUbergraph_Arena
[2018.06.13-13.30.29:845][  0]LogUObjectGlobals: Created PersistentFrame Addr=0x0000021c8f2bc400, Size=64, Default__ThirdPerson_AnimBP_C Function /Game/Mannequin/Animations/ThirdPerson_AnimBP.ThirdPerson_AnimBP_C:ExecuteUbergraph_ThirdPerson_AnimBP
[2018.06.13-13.30.29:856][  0]LogUObjectGlobals: Created PersistentFrame Addr=0x0000021c91161f00, Size=352, Default__ArenaCharacter_C Function /Game/ThirdPersonBP/Blueprints/PlayerBP/ArenaCharacter.ArenaCharacter_C:ExecuteUbergraph_ArenaCharacter
[2018.06.13-13.30.29:857][  0]LogUObjectGlobals: Created PersistentFrame Addr=0x0000021c8f5d79e0, Size=216, Default__Projectile_C Function /Game/ThirdPersonBP/Blueprints/PlayerBP/Projectile.Projectile_C:ExecuteUbergraph_Projectile
[2018.06.13-13.30.29:913][  0]LogUObjectGlobals: Created PersistentFrame Addr=0x0000021c8fa2fe60, Size=16, Default__Weapon_C Function /Game/ThirdPersonBP/Blueprints/PlayerBP/Weapon.Weapon_C:ExecuteUbergraph_Weapon
[2018.06.13-13.30.29:928][  0]LogUObjectGlobals: Created PersistentFrame Addr=0x0000021ca9b50a78, Size=8, Default__ArenaPlayerController_C Function /Game/ThirdPersonBP/Blueprints/PlayerBP/Controllers/ArenaPlayerController.ArenaPlayerController_C:ExecuteUbergraph_ArenaPlayerController
[2018.06.13-13.30.29:937][  0]LogUObjectGlobals: Created PersistentFrame Addr=0x0000021c8fa2d7d0, Size=16, Default__W_BurstRifle_C Function /Game/ThirdPersonBP/Blueprints/PlayerBP/Weapon.Weapon_C:ExecuteUbergraph_Weapon
[2018.06.13-13.30.29:979][  0]LogUObjectGlobals: Destroyed PersistentFrame Addr=0x0000021c8f5e2b90, Size=20
[2018.06.13-13.30.29:979][  0]LogUObjectGlobals: Created PersistentFrame Addr=0x0000021c93a07640, Size=20, Default__MultiplayerCamera_C Function /Engine/Transient.REINST_MultiplayerCamera_C_5:ExecuteUbergraph_MultiplayerCamera
[2018.06.13-13.30.29:980][  0]LogUObjectGlobals: Destroyed PersistentFrame Addr=0x0000021c8f5d79e0, Size=216
[2018.06.13-13.30.29:980][  0]LogUObjectGlobals: Created PersistentFrame Addr=0x0000021c939b3820, Size=216, Default__Projectile_C Function /Engine/Transient.REINST_Projectile_C_6:ExecuteUbergraph_Projectile
[2018.06.13-13.30.29:980][  0]LogUObjectGlobals: Destroyed PersistentFrame Addr=0x0000021c8f2bc400, Size=64
[2018.06.13-13.30.29:980][  0]LogUObjectGlobals: Created PersistentFrame Addr=0x0000021c93aa1740, Size=64, Default__ThirdPerson_AnimBP_C Function /Engine/Transient.REINST_ThirdPerson_AnimBP_C_0:ExecuteUbergraph_ThirdPerson_AnimBP
[2018.06.13-13.30.29:980][  0]LogUObjectGlobals: Destroyed PersistentFrame Addr=0x0000021c8fa2fe60, Size=16
[2018.06.13-13.30.29:980][  0]LogUObjectGlobals: Created PersistentFrame Addr=0x0000021c93ae1aa0, Size=16, Default__Weapon_C Function /Engine/Transient.REINST_Weapon_C_7:ExecuteUbergraph_Weapon
[2018.06.13-13.30.29:981][  0]LogUObjectGlobals: Destroyed PersistentFrame Addr=0x0000021c8fa2d7d0, Size=16
[2018.06.13-13.30.29:981][  0]LogUObjectGlobals: Created PersistentFrame Addr=0x0000021c93ae1a50, Size=16, Default__W_BurstRifle_C Function /Engine/Transient.REINST_Weapon_C_7:ExecuteUbergraph_Weapon
[2018.06.13-13.30.29:981][  0]LogUObjectGlobals: Destroyed PersistentFrame Addr=0x0000021c8f62fa40, Size=16
[2018.06.13-13.30.29:981][  0]LogUObjectGlobals: Created PersistentFrame Addr=0x0000021c93ae1990, Size=16, Default__Arena_C Function /Engine/Transient.REINST_Arena_C_10:ExecuteUbergraph_Arena
[2018.06.13-13.30.29:982][  0]LogUObjectGlobals: Destroyed PersistentFrame Addr=0x0000021c91161f00, Size=352
[2018.06.13-13.30.29:982][  0]LogUObjectGlobals: Created PersistentFrame Addr=0x0000021c9398ee00, Size=352, Default__ArenaCharacter_C Function /Engine/Transient.REINST_ArenaCharacter_C_11:ExecuteUbergraph_ArenaCharacter
[2018.06.13-13.30.29:982][  0]LogUObjectGlobals: Destroyed PersistentFrame Addr=0x0000021ca9b50a78, Size=8
[2018.06.13-13.30.29:982][  0]LogUObjectGlobals: Created PersistentFrame Addr=0x0000021c93a87170, Size=8, Default__ArenaPlayerController_C Function /Engine/Transient.REINST_ArenaPlayerController_C_12:ExecuteUbergraph_ArenaPlayerController
[2018.06.13-13.30.30:029][  0]LogUObjectGlobals: Created PersistentFrame Addr=0x0000021c9021aaa0, Size=20, Default__MultiplayerCamera_C Function /Game/ThirdPersonBP/Blueprints/CameraBP/MultiplayerCamera.MultiplayerCamera_C:ExecuteUbergraph_MultiplayerCamera
[2018.06.13-13.30.30:031][  0]LogUObjectGlobals: Created PersistentFrame Addr=0x0000021c901c16e0, Size=216, Default__Projectile_C Function /Game/ThirdPersonBP/Blueprints/PlayerBP/Projectile.Projectile_C:ExecuteUbergraph_Projectile
[2018.06.13-13.30.30:032][  0]LogUObjectGlobals: Created PersistentFrame Addr=0x0000021c901434c0, Size=72, Default__ThirdPerson_AnimBP_C Function /Game/Mannequin/Animations/ThirdPerson_AnimBP.ThirdPerson_AnimBP_C:ExecuteUbergraph_ThirdPerson_AnimBP
[2018.06.13-13.30.30:033][  0]LogUObjectGlobals: Created PersistentFrame Addr=0x0000021c90202910, Size=16, Default__Weapon_C Function /Game/ThirdPersonBP/Blueprints/PlayerBP/Weapon.Weapon_C:ExecuteUbergraph_Weapon
[2018.06.13-13.30.30:036][  0]LogUObjectGlobals: Created PersistentFrame Addr=0x0000021c90202240, Size=16, Default__W_BurstRifle_C Function /Game/ThirdPersonBP/Blueprints/PlayerBP/Weapon.Weapon_C:ExecuteUbergraph_Weapon
[2018.06.13-13.30.30:038][  0]LogUObjectGlobals: Created PersistentFrame Addr=0x0000021c90202430, Size=16, Default__Arena_C Function /Game/ThirdPersonBP/Blueprints/GameModes/Arena.Arena_C:ExecuteUbergraph_Arena
[2018.06.13-13.30.30:041][  0]LogUObjectGlobals: Created PersistentFrame Addr=0x0000021c90105a80, Size=352, Default__ArenaCharacter_C Function /Game/ThirdPersonBP/Blueprints/PlayerBP/ArenaCharacter.ArenaCharacter_C:ExecuteUbergraph_ArenaCharacter
[2018.06.13-13.30.30:044][  0]LogUObjectGlobals: Created PersistentFrame Addr=0x0000021c93a84938, Size=8, Default__ArenaPlayerController_C Function /Game/ThirdPersonBP/Blueprints/PlayerBP/Controllers/ArenaPlayerController.ArenaPlayerController_C:ExecuteUbergraph_ArenaPlayerController
[2018.06.13-13.30.30:090][  0]LogUObjectGlobals: Created PersistentFrame Addr=0x0000021c9009e920, Size=32, Default__ThirdPersonExampleMap_C Function /Game/ThirdPersonBP/Maps/ThirdPersonExampleMap.ThirdPersonExampleMap_C:ExecuteUbergraph_ThirdPersonExampleMap
[2018.06.13-13.30.30:091][  0]LogUObjectGlobals: Destroyed PersistentFrame Addr=0x0000021c9009e920, Size=32
[2018.06.13-13.30.30:091][  0]LogUObjectGlobals: Created PersistentFrame Addr=0x0000021c9009e920, Size=32, Default__ThirdPersonExampleMap_C Function /Engine/Transient.REINST_ThirdPersonExampleMap_C_22:ExecuteUbergraph_ThirdPersonExampleMap
[2018.06.13-13.30.30:092][  0]LogUObjectGlobals: Created PersistentFrame Addr=0x0000021c9009f580, Size=32, Default__ThirdPersonExampleMap_C Function /Game/ThirdPersonBP/Maps/ThirdPersonExampleMap.ThirdPersonExampleMap_C:ExecuteUbergraph_ThirdPersonExampleMap
[2018.06.13-13.30.30:189][  0]LogSkeletalMesh: Skeletal Mesh found in DDC [12.881230ms] /Game/Mannequin/Character/Mesh/SK_Mannequin.SK_Mannequin
[2018.06.13-13.30.30:472][  0]LogAIModule: Creating AISystem for world ThirdPersonExampleMap
[2018.06.13-13.30.30:481][  0]LogEditorServer: Finished looking for orphan Actors (0.000 secs)
[2018.06.13-13.30.30:498][  0]LogUObjectGlobals: Destroyed PersistentFrame Addr=0x0000021c93a07640, Size=20
[2018.06.13-13.30.30:498][  0]LogUObjectGlobals: Destroyed PersistentFrame Addr=0x0000021c93ae1990, Size=16
[2018.06.13-13.30.30:498][  0]LogUObjectGlobals: Destroyed PersistentFrame Addr=0x0000021c93aa1740, Size=64
[2018.06.13-13.30.30:498][  0]LogUObjectGlobals: Destroyed PersistentFrame Addr=0x0000021c9398ee00, Size=352
[2018.06.13-13.30.30:498][  0]LogUObjectGlobals: Destroyed PersistentFrame Addr=0x0000021c939b3820, Size=216
[2018.06.13-13.30.30:498][  0]LogUObjectGlobals: Destroyed PersistentFrame Addr=0x0000021c93ae1aa0, Size=16
[2018.06.13-13.30.30:499][  0]LogUObjectGlobals: Destroyed PersistentFrame Addr=0x0000021c93a87170, Size=8
[2018.06.13-13.30.30:499][  0]LogUObjectGlobals: Destroyed PersistentFrame Addr=0x0000021c93ae1a50, Size=16
[2018.06.13-13.30.30:499][  0]LogUObjectGlobals: Destroyed PersistentFrame Addr=0x0000021c9009e920, Size=32
[2018.06.13-13.30.30:500][  0]Cmd: MAP CHECKDEP NOCLEARLOG
[2018.06.13-13.30.30:571][  0]MapCheck: Map check complete: 0 Error(s), 0 Warning(s), took 71.351ms to complete.
[2018.06.13-13.30.30:571][  0]LogFileHelpers: Loading map 'ThirdPersonExampleMap' took 0.869
[2018.06.13-13.30.30:701][  0]LogCollectionManager: Loaded 0 collections in 0.001134 seconds
[2018.06.13-13.30.30:746][  0]LogFileCache: Scanning file cache for directory 'D:/Repos/Project_Assemble/Project_Assemble/Saved/Collections/' took 0.01s
[2018.06.13-13.30.30:746][  0]LogFileCache: Scanning file cache for directory 'D:/Repos/Project_Assemble/Project_Assemble/Content/Developers/Andrew/Collections/' took 0.01s
[2018.06.13-13.30.30:746][  0]LogFileCache: Scanning file cache for directory 'D:/Repos/Project_Assemble/Project_Assemble/Content/Collections/' took 0.01s
[2018.06.13-13.30.30:746][  0]LogCollectionManager: Rebuilt the GUID cache for 0 collections in 0.000000 seconds
[2018.06.13-13.30.30:755][  0]LogContentBrowser: Native class hierarchy populated in 0.0092 seconds. Added 2452 classes and 558 folders.
[2018.06.13-13.30.30:761][  0]LogContentBrowser: Native class hierarchy updated for 'WidgetCarousel' in 0.0002 seconds. Added 0 classes and 0 folders.
[2018.06.13-13.30.30:831][  0]LogContentBrowser: Native class hierarchy updated for 'AddContentDialog' in 0.0002 seconds. Added 0 classes and 0 folders.
[2018.06.13-13.30.30:838][  0]LogContentBrowser: Native class hierarchy updated for 'SceneOutliner' in 0.0003 seconds. Added 1 classes and 2 folders.
[2018.06.13-13.30.30:854][  0]LogSlate: Took 0.000252 seconds to synchronously load lazily loaded font '../../../Engine/Content/Slate/Fonts/Roboto-Regular.ttf' (155K)
[2018.06.13-13.30.30:857][  0]LogSlate: Took 0.000400 seconds to synchronously load lazily loaded font '../../../Engine/Content/Slate/Fonts/Roboto-Bold.ttf' (160K)
[2018.06.13-13.30.30:868][  0]LogSlate: Took 0.001458 seconds to synchronously load lazily loaded font '../../../Engine/Content/Editor/Slate/Fonts/FontAwesome.ttf' (139K)
[2018.06.13-13.30.30:972][  0]LogRenderer: Reallocating scene render targets to support 936x404 Format 10 NumSamples 1 (Frame:1).
[2018.06.13-13.30.31:234][  0]LogContentBrowser: Native class hierarchy updated for 'HierarchicalLODOutliner' in 0.0003 seconds. Added 0 classes and 0 folders.
[2018.06.13-13.30.31:234][  0]LogLoad: (Engine Initialization) Total time: 15.51 seconds
[2018.06.13-13.30.31:234][  0]LogLoad: (Engine Initialization) Total Blueprint compile time: 0.00 seconds
[2018.06.13-13.30.31:597][  0]LogContentStreaming: Texture pool size now 1000 MB
[2018.06.13-13.30.31:646][  0]LogSlate: Took 0.000521 seconds to synchronously load lazily loaded font '../../../Engine/Content/Slate/Fonts/Roboto-Light.ttf' (167K)
[2018.06.13-13.30.31:935][  1]LogAssetRegistry: Asset discovery search completed in 8.9620 seconds
[2018.06.13-13.30.31:937][  1]LogCollectionManager: Rebuilt the object cache for 0 collections in 0.000000 seconds (found 0 objects)
[2018.06.13-13.30.31:937][  1]LogCollectionManager: Fixed up redirectors for 0 collections in 0.000060 seconds (updated 0 objects)
[2018.06.13-13.30.32:576][  3]LogSlate: Took 0.000384 seconds to synchronously load lazily loaded font '../../../Engine/Content/Slate/Fonts/Roboto-Light.ttf' (167K)
[2018.06.13-13.30.56:099][189]LogSlate: FSceneViewport::OnFocusLost() reason 0
[2018.06.13-13.30.56:804][193]LogContentBrowser: Native class hierarchy updated for 'BlueprintGraph' in 0.0007 seconds. Added 116 classes and 0 folders.
[2018.06.13-13.30.57:132][193]LogUObjectGlobals: Created PersistentFrame Addr=0x0000021cc86d1de0, Size=4, Default__SKEL_PROTO_BP_AnimBlueprint_0_C Function /Engine/Transient.SKEL_PROTO_BP_AnimBlueprint_0_C:ExecuteUbergraph_PROTO_BP_AnimBlueprint_0
[2018.06.13-13.30.57:132][193]LogUObjectGlobals: Created PersistentFrame Addr=0x0000021cc86d1dd8, Size=4, Default__PROTO_BP_AnimBlueprint_0_C Function /Engine/Transient.PROTO_BP_AnimBlueprint_0_C:ExecuteUbergraph_PROTO_BP_AnimBlueprint_0
[2018.06.13-13.30.57:568][193]LogSlate: Took 0.000265 seconds to synchronously load lazily loaded font '../../../Engine/Content/Slate/Fonts/Roboto-BoldCondensed.ttf' (158K)
[2018.06.13-13.31.00:191][236]LogSlate: Took 0.000344 seconds to synchronously load lazily loaded font '../../../Engine/Content/Slate/Fonts/Roboto-Italic.ttf' (157K)
[2018.06.13-13.31.03:674][302]LogD3D11RHI: Error: Result failed 
 at D:\Build\++UE4+Release-4.19+Compile\Sync\Engine\Source\Runtime\Windows\D3D11RHI\Private\D3D11Query.cpp:140 
 with error DXGI_ERROR_DEVICE_REMOVED DXGI_ERROR_DEVICE_HUNG
[2018.06.13-13.31.03:674][302]LogWindows: Windows GetLastError: The operation completed successfully. (0)
[2018.06.13-13.31.04:721][302]LogWindows: Windows GetLastError: The operation completed successfully. (0)
[2018.06.13-13.31.04:721][302]LogWindows: Error: === Critical error: ===
[2018.06.13-13.31.04:721][302]LogWindows: Error: 
[2018.06.13-13.31.04:721][302]LogWindows: Error: Fatal error: [File:D:\Build\++UE4+Release-4.19+Compile\Sync\Engine\Source\Runtime\RenderCore\Private\RenderingThread.cpp] [Line: 819] 
[2018.06.13-13.31.04:721][302]LogWindows: Error: Rendering thread exception:
[2018.06.13-13.31.04:721][302]LogWindows: Error: Fatal error: [File:D:\Build\++UE4+Release-4.19+Compile\Sync\Engine\Source\Runtime\Windows\D3D11RHI\Private\D3D11Util.cpp] [Line: 182] 
[2018.06.13-13.31.04:721][302]LogWindows: Error: Unreal Engine is exiting due to D3D device being lost. (Error: 0x887A0006 - 'HUNG')
[2018.06.13-13.31.04:721][302]LogWindows: Error: 
[2018.06.13-13.31.04:721][302]LogWindows: Error: 
[2018.06.13-13.31.04:721][302]LogWindows: Error: [Callstack] 0x00000000860FA388 KERNELBASE.dll!UnknownFunction []
[2018.06.13-13.31.04:721][302]LogWindows: Error: [Callstack] 0x00000000699F7884 UE4Editor-ApplicationCore.dll!UnknownFunction []
[2018.06.13-13.31.04:721][302]LogWindows: Error: [Callstack] 0x000000002F1C6D9B UE4Editor-Core.dll!UnknownFunction []
[2018.06.13-13.31.04:721][302]LogWindows: Error: [Callstack] 0x000000002F101949 UE4Editor-Core.dll!UnknownFunction []
[2018.06.13-13.31.04:721][302]LogWindows: Error: [Callstack] 0x00000000242DA0CF UE4Editor-D3D11RHI.dll!UnknownFunction []
[2018.06.13-13.31.04:721][302]LogWindows: Error: [Callstack] 0x00000000242DE5E0 UE4Editor-D3D11RHI.dll!UnknownFunction []
[2018.06.13-13.31.04:721][302]LogWindows: Error: [Callstack] 0x00000000242B593D UE4Editor-D3D11RHI.dll!UnknownFunction []
[2018.06.13-13.31.04:721][302]LogWindows: Error: [Callstack] 0x00000000242CAC98 UE4Editor-D3D11RHI.dll!UnknownFunction []
[2018.06.13-13.31.04:721][302]LogWindows: Error: [Callstack] 0x000000005674F0B6 UE4Editor-RHI.dll!UnknownFunction []
[2018.06.13-13.31.04:721][302]LogWindows: Error: [Callstack] 0x00000000240A1FF8 UE4Editor-SlateRHIRenderer.dll!UnknownFunction []
[2018.06.13-13.31.04:721][302]LogWindows: Error: [Callstack] 0x00000000240A7C4C UE4Editor-SlateRHIRenderer.dll!UnknownFunction []
[2018.06.13-13.31.04:721][302]LogWindows: Error: [Callstack] 0x000000002EFDB713 UE4Editor-Core.dll!UnknownFunction []
[2018.06.13-13.31.04:721][302]LogWindows: Error: [Callstack] 0x000000002EFDBD3A UE4Editor-Core.dll!UnknownFunction []
[2018.06.13-13.31.04:721][302]LogWindows: Error: [Callstack] 0x0000000072A23CC9 UE4Editor-RenderCore.dll!UnknownFunction []
[2018.06.13-13.31.04:721][302]LogWindows: Error: [Callstack] 0x0000000072A24CF6 UE4Editor-RenderCore.dll!UnknownFunction []
[2018.06.13-13.31.04:721][302]LogWindows: Error: [Callstack] 0x000000002F3A9FFC UE4Editor-Core.dll!UnknownFunction []
[2018.06.13-13.31.04:721][302]LogWindows: Error: [Callstack] 0x000000002F39ED63 UE4Editor-Core.dll!UnknownFunction []
[2018.06.13-13.31.04:721][302]LogWindows: Error: [Callstack] 0x0000000087D93034 KERNEL32.DLL!UnknownFunction []
[2018.06.13-13.31.04:721][302]LogWindows: Error: [Callstack] 0x00000000899D1431 ntdll.dll!UnknownFunction []
[2018.06.13-13.31.04:721][302]LogWindows: Error: [Callstack] 0x00000000899D1431 ntdll.dll!UnknownFunction []
[2018.06.13-13.31.04:721][302]LogWindows: Error: 
[2018.06.13-13.31.04:721][302]LogWindows: Error: 
[2018.06.13-13.31.04:721][302]LogWindows: Error: 
[2018.06.13-13.31.04:721][302]LogWindows: Error: 
[2018.06.13-13.31.04:739][302]LogExit: Executing StaticShutdownAfterError
[2018.06.13-13.31.04:744][302]LogWindows: FPlatformMisc::RequestExit(1)
[2018.06.13-13.31.04:744][302]Log file closed, 06/13/18 09:31:04
