Log file open, 05/15/18 18:05:18
LogWindows: Failed to load 'aqProf.dll' (GetLastError=126)
LogWindows: File 'aqProf.dll' does not exist
LogWindows: Failed to load 'VtuneApi.dll' (GetLastError=126)
LogWindows: File 'VtuneApi.dll' does not exist
LogWindows: Failed to load 'VtuneApi32e.dll' (GetLastError=126)
LogWindows: File 'VtuneApi32e.dll' does not exist
LogInit: Display: Running engine for game: Project_Assemble
LogPlatformFile: Not using cached read wrapper
LogInit: Display: RandInit(-1673432164) SRandInit(-1673432164).
LogInit: Read version file with build ID '3944462'
LogInit: Overriding engine version to CL 3989454, compatible CL 3944462
LogInit: Registered custom module enumerator with build ID '3944462'
LogTaskGraph: Started task graph with 5 named threads and 14 total threads with 3 sets of task threads.
LogStats: Stats thread started at 0.163539
LogD3D11RHI: Aftermath initialized
LogICUInternationalization: Display: ICU TimeZone Detection - Raw Offset: -5:00, Platform Override: ''
LogModuleManager: Display: Found up-to-date module file ../../../Engine/Plugins/2D/Paper2D/Binaries/Win64/UE4Editor-Paper2D.dll (API version 3944462).
LogModuleManager: Display: Found up-to-date module file ../../../Engine/Plugins/2D/Paper2D/Binaries/Win64/UE4Editor-Paper2DEditor.dll (API version 3944462).
LogModuleManager: Display: Found up-to-date module file ../../../Engine/Plugins/2D/Paper2D/Binaries/Win64/UE4Editor-PaperSpriteSheetImporter.dll (API version 3944462).
LogModuleManager: Display: Found up-to-date module file ../../../Engine/Plugins/2D/Paper2D/Binaries/Win64/UE4Editor-PaperTiledImporter.dll (API version 3944462).
LogModuleManager: Display: Found up-to-date module file ../../../Engine/Plugins/2D/Paper2D/Binaries/Win64/UE4Editor-SmartSnapping.dll (API version 3944462).
LogModuleManager: Display: Found up-to-date module file ../../../Engine/Plugins/Blendables/LightPropagationVolume/Binaries/Win64/UE4Editor-LightPropagationVolumeRuntime.dll (API version 3944462).
LogModuleManager: Display: Found up-to-date module file ../../../Engine/Plugins/Blendables/LightPropagationVolume/Binaries/Win64/UE4Editor-LightPropagationVolumeEditor.dll (API version 3944462).
LogModuleManager: Display: Found up-to-date module file ../../../Engine/Plugins/Developer/CLionSourceCodeAccess/Binaries/Win64/UE4Editor-CLionSourceCodeAccess.dll (API version 3944462).
LogModuleManager: Display: Found up-to-date module file ../../../Engine/Plugins/Developer/GitSourceControl/Binaries/Win64/UE4Editor-GitSourceControl.dll (API version 3944462).
LogModuleManager: Display: Found up-to-date module file ../../../Engine/Plugins/Developer/PerforceSourceControl/Binaries/Win64/UE4Editor-PerforceSourceControl.dll (API version 3944462).
LogModuleManager: Display: Found up-to-date module file ../../../Engine/Plugins/Developer/SubversionSourceControl/Binaries/Win64/UE4Editor-SubversionSourceControl.dll (API version 3944462).
LogModuleManager: Display: Found up-to-date module file ../../../Engine/Plugins/Developer/UObjectPlugin/Binaries/Win64/UE4Editor-UObjectPlugin.dll (API version 3944462).
LogModuleManager: Display: Found up-to-date module file ../../../Engine/Plugins/Developer/VisualStudioCodeSourceCodeAccess/Binaries/Win64/UE4Editor-VisualStudioCodeSourceCodeAccess.dll (API version 3944462).
LogModuleManager: Display: Found up-to-date module file ../../../Engine/Plugins/Developer/VisualStudioSourceCodeAccess/Binaries/Win64/UE4Editor-VisualStudioSourceCodeAccess.dll (API version 3944462).
LogModuleManager: Display: Found up-to-date module file ../../../Engine/Plugins/Editor/AssetManagerEditor/Binaries/Win64/UE4Editor-AssetManagerEditor.dll (API version 3944462).
LogModuleManager: Display: Found up-to-date module file ../../../Engine/Plugins/Editor/CryptoKeys/Binaries/Win64/UE4Editor-CryptoKeys.dll (API version 3944462).
LogModuleManager: Display: Found up-to-date module file ../../../Engine/Plugins/Editor/CryptoKeys/Binaries/Win64/UE4Editor-CryptoKeysOpenSSL.dll (API version 3944462).
LogModuleManager: Display: Found up-to-date module file ../../../Engine/Plugins/Editor/DataValidation/Binaries/Win64/UE4Editor-DataValidation.dll (API version 3944462).
LogModuleManager: Display: Found up-to-date module file ../../../Engine/Plugins/Editor/FacialAnimation/Binaries/Win64/UE4Editor-FacialAnimation.dll (API version 3944462).
LogModuleManager: Display: Found up-to-date module file ../../../Engine/Plugins/Editor/FacialAnimation/Binaries/Win64/UE4Editor-FacialAnimationEditor.dll (API version 3944462).
LogModuleManager: Display: Found up-to-date module file ../../../Engine/Plugins/Editor/GameplayTagsEditor/Binaries/Win64/UE4Editor-GameplayTagsEditor.dll (API version 3944462).
LogModuleManager: Display: Found up-to-date module file ../../../Engine/Plugins/Editor/MobileLauncherProfileWizard/Binaries/Win64/UE4Editor-MobileLauncherProfileWizard.dll (API version 3944462).
LogModuleManager: Display: Found up-to-date module file ../../../Engine/Plugins/Editor/PluginBrowser/Binaries/Win64/UE4Editor-PluginBrowser.dll (API version 3944462).
LogModuleManager: Display: Found up-to-date module file ../../../Engine/Plugins/Editor/SpeedTreeImporter/Binaries/Win64/UE4Editor-SpeedTreeImporter.dll (API version 3944462).
LogModuleManager: Display: Found up-to-date module file ../../../Engine/Plugins/Enterprise/DatasmithContent/Binaries/Win64/UE4Editor-DatasmithContent.dll (API version 3944462).
LogModuleManager: Display: Found up-to-date module file ../../../Engine/Plugins/Experimental/AlembicImporter/Binaries/Win64/UE4Editor-AlembicImporter.dll (API version 3944462).
LogModuleManager: Display: Found up-to-date module file ../../../Engine/Plugins/Experimental/AlembicImporter/Binaries/Win64/UE4Editor-AlembicLibrary.dll (API version 3944462).
LogModuleManager: Display: Found up-to-date module file ../../../Engine/Plugins/Experimental/CharacterAI/Binaries/Win64/UE4Editor-CharacterAI.dll (API version 3944462).
LogModuleManager: Display: Found up-to-date module file ../../../Engine/Plugins/Experimental/HTML5Networking/Binaries/Win64/UE4Editor-HTML5Networking.dll (API version 3944462).
LogModuleManager: Display: Found up-to-date module file ../../../Engine/Plugins/Media/AndroidMedia/Binaries/Win64/UE4Editor-AndroidMediaEditor.dll (API version 3944462).
LogModuleManager: Display: Found up-to-date module file ../../../Engine/Plugins/Media/AndroidMedia/Binaries/Win64/UE4Editor-AndroidMediaFactory.dll (API version 3944462).
LogModuleManager: Display: Found up-to-date module file ../../../Engine/Plugins/Media/AvfMedia/Binaries/Win64/UE4Editor-AvfMediaEditor.dll (API version 3944462).
LogModuleManager: Display: Found up-to-date module file ../../../Engine/Plugins/Media/AvfMedia/Binaries/Win64/UE4Editor-AvfMediaFactory.dll (API version 3944462).
LogModuleManager: Display: Found up-to-date module file ../../../Engine/Plugins/Media/AvfMedia/Binaries/Win64/UE4Editor-AvfMediaFactory.dll (API version 3944462).
LogModuleManager: Display: Found up-to-date module file ../../../Engine/Plugins/Media/ImgMedia/Binaries/Win64/UE4Editor-ImgMedia.dll (API version 3944462).
LogModuleManager: Display: Found up-to-date module file ../../../Engine/Plugins/Media/ImgMedia/Binaries/Win64/UE4Editor-ImgMediaEditor.dll (API version 3944462).
LogModuleManager: Display: Found up-to-date module file ../../../Engine/Plugins/Media/ImgMedia/Binaries/Win64/UE4Editor-ImgMediaFactory.dll (API version 3944462).
LogModuleManager: Display: Found up-to-date module file ../../../Engine/Plugins/Media/ImgMedia/Binaries/Win64/UE4Editor-ImgMediaFactory.dll (API version 3944462).
LogModuleManager: Display: Found up-to-date module file ../../../Engine/Plugins/Media/ImgMedia/Binaries/Win64/UE4Editor-OpenExrWrapper.dll (API version 3944462).
LogModuleManager: Display: Found up-to-date module file ../../../Engine/Plugins/Media/LinearTimecode/Binaries/Win64/UE4Editor-LinearTimecode.dll (API version 3944462).
LogModuleManager: Display: Found up-to-date module file ../../../Engine/Plugins/Media/MediaCompositing/Binaries/Win64/UE4Editor-MediaCompositing.dll (API version 3944462).
LogModuleManager: Display: Found up-to-date module file ../../../Engine/Plugins/Media/MediaCompositing/Binaries/Win64/UE4Editor-MediaCompositingEditor.dll (API version 3944462).
LogModuleManager: Display: Found up-to-date module file ../../../Engine/Plugins/Media/MediaPlayerEditor/Binaries/Win64/UE4Editor-MediaPlayerEditor.dll (API version 3944462).
LogModuleManager: Display: Found up-to-date module file ../../../Engine/Plugins/Media/WmfMedia/Binaries/Win64/UE4Editor-WmfMedia.dll (API version 3944462).
LogModuleManager: Display: Found up-to-date module file ../../../Engine/Plugins/Media/WmfMedia/Binaries/Win64/UE4Editor-WmfMediaEditor.dll (API version 3944462).
LogModuleManager: Display: Found up-to-date module file ../../../Engine/Plugins/Media/WmfMedia/Binaries/Win64/UE4Editor-WmfMediaFactory.dll (API version 3944462).
LogModuleManager: Display: Found up-to-date module file ../../../Engine/Plugins/Media/WmfMedia/Binaries/Win64/UE4Editor-WmfMediaFactory.dll (API version 3944462).
LogModuleManager: Display: Found up-to-date module file ../../../Engine/Plugins/Messaging/TcpMessaging/Binaries/Win64/UE4Editor-TcpMessaging.dll (API version 3944462).
LogModuleManager: Display: Found up-to-date module file ../../../Engine/Plugins/Messaging/UdpMessaging/Binaries/Win64/UE4Editor-UdpMessaging.dll (API version 3944462).
LogModuleManager: Display: Found up-to-date module file ../../../Engine/Plugins/MovieScene/ActorSequence/Binaries/Win64/UE4Editor-ActorSequence.dll (API version 3944462).
LogModuleManager: Display: Found up-to-date module file ../../../Engine/Plugins/MovieScene/LevelSequenceEditor/Binaries/Win64/UE4Editor-LevelSequenceEditor.dll (API version 3944462).
LogModuleManager: Display: Found up-to-date module file ../../../Engine/Plugins/MovieScene/MatineeToLevelSequence/Binaries/Win64/UE4Editor-MatineeToLevelSequence.dll (API version 3944462).
LogModuleManager: Display: Found up-to-date module file ../../../Engine/Plugins/NetcodeUnitTest/NetcodeUnitTest/Binaries/Win64/UE4Editor-NetcodeUnitTest.dll (API version 3944462).
LogModuleManager: Display: Found up-to-date module file ../../../Engine/Plugins/NetcodeUnitTest/NUTUnrealEngine4/Binaries/Win64/UE4Editor-NUTUnrealEngine4.dll (API version 3944462).
LogModuleManager: Display: Found up-to-date module file ../../../Engine/Plugins/Online/OnlineSubsystem/Binaries/Win64/UE4Editor-OnlineSubsystem.dll (API version 3944462).
LogModuleManager: Display: Found up-to-date module file ../../../Engine/Plugins/Runtime/AndroidPermission/Binaries/Win64/UE4Editor-AndroidPermission.dll (API version 3944462).
LogModuleManager: Display: Found up-to-date module file ../../../Engine/Plugins/Online/OnlineSubsystemNull/Binaries/Win64/UE4Editor-OnlineSubsystemNull.dll (API version 3944462).
LogModuleManager: Display: Found up-to-date module file ../../../Engine/Plugins/Online/OnlineSubsystemUtils/Binaries/Win64/UE4Editor-OnlineSubsystemUtils.dll (API version 3944462).
LogModuleManager: Display: Found up-to-date module file ../../../Engine/Plugins/Online/OnlineSubsystemUtils/Binaries/Win64/UE4Editor-OnlineBlueprintSupport.dll (API version 3944462).
LogModuleManager: Display: Found up-to-date module file ../../../Engine/Plugins/Runtime/AndroidDeviceProfileSelector/Binaries/Win64/UE4Editor-AndroidDeviceProfileSelector.dll (API version 3944462).
LogModuleManager: Display: Found up-to-date module file ../../../Engine/Plugins/Runtime/AppleARKit/Binaries/Win64/UE4Editor-AppleARKit.dll (API version 3944462).
LogModuleManager: Display: Found up-to-date module file ../../../Engine/Plugins/Runtime/ProceduralMeshComponent/Binaries/Win64/UE4Editor-ProceduralMeshComponent.dll (API version 3944462).
LogModuleManager: Display: Found up-to-date module file ../../../Engine/Plugins/Runtime/ProceduralMeshComponent/Binaries/Win64/UE4Editor-ProceduralMeshComponentEditor.dll (API version 3944462).
LogModuleManager: Display: Found up-to-date module file ../../../Engine/Plugins/Animation/LiveLink/Binaries/Win64/UE4Editor-LiveLink.dll (API version 3944462).
LogModuleManager: Display: Found up-to-date module file ../../../Engine/Plugins/Animation/LiveLink/Binaries/Win64/UE4Editor-LiveLinkEditor.dll (API version 3944462).
LogModuleManager: Display: Found up-to-date module file ../../../Engine/Plugins/Runtime/ArchVisCharacter/Binaries/Win64/UE4Editor-ArchVisCharacter.dll (API version 3944462).
LogModuleManager: Display: Found up-to-date module file ../../../Engine/Plugins/Runtime/AudioCapture/Binaries/Win64/UE4Editor-AudioCapture.dll (API version 3944462).
LogModuleManager: Display: Found up-to-date module file ../../../Engine/Plugins/Runtime/AudioCapture/Binaries/Win64/UE4Editor-AudioCaptureEditor.dll (API version 3944462).
LogModuleManager: Display: Found up-to-date module file ../../../Engine/Plugins/Runtime/CableComponent/Binaries/Win64/UE4Editor-CableComponent.dll (API version 3944462).
LogModuleManager: Display: Found up-to-date module file ../../../Engine/Plugins/Runtime/CustomMeshComponent/Binaries/Win64/UE4Editor-CustomMeshComponent.dll (API version 3944462).
LogModuleManager: Display: Found up-to-date module file ../../../Engine/Plugins/Runtime/ExampleDeviceProfileSelector/Binaries/Win64/UE4Editor-ExampleDeviceProfileSelector.dll (API version 3944462).
LogModuleManager: Display: Found up-to-date module file ../../../Engine/Plugins/Runtime/ImmediatePhysics/Binaries/Win64/UE4Editor-ImmediatePhysics.dll (API version 3944462).
LogModuleManager: Display: Found up-to-date module file ../../../Engine/Plugins/Runtime/ImmediatePhysics/Binaries/Win64/UE4Editor-ImmediatePhysicsEditor.dll (API version 3944462).
LogModuleManager: Display: Found up-to-date module file ../../../Engine/Plugins/Runtime/LocationServicesBPLibrary/Binaries/Win64/UE4Editor-LocationServicesBPLibrary.dll (API version 3944462).
LogModuleManager: Display: Found up-to-date module file ../../../Engine/Plugins/Runtime/MobilePatchingUtils/Binaries/Win64/UE4Editor-MobilePatchingUtils.dll (API version 3944462).
LogModuleManager: Display: Found up-to-date module file ../../../Engine/Plugins/Runtime/Oculus/OculusVR/Binaries/Win64/UE4Editor-OculusHMD.dll (API version 3944462).
LogModuleManager: Display: Found up-to-date module file ../../../Engine/Plugins/Runtime/Oculus/OculusVR/Binaries/Win64/UE4Editor-OculusInput.dll (API version 3944462).
LogModuleManager: Display: Found up-to-date module file ../../../Engine/Plugins/Runtime/Oculus/OculusVR/Binaries/Win64/UE4Editor-OculusEditor.dll (API version 3944462).
LogModuleManager: Display: Found up-to-date module file ../../../Engine/Plugins/Runtime/PhysXVehicles/Binaries/Win64/UE4Editor-PhysXVehicles.dll (API version 3944462).
LogModuleManager: Display: Found up-to-date module file ../../../Engine/Plugins/Runtime/PhysXVehicles/Binaries/Win64/UE4Editor-PhysXVehiclesEditor.dll (API version 3944462).
LogModuleManager: Display: Found up-to-date module file ../../../Engine/Plugins/Runtime/RuntimePhysXCooking/Binaries/Win64/UE4Editor-RuntimePhysXCooking.dll (API version 3944462).
LogModuleManager: Display: Found up-to-date module file ../../../Engine/Plugins/Runtime/Steam/SteamVR/Binaries/Win64/UE4Editor-SteamVR.dll (API version 3944462).
LogModuleManager: Display: Found up-to-date module file ../../../Engine/Plugins/Runtime/Steam/SteamVR/Binaries/Win64/UE4Editor-SteamVRController.dll (API version 3944462).
LogModuleManager: Display: Found up-to-date module file ../../../Engine/Plugins/Runtime/WindowsMoviePlayer/Binaries/Win64/UE4Editor-WindowsMoviePlayer.dll (API version 3944462).
LogPluginManager: Mounting plugin Paper2D
LogPluginManager: Mounting plugin LiveLink
LogPluginManager: Mounting plugin LightPropagationVolume
LogPluginManager: Mounting plugin CLionSourceCodeAccess
LogPluginManager: Mounting plugin CodeLiteSourceCodeAccess
LogPluginManager: Mounting plugin GitSourceControl
LogPluginManager: Mounting plugin KDevelopSourceCodeAccess
LogPluginManager: Mounting plugin NullSourceCodeAccess
LogPluginManager: Mounting plugin PerforceSourceControl
LogPluginManager: Mounting plugin SubversionSourceControl
LogPluginManager: Mounting plugin UObjectPlugin
LogPluginManager: Mounting plugin VisualStudioCodeSourceCodeAccess
LogPluginManager: Mounting plugin VisualStudioSourceCodeAccess
LogPluginManager: Mounting plugin XCodeSourceCodeAccess
LogPluginManager: Mounting plugin AssetManagerEditor
LogPluginManager: Mounting plugin CryptoKeys
LogPluginManager: Mounting plugin DataValidation
LogPluginManager: Mounting plugin FacialAnimation
LogPluginManager: Mounting plugin GameplayTagsEditor
LogPluginManager: Mounting plugin MobileLauncherProfileWizard
LogPluginManager: Mounting plugin PluginBrowser
LogPluginManager: Mounting plugin SpeedTreeImporter
LogPluginManager: Mounting plugin DatasmithContent
LogPluginManager: Mounting plugin AlembicImporter
LogPluginManager: Mounting plugin CharacterAI
LogPluginManager: Mounting plugin HTML5Networking
LogPluginManager: Mounting plugin AndroidMedia
LogPluginManager: Mounting plugin AvfMedia
LogPluginManager: Mounting plugin ImgMedia
LogPluginManager: Mounting plugin LinearTimecode
LogPluginManager: Mounting plugin MediaCompositing
LogPluginManager: Mounting plugin MediaPlayerEditor
LogPluginManager: Mounting plugin WmfMedia
LogPluginManager: Mounting plugin TcpMessaging
LogPluginManager: Mounting plugin UdpMessaging
LogPluginManager: Mounting plugin ActorSequence
LogPluginManager: Mounting plugin LevelSequenceEditor
LogPluginManager: Mounting plugin MatineeToLevelSequence
LogPluginManager: Mounting plugin NetcodeUnitTest
LogPluginManager: Mounting plugin NUTUnrealEngine4
LogPluginManager: Mounting plugin OnlineSubsystemGooglePlay
LogPluginManager: Mounting plugin OnlineSubsystemIOS
LogPluginManager: Mounting plugin OnlineSubsystem
LogPluginManager: Mounting plugin OnlineSubsystemNull
LogPluginManager: Mounting plugin OnlineSubsystemUtils
LogPluginManager: Mounting plugin AndroidDeviceProfileSelector
LogPluginManager: Mounting plugin AndroidMoviePlayer
LogPluginManager: Mounting plugin AndroidPermission
LogPluginManager: Mounting plugin AppleARKit
LogPluginManager: Mounting plugin AppleMoviePlayer
LogPluginManager: Mounting plugin ArchVisCharacter
LogPluginManager: Mounting plugin AudioCapture
LogPluginManager: Mounting plugin CableComponent
LogPluginManager: Mounting plugin CustomMeshComponent
LogPluginManager: Mounting plugin ExampleDeviceProfileSelector
LogPluginManager: Mounting plugin GoogleCloudMessaging
LogPluginManager: Mounting plugin ImmediatePhysics
LogPluginManager: Mounting plugin IOSDeviceProfileSelector
LogPluginManager: Mounting plugin LinuxDeviceProfileSelector
LogPluginManager: Mounting plugin LocationServicesBPLibrary
LogPluginManager: Mounting plugin MobilePatchingUtils
LogPluginManager: Mounting plugin OculusVR
LogPluginManager: Plugin shader directory ../../../Engine/Plugins/Runtime/Oculus/OculusVR/Shaders found
LogPluginManager: Mapping shader source directory ../../../Engine/Plugins/Runtime/Oculus/OculusVR/Shaders to virtual directory /Plugin/OculusVR
LogPluginManager: Mounting plugin PhysXVehicles
LogPluginManager: Mounting plugin ProceduralMeshComponent
LogPluginManager: Mounting plugin RuntimePhysXCooking
LogPluginManager: Mounting plugin SteamVR
LogPluginManager: Mounting plugin WindowsMoviePlayer
LogStreaming: Display: Took  0.577s to configure plugins.
LogInit: Using libcurl 7.47.1
LogInit:  - built for x86_64-pc-win32
LogInit:  - supports SSL with OpenSSL/1.0.2g
LogInit:  - supports HTTP deflate (compression) using libz 1.2.8
LogInit:  - other features:
LogInit:      CURL_VERSION_SSL
LogInit:      CURL_VERSION_LIBZ
LogInit:      CURL_VERSION_IPV6
LogInit:      CURL_VERSION_ASYNCHDNS
LogInit:      CURL_VERSION_LARGEFILE
LogInit:      CURL_VERSION_IDN
LogInit:  CurlRequestOptions (configurable via config and command line):
LogInit:  - bVerifyPeer = false  - Libcurl will NOT verify peer certificate
LogInit:  - bUseHttpProxy = false  - Libcurl will NOT use HTTP proxy
LogInit:  - bDontReuseConnections = false  - Libcurl will reuse connections
LogInit:  - CertBundlePath = nullptr  - Libcurl will use whatever was configured at build time.
LogInit:  - MaxHostConnections = 16  - Libcurl will limit the number of connections to a host
LogInit:  - LocalHostAddr = Default
LogInit: WinSock: version 1.1 (2.2), MaxSocks=32767, MaxUdp=65467
LogInit: WinSock: I am DESKTOP-719UQTD (192.168.86.33:0)
LogInit: Build: ++UE4+Release-4.19-CL-3989454
LogInit: Engine Version: 4.19.1-3989454+++UE4+Release-4.19
LogInit: Compatible Engine Version: 4.19.0-3944462+++UE4+Release-4.19
LogInit: Net CL: 3944462
LogDevObjectVersion: Number of dev versions registered: 18
LogDevObjectVersion:   Dev-Blueprints (B0D832E4-1F89-4F0D-ACCF-7EB736FD4AA2): 10
LogDevObjectVersion:   Dev-Build (E1C64328-A22C-4D53-A36C-8E866417BD8C): 0
LogDevObjectVersion:   Dev-Core (375EC13C-06E4-48FB-B500-84F0262A717E): 2
LogDevObjectVersion:   Dev-Editor (E4B068ED-F494-42E9-A231-DA0B2E46BB41): 23
LogDevObjectVersion:   Dev-Framework (CFFC743F-43B0-4480-9391-14DF171D2073): 33
LogDevObjectVersion:   Dev-Mobile (B02B49B5-BB20-44E9-A304-32B752E40360): 2
LogDevObjectVersion:   Dev-Networking (A4E4105C-59A1-49B5-A7C5-40C4547EDFEE): 0
LogDevObjectVersion:   Dev-Online (39C831C9-5AE6-47DC-9A44-9C173E1C8E7C): 0
LogDevObjectVersion:   Dev-Physics (78F01B33-EBEA-4F98-B9B4-84EACCB95AA2): 0
LogDevObjectVersion:   Dev-Platform (6631380F-2D4D-43E0-8009-CF276956A95A): 0
LogDevObjectVersion:   Dev-Rendering (12F88B9F-8875-4AFC-A67C-D90C383ABD29): 25
LogDevObjectVersion:   Dev-Sequencer (7B5AE74C-D270-4C10-A958-57980B212A5A): 6
LogDevObjectVersion:   Dev-VR (D7296918-1DD6-4BDD-9DE2-64A83CC13884): 1
LogDevObjectVersion:   Dev-LoadTimes (C2A15278-BFE7-4AFE-6C17-90FF531DF755): 1
LogDevObjectVersion:   Private-Geometry (6EACA3D4-40EC-4CC1-B786-8BED09428FC5): 2
LogDevObjectVersion:   Dev-AnimPhys (29E575DD-E0A3-4627-9D10-D276232CDCEA): 16
LogDevObjectVersion:   Dev-ReflectionCapture (6B266CEC-1EC7-4B8F-A30B-E4D90942FC07): 1
LogDevObjectVersion:   Dev-Automation (0DF73D61-A23F-47EA-B727-89E90C41499A): 1
LogInit: Compiled (64-bit): Apr  6 2018 12:26:04
LogInit: Compiled with Visual C++: 19.00.24215.01
LogInit: Build Configuration: Development
LogInit: Branch Name: ++UE4+Release-4.19
LogInit: Command Line: -EpicPortal 
LogInit: Base Directory: D:/Unreal/UE_4.19/Engine/Binaries/Win64/
LogInit: Installed Engine Build: 1
LogStreaming: Display: Took  0.001s to delete old logs.
LogInit: Presizing for max 8388607 objects, including 0 objects not considered by GC, pre-allocating 0 bytes for permanent pool.
LogInit: Object subsystem initialized
[2018.05.15-22.05.19:575][  0]LogInit: Selected Device Profile: [Windows]
[2018.05.15-22.05.19:575][  0]LogInit: Applying CVar settings loaded from the selected device profile: [Windows]
[2018.05.15-22.05.19:588][  0]LogInit: Computer: DESKTOP-719UQTD
[2018.05.15-22.05.19:588][  0]LogInit: User: Joe
[2018.05.15-22.05.19:588][  0]LogInit: CPU Page size=4096, Cores=4
[2018.05.15-22.05.19:588][  0]LogInit: High frequency timer resolution =3.703125 MHz
[2018.05.15-22.05.19:588][  0]LogMemory: Memory total: Physical=15.9GB (16GB approx)
[2018.05.15-22.05.19:588][  0]LogMemory: Platform Memory Stats for Windows
[2018.05.15-22.05.19:588][  0]LogMemory: Process Physical Memory: 275.83 MB used, 275.83 MB peak
[2018.05.15-22.05.19:588][  0]LogMemory: Process Virtual Memory: 264.13 MB used, 264.13 MB peak
[2018.05.15-22.05.19:588][  0]LogMemory: Physical Memory: 11640.70 MB used,  4675.24 MB free, 16315.95 MB total
[2018.05.15-22.05.19:588][  0]LogMemory: Virtual Memory: 686.87 MB used,  4675.24 MB free, 134217728.00 MB total
[2018.05.15-22.05.19:603][  0]LogInit: Using OS detected language (en-US).
[2018.05.15-22.05.19:603][  0]LogInit: Using OS detected locale (en-US).
[2018.05.15-22.05.19:605][  0]LogTextLocalizationManager: No specific localization for 'en-US' exists, so the 'en' localization will be used.
[2018.05.15-22.05.19:988][  0]LogStreaming: Display: Took  0.386s to EndInitTextLocalization.
[2018.05.15-22.05.19:989][  0]LogInit: Setting process to per monitor DPI aware
[2018.05.15-22.05.20:035][  0]LogSlate: New Slate User Created.  User Index 0, Is Virtual User: 0
[2018.05.15-22.05.20:036][  0]LogSlate: Slate User Registered.  User Index 0, Is Virtual User: 0
[2018.05.15-22.05.20:194][  0]LogD3D11RHI: D3D11 adapters:
[2018.05.15-22.05.20:243][  0]LogD3D11RHI:    0. 'NVIDIA GeForce GTX 960' (Feature Level 11_0)
[2018.05.15-22.05.20:243][  0]LogD3D11RHI:       2016/0/8157 MB DedicatedVideo/DedicatedSystem/SharedSystem, Outputs:2, VendorId:0x10de
[2018.05.15-22.05.20:245][  0]LogD3D11RHI:    1. 'Microsoft Basic Render Driver' (Feature Level 11_0)
[2018.05.15-22.05.20:245][  0]LogD3D11RHI:       0/0/8157 MB DedicatedVideo/DedicatedSystem/SharedSystem, Outputs:0, VendorId:0x1414
[2018.05.15-22.05.20:245][  0]LogD3D11RHI: Chosen D3D11 Adapter: 0
[2018.05.15-22.05.20:255][  0]LogD3D11RHI: Creating new Direct3DDevice
[2018.05.15-22.05.20:255][  0]LogD3D11RHI:     GPU DeviceId: 0x1401 (for the marketing name, search the web for "GPU Device Id")
[2018.05.15-22.05.20:255][  0]LogWindows: EnumDisplayDevices:
[2018.05.15-22.05.20:255][  0]LogWindows:    0. 'NVIDIA GeForce GTX 960' (P:0 D:1)
[2018.05.15-22.05.20:255][  0]LogWindows:    1. 'NVIDIA GeForce GTX 960' (P:1 D:1)
[2018.05.15-22.05.20:255][  0]LogWindows:    2. 'NVIDIA GeForce GTX 960' (P:0 D:0)
[2018.05.15-22.05.20:255][  0]LogWindows:    3. 'NVIDIA GeForce GTX 960' (P:0 D:0)
[2018.05.15-22.05.20:255][  0]LogWindows: DebugString: GetVideoDriverDetailsInvalid PrimaryIsNotTheChoosenAdapter GetVideoDriverDetailsInvalid PrimaryIsNotTheChoosenAdapter GetVideoDriverDetailsInvalid PrimaryIsNotTheChoosenAdapter GetVideoDriverDetailsInvalid PrimaryIsNotTheChoosenAdapter FoundDriverCount:0 
[2018.05.15-22.05.20:255][  0]LogD3D11RHI:     Adapter Name: NVIDIA GeForce GTX 960
[2018.05.15-22.05.20:255][  0]LogD3D11RHI:   Driver Version: Unknown (internal:Unknown, unified:Unknown)
[2018.05.15-22.05.20:255][  0]LogD3D11RHI:      Driver Date: Unknown
[2018.05.15-22.05.20:255][  0]LogRHI: Texture pool is 1411 MB (70% of 2016 MB)
[2018.05.15-22.05.20:282][  0]LogD3D11RHI: [Aftermath] Aftermath enabled but failed to initialize
[2018.05.15-22.05.20:282][  0]LogD3D11RHI: [Aftermath] Aftermath enabled and primed
[2018.05.15-22.05.20:282][  0]LogD3D11RHI: Async texture creation enabled
[2018.05.15-22.05.20:330][  0]LogD3D11RHI: GPU Timing Frequency: 1000.000000 (Debug: 2 1)
[2018.05.15-22.05.20:378][  0]LogShaderCompilers: Guid format shader working directory is -10 characters bigger than the processId version (../../../../../Repos/Project_Assemble/Project_Assemble/Intermediate/Shaders/WorkingDirectory/7548/).
[2018.05.15-22.05.20:379][  0]LogShaderCompilers: Cleaned the shader compiler working directory 'C:/Users/Joe/AppData/Local/Temp/UnrealShaderWorkingDir/6A81E03C420BFA0F8C999EA93F550813/'.
[2018.05.15-22.05.20:626][  0]LogTemp: Display: Loaded TP AllDesktopTargetPlatform
[2018.05.15-22.05.20:636][  0]LogTemp: Display: Loaded TP MacClientTargetPlatform
[2018.05.15-22.05.20:646][  0]LogTemp: Display: Loaded TP MacNoEditorTargetPlatform
[2018.05.15-22.05.20:656][  0]LogTemp: Display: Loaded TP MacServerTargetPlatform
[2018.05.15-22.05.20:666][  0]LogTemp: Display: Loaded TP MacTargetPlatform
[2018.05.15-22.05.20:677][  0]LogTemp: Display: Loaded TP WindowsClientTargetPlatform
[2018.05.15-22.05.20:686][  0]LogTemp: Display: Loaded TP WindowsNoEditorTargetPlatform
[2018.05.15-22.05.20:697][  0]LogTemp: Display: Loaded TP WindowsServerTargetPlatform
[2018.05.15-22.05.20:702][  0]LogTemp: Display: Loaded TP WindowsTargetPlatform
[2018.05.15-22.05.20:711][  0]LogTemp: Display: Loaded TP Android_ASTCTargetPlatform
[2018.05.15-22.05.20:720][  0]LogTemp: Display: Loaded TP Android_ATCTargetPlatform
[2018.05.15-22.05.20:730][  0]LogTemp: Display: Loaded TP Android_DXTTargetPlatform
[2018.05.15-22.05.20:739][  0]LogTemp: Display: Loaded TP Android_ETC1aTargetPlatform
[2018.05.15-22.05.20:749][  0]LogTemp: Display: Loaded TP Android_ETC1TargetPlatform
[2018.05.15-22.05.20:758][  0]LogTemp: Display: Loaded TP Android_ETC2TargetPlatform
[2018.05.15-22.05.20:778][  0]LogTemp: Display: Loaded TP Android_MultiTargetPlatform
[2018.05.15-22.05.20:778][  0]LogTemp: Display: Loaded TP Android_PVRTCTargetPlatform
[2018.05.15-22.05.20:788][  0]LogTemp: Display: Loaded TP AndroidTargetPlatform
[2018.05.15-22.05.20:789][  0]LogTemp: Display: Loaded TP HTML5TargetPlatform
[2018.05.15-22.05.20:823][  0]LogTemp: Display: Loaded TP IOSTargetPlatform
[2018.05.15-22.05.20:833][  0]LogTemp: Display: Loaded TP TVOSTargetPlatform
[2018.05.15-22.05.20:843][  0]LogTemp: Display: Loaded TP LinuxClientTargetPlatform
[2018.05.15-22.05.20:852][  0]LogTemp: Display: Loaded TP LinuxNoEditorTargetPlatform
[2018.05.15-22.05.20:863][  0]LogTemp: Display: Loaded TP LinuxServerTargetPlatform
[2018.05.15-22.05.20:872][  0]LogTemp: Display: Loaded TP LinuxTargetPlatform
[2018.05.15-22.05.20:873][  0]LogTargetPlatformManager: Display: Building Assets For Windows
[2018.05.15-22.05.20:933][  0]LogXGEController: Cannot use XGE Controller as Incredibuild is not installed on this machine.
[2018.05.15-22.05.20:933][  0]LogShaderCompilers: Cannot use XGE Shader Compiler as Incredibuild is not installed on this machine.
[2018.05.15-22.05.20:933][  0]LogShaderCompilers: Display: Using Local Shader Compiler.
[2018.05.15-22.05.21:497][  0]LogDerivedDataCache: Display: Max Cache Size: 512 MB
[2018.05.15-22.05.21:586][  0]LogDerivedDataCache: Loaded boot cache 0.09s 74MB C:/Users/Joe/AppData/Local/UnrealEngine/4.19/DerivedDataCache/Boot.ddc.
[2018.05.15-22.05.21:586][  0]LogDerivedDataCache: Display: Loaded Boot cache: C:/Users/Joe/AppData/Local/UnrealEngine/4.19/DerivedDataCache/Boot.ddc
[2018.05.15-22.05.21:586][  0]LogDerivedDataCache: FDerivedDataBackendGraph:  Pak pak cache file ../../../../../Repos/Project_Assemble/Project_Assemble/DerivedDataCache/DDC.ddp not found, will not use a pak cache.
[2018.05.15-22.05.21:586][  0]LogDerivedDataCache: Unable to find inner node Pak for hierarchical cache Hierarchy.
[2018.05.15-22.05.21:586][  0]LogDerivedDataCache: FDerivedDataBackendGraph:  CompressedPak pak cache file ../../../../../Repos/Project_Assemble/Project_Assemble/DerivedDataCache/Compressed.ddp not found, will not use a pak cache.
[2018.05.15-22.05.21:586][  0]LogDerivedDataCache: Unable to find inner node CompressedPak for hierarchical cache Hierarchy.
[2018.05.15-22.05.21:599][  0]LogDerivedDataCache: Display: Pak cache opened for reading ../../../Engine/DerivedDataCache/Compressed.ddp.
[2018.05.15-22.05.21:611][  0]LogDerivedDataCache: Using Local data cache path C:/Users/Joe/AppData/Local/UnrealEngine/Common/DerivedDataCache: Writable
[2018.05.15-22.05.21:622][  0]LogMaterial: Verifying Global Shaders for PCD3D_SM5
[2018.05.15-22.05.21:622][  0]LogSlate: Using Freetype 2.6.0
[2018.05.15-22.05.21:622][  0]LogSlate: SlateFontCache - WITH_FREETYPE: 1, WITH_HARFBUZZ: 1
[2018.05.15-22.05.21:623][  0]LogSlate: SlateFontCache - WITH_FREETYPE: 1, WITH_HARFBUZZ: 1
[2018.05.15-22.05.21:728][  0]LogAssetRegistry: FAssetRegistry took 0.0246 seconds to start up
[2018.05.15-22.05.21:976][  0]LogInit: Selected Device Profile: [Windows]
[2018.05.15-22.05.22:108][  0]LogSimplygon: Simplygon DLL not present - disabling.
[2018.05.15-22.05.22:109][  0]LogMeshReduction: Using SimplygonSwarm for distributed automatic mesh merging
[2018.05.15-22.05.22:109][  0]LogMeshReduction: Using QuadricMeshReduction for automatic static mesh reduction
[2018.05.15-22.05.22:109][  0]LogMeshReduction: No automatic skeletal mesh reduction module available
[2018.05.15-22.05.22:109][  0]LogMeshReduction: No automatic mesh merging module available
[2018.05.15-22.05.22:109][  0]LogMeshMerging: No automatic mesh merging module available
[2018.05.15-22.05.22:130][  0]LogNetVersion: Project_Assemble , NetCL: 3944462, EngineNetVer: 2, GameNetVer: 0 (Checksum: 342368450)
[2018.05.15-22.05.22:577][  0]LogPackageLocalizationCache: Processed 9 localized package path(s) for 2 prioritized culture(s) in 0.089878 seconds
[2018.05.15-22.05.22:584][  0]LogUObjectArray: 36728 objects as part of root set at end of initial load.
[2018.05.15-22.05.22:584][  0]LogUObjectAllocator: 7314304 out of 0 bytes used by permanent object pool.
[2018.05.15-22.05.22:584][  0]LogUObjectArray: CloseDisregardForGC: 0/0 objects in disregard for GC pool
[2018.05.15-22.05.23:957][  0]LogTcpMessaging: Initializing TcpMessaging bridge
[2018.05.15-22.05.23:993][  0]LogUdpMessaging: Initializing bridge on interface 0.0.0.0:0 to multicast group 230.0.0.1:6666.
[2018.05.15-22.05.24:222][  0]SourceControl: Source control is disabled
[2018.05.15-22.05.24:222][  0]SourceControl: Source control is disabled
[2018.05.15-22.05.24:232][  0]SourceControl: Source control is disabled
[2018.05.15-22.05.24:241][  0]SourceControl: Source control is disabled
[2018.05.15-22.05.24:563][  0]LogAndroidPermission: UAndroidPermissionCallbackProxy::GetInstance
[2018.05.15-22.05.24:656][  0]LogOcInput: OculusInput pre-init called
[2018.05.15-22.05.24:731][  0]LogEngine: Initializing Engine...
[2018.05.15-22.05.24:732][  0]LogHMD: Failed to initialize OpenVR with code 110
[2018.05.15-22.05.24:733][  0]LogStats: UGameplayTagsManager::ConstructGameplayTagTree: Construct from data asset -  0.000 s
[2018.05.15-22.05.24:734][  0]LogStats: UGameplayTagsManager::ConstructGameplayTagTree: GameplayTagTreeChangedEvent.Broadcast -  0.000 s
[2018.05.15-22.05.24:985][  0]LogAIModule: Creating AISystem for world Untitled
[2018.05.15-22.05.25:023][  0]LogInit: XAudio2 using 'VX240M-C (NVIDIA High Definition Audio)' : 2 channels at 48 kHz using 16 bits per sample (channel mask 0x3)
[2018.05.15-22.05.25:035][  0]LogInit: FAudioDevice initialized.
[2018.05.15-22.05.25:134][  0]LogDerivedDataCache: Saved boot cache 0.10s 74MB C:/Users/Joe/AppData/Local/UnrealEngine/4.19/DerivedDataCache/Boot.ddc.
[2018.05.15-22.05.25:152][  0]LogInit: Texture streaming: Enabled
[2018.05.15-22.05.25:165][  0]LogEngineSessionManager: EngineSessionManager initialized
[2018.05.15-22.05.25:182][  0]LogInit: Transaction tracking system initialized
[2018.05.15-22.05.25:195][  0]BlueprintLog: New page: Editor Load
[2018.05.15-22.05.25:316][  0]LocalizationService: Localization service is disabled
[2018.05.15-22.05.25:402][  0]LogConsoleResponse: Display: 
[2018.05.15-22.05.25:582][  0]LogFileCache: Scanning file cache for directory 'D:/Repos/Project_Assemble/Project_Assemble/Content/' took 0.01s
[2018.05.15-22.05.25:582][  0]LogCook: Display: Max memory allowance for cook 16384mb min free memory 0mb
[2018.05.15-22.05.25:582][  0]LogCook: Display: Mobile HDR setting 1
[2018.05.15-22.05.25:582][  0]LogGameplayTags: Display: UGameplayTagsManager::DoneAddingNativeTags. DelegateIsBound: 0
[2018.05.15-22.05.25:582][  0]LogStats: UGameplayTagsManager::ConstructGameplayTagTree: Construct from data asset -  0.000 s
[2018.05.15-22.05.25:582][  0]LogStats: UGameplayTagsManager::ConstructGameplayTagTree: GameplayTagTreeChangedEvent.Broadcast -  0.000 s
[2018.05.15-22.05.25:814][  0]SourceControl: Source control is disabled
[2018.05.15-22.05.25:814][  0]Cmd: MAP LOAD FILE="../../../../../Repos/Project_Assemble/Project_Assemble/Content/ThirdPersonBP/Maps/ThirdPersonExampleMap.umap" TEMPLATE=0 SHOWPROGRESS=1 FEATURELEVEL=3
[2018.05.15-22.05.25:815][  0]LightingResults: New page: Lighting Build
[2018.05.15-22.05.25:817][  0]MapCheck: New page: Map Check
[2018.05.15-22.05.25:817][  0]LightingResults: New page: Lighting Build
[2018.05.15-22.05.28:263][  0]LogSkeletalMesh: Skeletal Mesh found in DDC [101.762970ms] /Game/Mannequin/Character/Mesh/SK_Mannequin.SK_Mannequin
[2018.05.15-22.05.28:301][  0]LogAIModule: Creating AISystem for world ThirdPersonExampleMap
[2018.05.15-22.05.28:406][  0]LogEditorServer: Finished looking for orphan Actors (0.000 secs)
[2018.05.15-22.05.28:467][  0]Cmd: MAP CHECKDEP NOCLEARLOG
[2018.05.15-22.05.28:499][  0]MapCheck: Map check complete: 0 Error(s), 0 Warning(s), took 32.173ms to complete.
[2018.05.15-22.05.28:499][  0]LogFileHelpers: Loading map 'ThirdPersonExampleMap' took 2.685
[2018.05.15-22.05.30:455][  0]LogCollectionManager: Loaded 0 collections in 0.000637 seconds
[2018.05.15-22.05.30:659][  0]LogFileCache: Scanning file cache for directory 'D:/Repos/Project_Assemble/Project_Assemble/Saved/Collections/' took 0.01s
[2018.05.15-22.05.30:659][  0]LogFileCache: Scanning file cache for directory 'D:/Repos/Project_Assemble/Project_Assemble/Content/Developers/Joe/Collections/' took 0.01s
[2018.05.15-22.05.30:659][  0]LogFileCache: Scanning file cache for directory 'D:/Repos/Project_Assemble/Project_Assemble/Content/Collections/' took 0.01s
[2018.05.15-22.05.30:659][  0]LogCollectionManager: Rebuilt the GUID cache for 0 collections in 0.000001 seconds
[2018.05.15-22.05.30:674][  0]LogContentBrowser: Native class hierarchy populated in 0.0130 seconds. Added 2452 classes and 558 folders.
[2018.05.15-22.05.30:721][  0]LogContentBrowser: Native class hierarchy updated for 'WidgetCarousel' in 0.0002 seconds. Added 0 classes and 0 folders.
[2018.05.15-22.05.30:749][  0]LogContentBrowser: Native class hierarchy updated for 'AddContentDialog' in 0.0002 seconds. Added 0 classes and 0 folders.
[2018.05.15-22.05.30:953][  0]LogContentBrowser: Native class hierarchy updated for 'SceneOutliner' in 0.0003 seconds. Added 1 classes and 2 folders.
[2018.05.15-22.05.32:122][  0]LogSlate: Took 0.000315 seconds to synchronously load lazily loaded font '../../../Engine/Content/Slate/Fonts/Roboto-Regular.ttf' (155K)
[2018.05.15-22.05.32:125][  0]LogSlate: Took 0.000300 seconds to synchronously load lazily loaded font '../../../Engine/Content/Slate/Fonts/Roboto-Bold.ttf' (160K)
[2018.05.15-22.05.32:173][  0]LogSlate: Took 0.019057 seconds to synchronously load lazily loaded font '../../../Engine/Content/Editor/Slate/Fonts/FontAwesome.ttf' (139K)
[2018.05.15-22.05.32:489][  0]LogRenderer: Reallocating scene render targets to support 1216x568 Format 9 NumSamples 1 (Frame:1).
[2018.05.15-22.05.32:678][  0]LogContentBrowser: Native class hierarchy updated for 'HierarchicalLODOutliner' in 0.0002 seconds. Added 0 classes and 0 folders.
[2018.05.15-22.05.32:678][  0]LogLoad: (Engine Initialization) Total time: 14.67 seconds
[2018.05.15-22.05.32:678][  0]LogLoad: (Engine Initialization) Total Blueprint compile time: 0.00 seconds
[2018.05.15-22.05.32:687][  0]LogWindowsTextInputMethodSystem: Display: IME system now deactivated.
[2018.05.15-22.05.32:706][  0]LogSlate: New Slate User Created.  User Index 1, Is Virtual User: 0
[2018.05.15-22.05.32:706][  0]LogSlate: Slate User Registered.  User Index 1, Is Virtual User: 0
[2018.05.15-22.05.32:706][  0]LogSlate: New Slate User Created.  User Index 2, Is Virtual User: 0
[2018.05.15-22.05.32:706][  0]LogSlate: Slate User Registered.  User Index 2, Is Virtual User: 0
[2018.05.15-22.05.32:759][  0]LogContentStreaming: Texture pool size now 800 MB
[2018.05.15-22.05.32:846][  0]LogSlate: Took 0.000150 seconds to synchronously load lazily loaded font '../../../Engine/Content/Slate/Fonts/Roboto-Light.ttf' (167K)
[2018.05.15-22.05.43:472][203]LogAssetRegistry: Asset discovery search completed in 21.7657 seconds
[2018.05.15-22.05.43:474][203]LogCollectionManager: Rebuilt the object cache for 0 collections in 0.000001 seconds (found 0 objects)
[2018.05.15-22.05.43:474][203]LogCollectionManager: Fixed up redirectors for 0 collections in 0.000070 seconds (updated 0 objects)
[2018.05.15-22.06.54:301][576]LogSlate: FSceneViewport::OnFocusLost() reason 0
[2018.05.15-22.08.29:188][545]LogSlate: Took 0.000166 seconds to synchronously load lazily loaded font '../../../Engine/Content/Slate/Fonts/Roboto-Light.ttf' (167K)
[2018.05.15-22.08.30:977][545]LogSlate: Window 'Pick Parent Class' being destroyed
[2018.05.15-22.08.39:125][450]LogContentBrowser: Native class hierarchy updated for 'BlueprintGraph' in 0.0006 seconds. Added 116 classes and 0 folders.
[2018.05.15-22.08.42:017][612]LogRenderer: Reallocating scene render targets to support 1216x744 Format 9 NumSamples 1 (Frame:153).
[2018.05.15-22.09.53:711][593]LogSlate: Took 0.033201 seconds to synchronously load lazily loaded font '../../../Engine/Content/Slate/Fonts/Roboto-BoldCondensedItalic.ttf' (160K)
[2018.05.15-22.10.02:699][470]BlueprintLog: New page: Compile Arena
[2018.05.15-22.12.05:425][657]LogSlate: Took 0.020445 seconds to synchronously load lazily loaded font '../../../Engine/Content/Slate/Fonts/Roboto-BoldCondensed.ttf' (158K)
[2018.05.15-22.12.18:952][119]LogSavePackage: Save=34.10ms
[2018.05.15-22.12.18:952][119]LogSavePackage: Moving '../../../../../Repos/Project_Assemble/Project_Assemble/Saved/Arena7880411B4D9EC7F19C9267AB7D95E87C.tmp' to '../../../../../Repos/Project_Assemble/Project_Assemble/Content/ThirdPersonBP/Blueprints/GameModes/Arena.uasset'
[2018.05.15-22.12.18:966][119]LogSavePackage: Display: Finished SavePackage ../../../../../Repos/Project_Assemble/Project_Assemble/Content/ThirdPersonBP/Blueprints/GameModes/Arena.uasset
[2018.05.15-22.12.31:433][111]LogSlate: Window 'Pick Parent Class' being destroyed
[2018.05.15-22.12.40:477][ 90]LogSlate: Took 0.107257 seconds to synchronously load lazily loaded font '../../../Engine/Content/Slate/Fonts/Roboto-Italic.ttf' (157K)
[2018.05.15-22.13.11:616][825]BlueprintLog: New page: Compile MultiplayerCamera
[2018.05.15-22.14.53:880][ 23]BlueprintLog: New page: Compile Arena
[2018.05.15-22.15.32:012][770]LogMetaData: Removing '/Game/ThirdPersonBP/Blueprints/PlayerBP/ThirdPersonCharacter_2.ThirdPersonCharacter_2_C:BaseLookUpRate' ref from Metadata '/Game/ThirdPersonBP/Blueprints/ThirdPersonCharacter_2.PackageMetaData'
[2018.05.15-22.15.32:012][770]LogMetaData: Removing '/Game/ThirdPersonBP/Blueprints/PlayerBP/ThirdPersonCharacter_2.SKEL_ThirdPersonCharacter_2_C:UserConstructionScript' ref from Metadata '/Game/ThirdPersonBP/Blueprints/ThirdPersonCharacter_2.PackageMetaData'
[2018.05.15-22.15.32:012][770]LogMetaData: Removing '/Game/ThirdPersonBP/Blueprints/PlayerBP/ThirdPersonCharacter_2.SKEL_ThirdPersonCharacter_2_C:FollowCamera' ref from Metadata '/Game/ThirdPersonBP/Blueprints/ThirdPersonCharacter_2.PackageMetaData'
[2018.05.15-22.15.32:012][770]LogMetaData: Removing '/Game/ThirdPersonBP/Blueprints/PlayerBP/ThirdPersonCharacter_2.SKEL_ThirdPersonCharacter_2_C:CameraBoom' ref from Metadata '/Game/ThirdPersonBP/Blueprints/ThirdPersonCharacter_2.PackageMetaData'
[2018.05.15-22.15.32:012][770]LogMetaData: Removing '/Game/ThirdPersonBP/Blueprints/PlayerBP/ThirdPersonCharacter_2.SKEL_ThirdPersonCharacter_2_C:BaseTurnRate' ref from Metadata '/Game/ThirdPersonBP/Blueprints/ThirdPersonCharacter_2.PackageMetaData'
[2018.05.15-22.15.32:012][770]LogMetaData: Removing '/Game/ThirdPersonBP/Blueprints/PlayerBP/ThirdPersonCharacter_2.SKEL_ThirdPersonCharacter_2_C:BaseLookUpRate' ref from Metadata '/Game/ThirdPersonBP/Blueprints/ThirdPersonCharacter_2.PackageMetaData'
[2018.05.15-22.15.32:012][770]LogMetaData: Removing '/Game/ThirdPersonBP/Blueprints/PlayerBP/ThirdPersonCharacter_2.SKEL_ThirdPersonCharacter_2_C:InpAxisEvt_LookUpRate_K2Node_InputAxisEvent_53' ref from Metadata '/Game/ThirdPersonBP/Blueprints/ThirdPersonCharacter_2.PackageMetaData'
[2018.05.15-22.15.32:012][770]LogMetaData: Removing '/Game/ThirdPersonBP/Blueprints/PlayerBP/ThirdPersonCharacter_2.SKEL_ThirdPersonCharacter_2_C:InpAxisEvt_TurnRate_K2Node_InputAxisEvent_38' ref from Metadata '/Game/ThirdPersonBP/Blueprints/ThirdPersonCharacter_2.PackageMetaData'
[2018.05.15-22.15.32:012][770]LogMetaData: Removing '/Game/ThirdPersonBP/Blueprints/PlayerBP/ThirdPersonCharacter_2.SKEL_ThirdPersonCharacter_2_C:InpAxisEvt_MoveRight_K2Node_InputAxisEvent_90' ref from Metadata '/Game/ThirdPersonBP/Blueprints/ThirdPersonCharacter_2.PackageMetaData'
[2018.05.15-22.15.32:012][770]LogMetaData: Removing '/Game/ThirdPersonBP/Blueprints/PlayerBP/ThirdPersonCharacter_2.SKEL_ThirdPersonCharacter_2_C:InpAxisEvt_MoveForward_K2Node_InputAxisEvent_79' ref from Metadata '/Game/ThirdPersonBP/Blueprints/ThirdPersonCharacter_2.PackageMetaData'
[2018.05.15-22.15.32:012][770]LogMetaData: Removing '/Game/ThirdPersonBP/Blueprints/PlayerBP/ThirdPersonCharacter_2.SKEL_ThirdPersonCharacter_2_C:InpAxisEvt_Turn_K2Node_InputAxisEvent_47' ref from Metadata '/Game/ThirdPersonBP/Blueprints/ThirdPersonCharacter_2.PackageMetaData'
[2018.05.15-22.15.32:012][770]LogMetaData: Removing '/Game/ThirdPersonBP/Blueprints/PlayerBP/ThirdPersonCharacter_2.SKEL_ThirdPersonCharacter_2_C:InpAxisEvt_LookUp_K2Node_InputAxisEvent_40' ref from Metadata '/Game/ThirdPersonBP/Blueprints/ThirdPersonCharacter_2.PackageMetaData'
[2018.05.15-22.15.32:012][770]LogMetaData: Removing '/Game/ThirdPersonBP/Blueprints/PlayerBP/ThirdPersonCharacter_2.SKEL_ThirdPersonCharacter_2_C' ref from Metadata '/Game/ThirdPersonBP/Blueprints/ThirdPersonCharacter_2.PackageMetaData'
[2018.05.15-22.15.32:012][770]LogMetaData: Removing '/Game/ThirdPersonBP/Blueprints/PlayerBP/ThirdPersonCharacter_2.ThirdPersonCharacter_2_C' ref from Metadata '/Game/ThirdPersonBP/Blueprints/ThirdPersonCharacter_2.PackageMetaData'
[2018.05.15-22.15.32:012][770]LogMetaData: Removing '/Game/ThirdPersonBP/Blueprints/PlayerBP/ThirdPersonCharacter_2.ThirdPersonCharacter_2_C:BaseTurnRate' ref from Metadata '/Game/ThirdPersonBP/Blueprints/ThirdPersonCharacter_2.PackageMetaData'
[2018.05.15-22.15.32:012][770]LogMetaData: Removing '/Game/ThirdPersonBP/Blueprints/PlayerBP/ThirdPersonCharacter_2.ThirdPersonCharacter_2_C:CameraBoom' ref from Metadata '/Game/ThirdPersonBP/Blueprints/ThirdPersonCharacter_2.PackageMetaData'
[2018.05.15-22.15.32:012][770]LogMetaData: Removing '/Game/ThirdPersonBP/Blueprints/PlayerBP/ThirdPersonCharacter_2.ThirdPersonCharacter_2_C:FollowCamera' ref from Metadata '/Game/ThirdPersonBP/Blueprints/ThirdPersonCharacter_2.PackageMetaData'
[2018.05.15-22.15.32:012][770]LogMetaData: Removing '/Game/ThirdPersonBP/Blueprints/PlayerBP/ThirdPersonCharacter_2.ThirdPersonCharacter_2_C:UserConstructionScript' ref from Metadata '/Game/ThirdPersonBP/Blueprints/ThirdPersonCharacter_2.PackageMetaData'
[2018.05.15-22.15.32:012][770]LogMetaData: Removing '/Game/ThirdPersonBP/Blueprints/PlayerBP/ThirdPersonCharacter_2.ThirdPersonCharacter_2_C:ExecuteUbergraph_ThirdPersonCharacter_2' ref from Metadata '/Game/ThirdPersonBP/Blueprints/ThirdPersonCharacter_2.PackageMetaData'
[2018.05.15-22.15.32:012][770]LogMetaData: Removing '/Game/ThirdPersonBP/Blueprints/PlayerBP/ThirdPersonCharacter_2.ThirdPersonCharacter_2_C:InpAxisEvt_LookUpRate_K2Node_InputAxisEvent_53' ref from Metadata '/Game/ThirdPersonBP/Blueprints/ThirdPersonCharacter_2.PackageMetaData'
[2018.05.15-22.15.32:012][770]LogMetaData: Removing '/Game/ThirdPersonBP/Blueprints/PlayerBP/ThirdPersonCharacter_2.ThirdPersonCharacter_2_C:InpAxisEvt_TurnRate_K2Node_InputAxisEvent_38' ref from Metadata '/Game/ThirdPersonBP/Blueprints/ThirdPersonCharacter_2.PackageMetaData'
[2018.05.15-22.15.32:012][770]LogMetaData: Removing '/Game/ThirdPersonBP/Blueprints/PlayerBP/ThirdPersonCharacter_2.ThirdPersonCharacter_2_C:InpAxisEvt_LookUp_K2Node_InputAxisEvent_40' ref from Metadata '/Game/ThirdPersonBP/Blueprints/ThirdPersonCharacter_2.PackageMetaData'
[2018.05.15-22.15.32:012][770]LogMetaData: Removing '/Game/ThirdPersonBP/Blueprints/PlayerBP/ThirdPersonCharacter_2.ThirdPersonCharacter_2_C:InpAxisEvt_Turn_K2Node_InputAxisEvent_47' ref from Metadata '/Game/ThirdPersonBP/Blueprints/ThirdPersonCharacter_2.PackageMetaData'
[2018.05.15-22.15.32:012][770]LogMetaData: Removing '/Game/ThirdPersonBP/Blueprints/PlayerBP/ThirdPersonCharacter_2.ThirdPersonCharacter_2_C:InpAxisEvt_MoveRight_K2Node_InputAxisEvent_90' ref from Metadata '/Game/ThirdPersonBP/Blueprints/ThirdPersonCharacter_2.PackageMetaData'
[2018.05.15-22.15.32:012][770]LogMetaData: Removing '/Game/ThirdPersonBP/Blueprints/PlayerBP/ThirdPersonCharacter_2.ThirdPersonCharacter_2_C:InpAxisEvt_MoveForward_K2Node_InputAxisEvent_79' ref from Metadata '/Game/ThirdPersonBP/Blueprints/ThirdPersonCharacter_2.PackageMetaData'
[2018.05.15-22.15.32:012][770]LogMetaData: Removing '/Game/ThirdPersonBP/Blueprints/PlayerBP/ThirdPersonCharacter_2.ThirdPersonCharacter_2_C:InpTchEvt_Pressed' ref from Metadata '/Game/ThirdPersonBP/Blueprints/ThirdPersonCharacter_2.PackageMetaData'
[2018.05.15-22.15.32:012][770]LogMetaData: Removing '/Game/ThirdPersonBP/Blueprints/PlayerBP/ThirdPersonCharacter_2.ThirdPersonCharacter_2_C:InpTchEvt_Released' ref from Metadata '/Game/ThirdPersonBP/Blueprints/ThirdPersonCharacter_2.PackageMetaData'
[2018.05.15-22.15.32:088][770]LogSavePackage: Save=39.40ms
[2018.05.15-22.15.32:089][770]LogSavePackage: Moving '../../../../../Repos/Project_Assemble/Project_Assemble/Saved/ThirdPersonCharacter_21C9B85514787DD95F2EEC8B6B8824998.tmp' to '../../../../../Repos/Project_Assemble/Project_Assemble/Content/ThirdPersonBP/Blueprints/PlayerBP/ThirdPersonCharacter_2.uasset'
[2018.05.15-22.15.32:092][770]LogSavePackage: Display: Finished SavePackage ../../../../../Repos/Project_Assemble/Project_Assemble/Content/ThirdPersonBP/Blueprints/PlayerBP/ThirdPersonCharacter_2.uasset
[2018.05.15-22.15.42:062][895]LogMetaData: Removing '/Game/ThirdPersonBP/Blueprints/PlayerBP/ArenaCharacter.ArenaCharacter_C' ref from Metadata '/Game/ThirdPersonBP/Blueprints/PlayerBP/ThirdPersonCharacter_2.PackageMetaData'
[2018.05.15-22.15.42:062][895]LogMetaData: Removing '/Game/ThirdPersonBP/Blueprints/PlayerBP/ArenaCharacter.SKEL_ArenaCharacter_C' ref from Metadata '/Game/ThirdPersonBP/Blueprints/PlayerBP/ThirdPersonCharacter_2.PackageMetaData'
[2018.05.15-22.15.42:142][895]LogSavePackage: Save=39.75ms
[2018.05.15-22.15.42:142][895]LogSavePackage: Moving '../../../../../Repos/Project_Assemble/Project_Assemble/Saved/ArenaCharacter786CD94049568FFCBB071BAED2919517.tmp' to '../../../../../Repos/Project_Assemble/Project_Assemble/Content/ThirdPersonBP/Blueprints/PlayerBP/ArenaCharacter.uasset'
[2018.05.15-22.15.42:146][895]LogSavePackage: Display: Finished SavePackage ../../../../../Repos/Project_Assemble/Project_Assemble/Content/ThirdPersonBP/Blueprints/PlayerBP/ArenaCharacter.uasset
[2018.05.15-22.16.05:922][621]LogFileHelpers: Editor autosave (incl. sublevels) for '/Game/ThirdPersonBP/Maps/ThirdPersonExampleMap' took 0.023
[2018.05.15-22.16.05:926][621]OBJ SavePackage: Generating thumbnails for [0] asset(s) in package [/Game/ThirdPersonBP/Blueprints/GameModes/Arena] ([1] browsable assets)...
[2018.05.15-22.16.05:926][621]OBJ SavePackage: Finished generating thumbnails for package [/Game/ThirdPersonBP/Blueprints/GameModes/Arena]
[2018.05.15-22.16.05:946][621]LogSavePackage: Save=10.47ms
[2018.05.15-22.16.05:947][621]LogSavePackage: Moving '../../../../../Repos/Project_Assemble/Project_Assemble/Saved/Arena_Auto1A5973CF1421C37A0C069EF88069BFE0B.tmp' to '../../../../../Repos/Project_Assemble/Project_Assemble/Saved/Autosaves/Game/ThirdPersonBP/Blueprints/GameModes/Arena_Auto1.uasset'
[2018.05.15-22.16.05:948][621]LogSavePackage: Display: Finished SavePackage ../../../../../Repos/Project_Assemble/Project_Assemble/Saved/Autosaves/Game/ThirdPersonBP/Blueprints/GameModes/Arena_Auto1.uasset
[2018.05.15-22.16.05:949][621]OBJ SavePackage: Generating thumbnails for [0] asset(s) in package [/Game/ThirdPersonBP/Blueprints/CameraBP/MultiplayerCamera] ([1] browsable assets)...
[2018.05.15-22.16.05:949][621]OBJ SavePackage: Finished generating thumbnails for package [/Game/ThirdPersonBP/Blueprints/CameraBP/MultiplayerCamera]
[2018.05.15-22.16.05:964][621]LogSavePackage: Save=12.17ms
[2018.05.15-22.16.05:964][621]LogSavePackage: Moving '../../../../../Repos/Project_Assemble/Project_Assemble/Saved/MultiplayerCamera_Auto17BE639454DA4707E439F4F85021DF13F.tmp' to '../../../../../Repos/Project_Assemble/Project_Assemble/Saved/Autosaves/Game/ThirdPersonBP/Blueprints/CameraBP/MultiplayerCamera_Auto1.uasset'
[2018.05.15-22.16.05:965][621]LogSavePackage: Display: Finished SavePackage ../../../../../Repos/Project_Assemble/Project_Assemble/Saved/Autosaves/Game/ThirdPersonBP/Blueprints/CameraBP/MultiplayerCamera_Auto1.uasset
[2018.05.15-22.16.05:965][621]LogFileHelpers: Auto-saving content packages took 0.042
[2018.05.15-22.16.59:708][923]LogEditorViewport: Clicking on Actor (LMB): ThirdPersonCharacter_C (ThirdPersonCharacter)
[2018.05.15-22.17.01:684][ 92]Cmd: DELETE
[2018.05.15-22.17.01:684][ 92]Cmd: ACTOR DELETE
[2018.05.15-22.17.01:751][ 92]LogEditorActor: Deleted Actor: ThirdPersonCharacter_C
[2018.05.15-22.17.01:806][ 92]LogEditorActor: Deleted 1 Actors (0.066 secs)
[2018.05.15-22.17.09:897][992]LogEditorViewport: Clicking on Actor (LMB): StaticMeshActor (Floor)
[2018.05.15-22.17.12:513][274]LogEditorViewport: Clicking on Actor (LMB): PlayerStart (NetworkPlayerStart)
[2018.05.15-22.17.17:116][792]LogNavigationPoint: PostEditMove Clear paths rebuilt
[2018.05.15-22.17.22:450][363]LogNavigationPoint: PostEditMove Clear paths rebuilt
[2018.05.15-22.17.25:662][725]LogSlate: FSceneViewport::OnFocusLost() reason 0
[2018.05.15-22.17.31:426][357]Cmd: EDIT COPY
[2018.05.15-22.17.31:717][383]Cmd: EDIT PASTE
[2018.05.15-22.17.31:745][383]LogNavigationPoint: PostEditMove Clear paths rebuilt
[2018.05.15-22.17.37:404][ 35]Cmd: DELETE
[2018.05.15-22.17.37:404][ 35]Cmd: ACTOR DELETE
[2018.05.15-22.17.37:406][ 35]LogEditorActor: Deleted Actor: PlayerStart
[2018.05.15-22.17.37:429][ 35]LogEditorActor: Deleted 1 Actors (0.025 secs)
[2018.05.15-22.17.38:441][155]LogEditorViewport: Clicking on Actor (LMB): PlayerStart (NetworkPlayerStart)
[2018.05.15-22.17.39:247][242]Cmd: DELETE
[2018.05.15-22.17.39:247][242]Cmd: ACTOR DELETE
[2018.05.15-22.17.39:249][242]LogEditorActor: Deleted Actor: PlayerStart
[2018.05.15-22.17.39:273][242]LogEditorActor: Deleted 1 Actors (0.026 secs)
[2018.05.15-22.17.41:252][463]LogSlate: FSceneViewport::OnFocusLost() reason 2
[2018.05.15-22.17.41:412][463]LogSavePackage: Save=109.78ms
[2018.05.15-22.17.41:412][463]LogSavePackage: Moving '../../../../../Repos/Project_Assemble/Project_Assemble/Saved/ThirdPersonExampleMap4C1A12944FA87B82A2FBFC949CDC8148.tmp' to '../../../../../Repos/Project_Assemble/Project_Assemble/Content/ThirdPersonBP/Maps/ThirdPersonExampleMap.umap'
[2018.05.15-22.17.41:418][463]LogSavePackage: Display: Finished SavePackage ../../../../../Repos/Project_Assemble/Project_Assemble/Content/ThirdPersonBP/Maps/ThirdPersonExampleMap.umap
[2018.05.15-22.17.41:601][463]LogSavePackage: Save=152.76ms
[2018.05.15-22.17.41:601][463]LogSavePackage: Moving '../../../../../Repos/Project_Assemble/Project_Assemble/Saved/ThirdPersonExampleMap_BuiltData06A4F8F644310437DD067F872A34CA0F.tmp' to '../../../../../Repos/Project_Assemble/Project_Assemble/Content/ThirdPersonBP/Maps/ThirdPersonExampleMap_BuiltData.uasset'
[2018.05.15-22.17.41:603][463]LogSavePackage: Display: Finished SavePackage ../../../../../Repos/Project_Assemble/Project_Assemble/Content/ThirdPersonBP/Maps/ThirdPersonExampleMap_BuiltData.uasset
[2018.05.15-22.17.49:465][357]LogNavigationPoint: PostEditMove Clear paths rebuilt
[2018.05.15-22.17.56:767][163]LogSlate: FSceneViewport::OnFocusLost() reason 0
[2018.05.15-22.18.00:464][588]LogNavigationPoint: PostEditMove Clear paths rebuilt
[2018.05.15-22.18.01:992][759]LogNavigationPoint: PostEditMove Clear paths rebuilt
[2018.05.15-22.18.06:035][182]LogNavigationPoint: PostEditMove Clear paths rebuilt
[2018.05.15-22.18.07:918][389]LogSlate: FSceneViewport::OnFocusLost() reason 0
[2018.05.15-22.18.09:880][614]Cmd: EDIT COPY
[2018.05.15-22.18.11:449][796]Cmd: EDIT PASTE
[2018.05.15-22.18.11:454][796]LogNavigationPoint: PostEditMove Clear paths rebuilt
[2018.05.15-22.18.14:016][ 87]LogNavigationPoint: PostEditMove Clear paths rebuilt
[2018.05.15-22.18.20:240][757]LogNavigationPoint: PostEditMove Clear paths rebuilt
[2018.05.15-22.18.26:202][439]LogNavigationPoint: PostEditMove Clear paths rebuilt
[2018.05.15-22.18.28:362][691]LogNavigationPoint: PostEditMove Clear paths rebuilt
[2018.05.15-22.18.30:489][874]LogEditorViewport: Clicking on Actor (CTRL LMB): PlayerStart (PlayerStart)
[2018.05.15-22.18.30:495][874]LogNavigationPoint: PostEditMove Clear paths rebuilt
[2018.05.15-22.18.30:495][874]LogNavigationPoint: PostEditMove Clear paths rebuilt
[2018.05.15-22.18.32:081][ 41]Cmd: EDIT COPY
[2018.05.15-22.18.32:361][ 73]Cmd: EDIT PASTE
[2018.05.15-22.18.32:367][ 73]LogNavigationPoint: PostEditMove Clear paths rebuilt
[2018.05.15-22.18.32:368][ 73]LogNavigationPoint: PostEditMove Clear paths rebuilt
[2018.05.15-22.18.36:864][593]LogNavigationPoint: PostEditMove Clear paths rebuilt
[2018.05.15-22.18.36:865][593]LogNavigationPoint: PostEditMove Clear paths rebuilt
[2018.05.15-22.18.43:432][313]LogNavigationPoint: PostEditMove Clear paths rebuilt
[2018.05.15-22.18.43:433][313]LogNavigationPoint: PostEditMove Clear paths rebuilt
[2018.05.15-22.18.44:125][392]LogEditorViewport: Clicking on Actor (LMB): StaticMeshActor (Floor)
[2018.05.15-22.18.45:112][496]LogEditorViewport: Clicking on Actor (LMB): PlayerStart (PlayerStart4)
[2018.05.15-22.18.48:474][875]LogNavigationPoint: PostEditMove Clear paths rebuilt
[2018.05.15-22.18.49:651][  8]LogEditorViewport: Clicking on Actor (LMB): PlayerStart (PlayerStart3)
[2018.05.15-22.18.53:127][383]LogNavigationPoint: PostEditMove Clear paths rebuilt
[2018.05.15-22.19.01:464][307]LogSlate: FSceneViewport::OnFocusLost() reason 2
[2018.05.15-22.19.01:602][307]LogSavePackage: Save=105.86ms
[2018.05.15-22.19.01:602][307]LogSavePackage: Moving '../../../../../Repos/Project_Assemble/Project_Assemble/Saved/ThirdPersonExampleMap07C7499B46D0D4AF5C4779A341422C33.tmp' to '../../../../../Repos/Project_Assemble/Project_Assemble/Content/ThirdPersonBP/Maps/ThirdPersonExampleMap.umap'
[2018.05.15-22.19.01:608][307]LogSavePackage: Display: Finished SavePackage ../../../../../Repos/Project_Assemble/Project_Assemble/Content/ThirdPersonBP/Maps/ThirdPersonExampleMap.umap
[2018.05.15-22.19.01:762][307]LogSavePackage: Save=133.99ms
[2018.05.15-22.19.01:763][307]LogSavePackage: Moving '../../../../../Repos/Project_Assemble/Project_Assemble/Saved/ThirdPersonExampleMap_BuiltData51CBAC174C75E8BB1F4EC2B22536BA75.tmp' to '../../../../../Repos/Project_Assemble/Project_Assemble/Content/ThirdPersonBP/Maps/ThirdPersonExampleMap_BuiltData.uasset'
[2018.05.15-22.19.01:765][307]LogSavePackage: Display: Finished SavePackage ../../../../../Repos/Project_Assemble/Project_Assemble/Content/ThirdPersonBP/Maps/ThirdPersonExampleMap_BuiltData.uasset
[2018.05.15-22.20.27:449][278]LogEditorViewport: Clicking on Actor (context menu): StaticMeshActor (Wall7)
[2018.05.15-22.20.27:588][278]LogSlate: FSceneViewport::OnFocusLost() reason 2
[2018.05.15-22.22.31:334][546]BlueprintLog: New page: Compile MultiplayerCamera
[2018.05.15-22.22.32:804][626]LogSavePackage: Save=11.91ms
[2018.05.15-22.22.32:804][626]LogSavePackage: Moving '../../../../../Repos/Project_Assemble/Project_Assemble/Saved/MultiplayerCameraD0895C1F4660B149108F89B63C7B2A7B.tmp' to '../../../../../Repos/Project_Assemble/Project_Assemble/Content/ThirdPersonBP/Blueprints/CameraBP/MultiplayerCamera.uasset'
[2018.05.15-22.22.32:810][626]LogSavePackage: Display: Finished SavePackage ../../../../../Repos/Project_Assemble/Project_Assemble/Content/ThirdPersonBP/Blueprints/CameraBP/MultiplayerCamera.uasset
[2018.05.15-22.22.34:321][732]BlueprintLog: New page: Compile Arena
[2018.05.15-22.22.35:316][795]LogSavePackage: Save=8.13ms
[2018.05.15-22.22.35:316][795]LogSavePackage: Moving '../../../../../Repos/Project_Assemble/Project_Assemble/Saved/Arena2C012E594AE68CB4CB648986B7E7D38C.tmp' to '../../../../../Repos/Project_Assemble/Project_Assemble/Content/ThirdPersonBP/Blueprints/GameModes/Arena.uasset'
[2018.05.15-22.22.35:321][795]LogSavePackage: Display: Finished SavePackage ../../../../../Repos/Project_Assemble/Project_Assemble/Content/ThirdPersonBP/Blueprints/GameModes/Arena.uasset
[2018.05.15-22.23.09:957][609]LogSlate: Prevented a slow task dialog from being summoned while a context menu was open
[2018.05.15-22.23.15:966][113]BlueprintLog: New page: Compile Arena
[2018.05.15-22.23.16:835][168]LogSavePackage: Save=9.90ms
[2018.05.15-22.23.16:835][168]LogSavePackage: Moving '../../../../../Repos/Project_Assemble/Project_Assemble/Saved/Arena628CEE4244958EBCB6CD52B8A7073531.tmp' to '../../../../../Repos/Project_Assemble/Project_Assemble/Content/ThirdPersonBP/Blueprints/GameModes/Arena.uasset'
[2018.05.15-22.23.16:839][168]LogSavePackage: Display: Finished SavePackage ../../../../../Repos/Project_Assemble/Project_Assemble/Content/ThirdPersonBP/Blueprints/GameModes/Arena.uasset
[2018.05.15-22.29.23:629][237]LogSlate: Only BGRA pngs, bmps or icos are supported in by External Image Picker
[2018.05.15-22.29.23:779][238]LogTemp: Executing iPhonePackager certificates Engine -bundlename com.YourCompany.ProjectAssemble
[2018.05.15-22.29.23:779][238]LogTemp: CWD: D:\Unreal\UE_4.19\Engine\Binaries\DotNET\IOS
[2018.05.15-22.29.23:779][238]LogTemp: Initial Dir: D:\Unreal\UE_4.19
[2018.05.15-22.29.23:779][238]LogTemp: Env CWD: D:\Unreal\UE_4.19\Engine\Binaries\DotNET\IOS
[2018.05.15-22.29.23:779][238]LogTemp: BranchPath = DESKTOP-719UQTD/D/Unreal/UE_4.19/Engine/Binaries --- GameBranchPath = DESKTOP-719UQTD/D/Unreal/UE_4.19/Engine/Binaries
[2018.05.15-22.29.23:781][238]LogTemp: IPP ERROR: Could not find provision directory 'C:\Users\Joe\AppData\Local/Apple Computer/MobileDevice/Provisioning Profiles/'.
[2018.05.15-22.29.29:733][767]LogSlate: Prevented a slow task dialog from being summoned while a context menu was open
[2018.05.15-22.37.52:029][177]LogSlate: Window 'Pick Parent Class' being destroyed
[2018.05.15-22.38.10:525][881]LogSlate: FSceneViewport::OnFocusLost() reason 2
[2018.05.15-22.38.10:543][881]LogSavePackage: Save=10.31ms
[2018.05.15-22.38.10:543][881]LogSavePackage: Moving '../../../../../Repos/Project_Assemble/Project_Assemble/Saved/ArenaPlayerController060EDF19463B21E76451959F77FB02CB.tmp' to '../../../../../Repos/Project_Assemble/Project_Assemble/Content/ThirdPersonBP/Blueprints/PlayerBP/Controllers/ArenaPlayerController.uasset'
[2018.05.15-22.38.10:548][881]LogSavePackage: Display: Finished SavePackage ../../../../../Repos/Project_Assemble/Project_Assemble/Content/ThirdPersonBP/Blueprints/PlayerBP/Controllers/ArenaPlayerController.uasset
[2018.05.15-23.01.01:831][431]LogSlate: Window 'ArenaPlayerController' being destroyed
[2018.05.15-23.01.01:834][431]LogSlate: Window 'ArenaPlayerController' being destroyed
[2018.05.15-23.01.01:970][431]LogActorComponent: UnregisterComponent: (/Engine/Transient.EditorFloorComp) Not registered. Aborting.
[2018.05.15-23.01.02:147][431]LogActorComponent: UnregisterComponent: (/Engine/Transient.EditorFloorComp) Not registered. Aborting.
[2018.05.15-23.01.05:303][614]LogSlate: Window 'Save Content' being destroyed
[2018.05.15-23.01.05:406][614]LogSavePackage: Save=69.60ms
[2018.05.15-23.01.05:406][614]LogSavePackage: Moving '../../../../../Repos/Project_Assemble/Project_Assemble/Saved/Arena02D6695B4CD64116ED03BE98843C43B7.tmp' to '../../../../../Repos/Project_Assemble/Project_Assemble/Content/ThirdPersonBP/Blueprints/GameModes/Arena.uasset'
[2018.05.15-23.01.05:413][614]LogSavePackage: Display: Finished SavePackage ../../../../../Repos/Project_Assemble/Project_Assemble/Content/ThirdPersonBP/Blueprints/GameModes/Arena.uasset
[2018.05.15-23.01.05:478][614]LogSlate: Window 'Project Settings' being destroyed
[2018.05.15-23.01.05:507][614]LogSlate: Window 'Project_Assemble - Unreal Editor' being destroyed
[2018.05.15-23.01.05:507][614]LogWindowsTextInputMethodSystem: Display: IME system now deactivated.
[2018.05.15-23.01.05:751][615]Cmd: QUIT_EDITOR
[2018.05.15-23.01.05:797][615]LogSlate: Slate User Destroyed.  User Index 0, Is Virtual User: 0
[2018.05.15-23.01.05:798][615]LogSlate: Slate User Destroyed.  User Index 1, Is Virtual User: 0
[2018.05.15-23.01.05:798][615]LogSlate: Slate User Destroyed.  User Index 2, Is Virtual User: 0
[2018.05.15-23.01.05:798][615]LogExit: Preparing to exit.
[2018.05.15-23.01.06:914][615]LogDirectoryWatcher: A directory notification for 'D:/Repos/Project_Assemble/Project_Assemble/Content/' was aborted.
[2018.05.15-23.01.07:000][615]LogExit: Editor shut down
[2018.05.15-23.01.07:026][615]LogExit: Transaction tracking system shut down
[2018.05.15-23.01.07:272][615]LogDirectoryWatcher: A directory notification for '../../../Engine/Content/' was aborted.
[2018.05.15-23.01.07:272][615]LogDirectoryWatcher: A directory notification for '../../../../../Repos/Project_Assemble/Project_Assemble/Content/' was aborted.
[2018.05.15-23.01.07:273][615]LogDirectoryWatcher: A directory notification for '../../Plugins/2D/Paper2D/Content/' was aborted.
[2018.05.15-23.01.07:273][615]LogDirectoryWatcher: A directory notification for '../../Plugins/Enterprise/DatasmithContent/Content/' was aborted.
[2018.05.15-23.01.07:273][615]LogDirectoryWatcher: A directory notification for '../../Plugins/Media/MediaCompositing/Content/' was aborted.
[2018.05.15-23.01.07:273][615]LogDirectoryWatcher: A directory notification for '../../Plugins/Runtime/AppleARKit/Content/' was aborted.
[2018.05.15-23.01.07:273][615]LogDirectoryWatcher: A directory notification for '../../Plugins/Runtime/Oculus/OculusVR/Content/' was aborted.
[2018.05.15-23.01.07:273][615]LogDirectoryWatcher: A directory notification for '../../Plugins/Runtime/Steam/SteamVR/Content/' was aborted.
[2018.05.15-23.01.07:470][615]LogExit: Object subsystem successfully closed.
[2018.05.15-23.01.07:482][615]LogShaderCompilers: Display: Shaders left to compile 0
[2018.05.15-23.01.07:488][615]LogD3D11RHI: Shutdown
[2018.05.15-23.01.07:488][615]LogD3D11RHI: CleanupD3DDevice
[2018.05.15-23.01.07:493][615]LogD3D11RHI: ~FD3D11DynamicRHI
[2018.05.15-23.01.07:504][615]LogModuleManager: Shutting down and abandoning module ExternalImagePicker (578)
[2018.05.15-23.01.07:504][615]LogModuleManager: Shutting down and abandoning module BlueprintGraph (576)
[2018.05.15-23.01.07:504][615]LogModuleManager: Shutting down and abandoning module HierarchicalLODOutliner (574)
[2018.05.15-23.01.07:504][615]LogModuleManager: Shutting down and abandoning module SceneOutliner (572)
[2018.05.15-23.01.07:504][615]LogModuleManager: Shutting down and abandoning module AddContentDialog (570)
[2018.05.15-23.01.07:504][615]LogDirectoryWatcher: A directory notification for 'D:/Unreal/UE_4.19/FeaturePacks/' was aborted.
[2018.05.15-23.01.07:509][615]LogModuleManager: Shutting down and abandoning module WidgetCarousel (569)
[2018.05.15-23.01.07:510][615]LogModuleManager: Shutting down and abandoning module EditorWidgets (566)
[2018.05.15-23.01.07:510][615]LogModuleManager: Shutting down and abandoning module CollectionManager (564)
[2018.05.15-23.01.07:510][615]LogDirectoryWatcher: A directory notification for 'D:/Repos/Project_Assemble/Project_Assemble/Content/Collections/' was aborted.
[2018.05.15-23.01.07:510][615]LogDirectoryWatcher: A directory notification for 'D:/Repos/Project_Assemble/Project_Assemble/Content/Developers/Joe/Collections/' was aborted.
[2018.05.15-23.01.07:510][615]LogDirectoryWatcher: A directory notification for 'D:/Repos/Project_Assemble/Project_Assemble/Saved/Collections/' was aborted.
[2018.05.15-23.01.07:510][615]LogModuleManager: Shutting down and abandoning module StatsViewer (562)
[2018.05.15-23.01.07:510][615]LogModuleManager: Shutting down and abandoning module FoliageEdit (560)
[2018.05.15-23.01.07:510][615]LogModuleManager: Shutting down and abandoning module LandscapeEditor (558)
[2018.05.15-23.01.07:511][615]LogModuleManager: Shutting down and abandoning module MeshPaintMode (556)
[2018.05.15-23.01.07:511][615]LogModuleManager: Shutting down and abandoning module SceneDepthPickerMode (554)
[2018.05.15-23.01.07:511][615]LogModuleManager: Shutting down and abandoning module ActorPickerMode (552)
[2018.05.15-23.01.07:511][615]LogModuleManager: Shutting down and abandoning module GeometryMode (550)
[2018.05.15-23.01.07:511][615]LogModuleManager: Shutting down and abandoning module TextureAlignMode (548)
[2018.05.15-23.01.07:511][615]LogModuleManager: Shutting down and abandoning module BspMode (546)
[2018.05.15-23.01.07:511][615]LogModuleManager: Shutting down and abandoning module PIEPreviewDeviceProfileSelector (544)
[2018.05.15-23.01.07:511][615]LogModuleManager: Shutting down and abandoning module HardwareSurvey (542)
[2018.05.15-23.01.07:511][615]LogModuleManager: Shutting down and abandoning module SequenceRecorderSections (540)
[2018.05.15-23.01.07:512][615]LogModuleManager: Shutting down and abandoning module AutomationWorker (538)
[2018.05.15-23.01.07:512][615]LogModuleManager: Shutting down and abandoning module AudioCaptureEditor (536)
[2018.05.15-23.01.07:512][615]LogModuleManager: Shutting down and abandoning module SequenceRecorder (535)
[2018.05.15-23.01.07:512][615]LogModuleManager: Shutting down and abandoning module MatineeToLevelSequence (532)
[2018.05.15-23.01.07:512][615]LogModuleManager: Shutting down and abandoning module LevelSequenceEditor (530)
[2018.05.15-23.01.07:512][615]LogModuleManager: Shutting down and abandoning module PlacementMode (529)
[2018.05.15-23.01.07:512][615]LogModuleManager: Shutting down and abandoning module MaterialEditor (528)
[2018.05.15-23.01.07:512][615]LogModuleManager: Shutting down and abandoning module WmfMediaFactory (524)
[2018.05.15-23.01.07:512][615]LogModuleManager: Shutting down and abandoning module WmfMediaEditor (522)
[2018.05.15-23.01.07:512][615]LogModuleManager: Shutting down and abandoning module MediaPlayerEditor (520)
[2018.05.15-23.01.07:512][615]LogModuleManager: Shutting down and abandoning module OpenExrWrapper (518)
[2018.05.15-23.01.07:512][615]LogModuleManager: Shutting down and abandoning module ImgMediaFactory (516)
[2018.05.15-23.01.07:512][615]LogModuleManager: Shutting down and abandoning module ImgMediaEditor (514)
[2018.05.15-23.01.07:512][615]LogModuleManager: Shutting down and abandoning module AvfMediaFactory (512)
[2018.05.15-23.01.07:512][615]LogModuleManager: Shutting down and abandoning module AvfMediaEditor (510)
[2018.05.15-23.01.07:512][615]LogModuleManager: Shutting down and abandoning module AndroidMediaFactory (508)
[2018.05.15-23.01.07:512][615]LogModuleManager: Shutting down and abandoning module AndroidMediaEditor (506)
[2018.05.15-23.01.07:512][615]LogModuleManager: Shutting down and abandoning module CharacterAI (504)
[2018.05.15-23.01.07:512][615]LogModuleManager: Shutting down and abandoning module SmartSnapping (502)
[2018.05.15-23.01.07:512][615]LogModuleManager: Shutting down and abandoning module SessionServices (500)
[2018.05.15-23.01.07:512][615]LogModuleManager: Shutting down and abandoning module ViewportSnapping (498)
[2018.05.15-23.01.07:512][615]LogModuleManager: Shutting down and abandoning module ViewportInteraction (496)
[2018.05.15-23.01.07:512][615]LogModuleManager: Shutting down and abandoning module ClothPainter (494)
[2018.05.15-23.01.07:513][615]LogModuleManager: Shutting down and abandoning module SkeletalMeshEditor (493)
[2018.05.15-23.01.07:513][615]LogModuleManager: Shutting down and abandoning module LogVisualizer (490)
[2018.05.15-23.01.07:513][615]LogModuleManager: Shutting down and abandoning module IntroTutorials (488)
[2018.05.15-23.01.07:513][615]LogModuleManager: Shutting down and abandoning module GameProjectGeneration (487)
[2018.05.15-23.01.07:513][615]LogModuleManager: Shutting down and abandoning module IOSPlatformEditor (484)
[2018.05.15-23.01.07:513][615]LogModuleManager: Shutting down and abandoning module HTML5PlatformEditor (482)
[2018.05.15-23.01.07:513][615]LogModuleManager: Shutting down and abandoning module AndroidPlatformEditor (480)
[2018.05.15-23.01.07:513][615]LogModuleManager: Shutting down and abandoning module AndroidDeviceDetection (479)
[2018.05.15-23.01.08:204][615]LogModuleManager: Shutting down and abandoning module WindowsPlatformEditor (476)
[2018.05.15-23.01.08:204][615]LogModuleManager: Shutting down and abandoning module IOSRuntimeSettings (474)
[2018.05.15-23.01.08:204][615]LogModuleManager: Shutting down and abandoning module AndroidRuntimeSettings (472)
[2018.05.15-23.01.08:204][615]LogModuleManager: Shutting down and abandoning module InputBindingEditor (470)
[2018.05.15-23.01.08:204][615]LogModuleManager: Shutting down and abandoning module MergeActors (468)
[2018.05.15-23.01.08:204][615]LogModuleManager: Shutting down and abandoning module LocalizationDashboard (466)
[2018.05.15-23.01.08:204][615]LogModuleManager: Shutting down and abandoning module LocalizationService (465)
[2018.05.15-23.01.08:204][615]LogModuleManager: Shutting down and abandoning module HardwareTargeting (462)
[2018.05.15-23.01.08:204][615]LogModuleManager: Shutting down and abandoning module DeviceProfileEditor (460)
[2018.05.15-23.01.08:204][615]LogModuleManager: Shutting down and abandoning module UndoHistory (458)
[2018.05.15-23.01.08:205][615]LogModuleManager: Shutting down and abandoning module XmlParser (456)
[2018.05.15-23.01.08:205][615]LogModuleManager: Shutting down and abandoning module Blutility (454)
[2018.05.15-23.01.08:205][615]LogModuleManager: Shutting down and abandoning module ProjectSettingsViewer (452)
[2018.05.15-23.01.08:205][615]LogModuleManager: Shutting down and abandoning module ProjectTargetPlatformEditor (451)
[2018.05.15-23.01.08:205][615]LogModuleManager: Shutting down and abandoning module EditorSettingsViewer (448)
[2018.05.15-23.01.08:205][615]LogModuleManager: Shutting down and abandoning module SettingsEditor (446)
[2018.05.15-23.01.08:205][615]LogModuleManager: Shutting down and abandoning module ProjectLauncher (444)
[2018.05.15-23.01.08:205][615]LogModuleManager: Shutting down and abandoning module SessionFrontend (442)
[2018.05.15-23.01.08:205][615]LogModuleManager: Shutting down and abandoning module ProfilerClient (440)
[2018.05.15-23.01.08:205][615]LogModuleManager: Shutting down and abandoning module DeviceManager (438)
[2018.05.15-23.01.08:205][615]LogModuleManager: Shutting down and abandoning module TargetDeviceServices (437)
[2018.05.15-23.01.08:258][615]LogModuleManager: Shutting down and abandoning module AutomationController (434)
[2018.05.15-23.01.08:258][615]LogModuleManager: Shutting down and abandoning module AutomationWindow (432)
[2018.05.15-23.01.08:258][615]LogModuleManager: Shutting down and abandoning module Layers (430)
[2018.05.15-23.01.08:258][615]LogModuleManager: Shutting down and abandoning module ComponentVisualizers (428)
[2018.05.15-23.01.08:258][615]LogModuleManager: Shutting down and abandoning module DetailCustomizations (426)
[2018.05.15-23.01.08:258][615]LogModuleManager: Shutting down and abandoning module PackagesDialog (424)
[2018.05.15-23.01.08:259][615]LogModuleManager: Shutting down and abandoning module Persona (422)
[2018.05.15-23.01.08:259][615]LogModuleManager: Shutting down and abandoning module AdvancedPreviewScene (421)
[2018.05.15-23.01.08:259][615]LogModuleManager: Shutting down and abandoning module AnimGraph (419)
[2018.05.15-23.01.08:259][615]LogModuleManager: Shutting down and abandoning module Kismet (416)
[2018.05.15-23.01.08:266][615]LogModuleManager: Shutting down and abandoning module GraphEditor (414)
[2018.05.15-23.01.08:266][615]LogModuleManager: Shutting down and abandoning module ClassViewer (412)
[2018.05.15-23.01.08:267][615]LogModuleManager: Shutting down and abandoning module Toolbox (410)
[2018.05.15-23.01.08:267][615]LogModuleManager: Shutting down and abandoning module ModuleUI (408)
[2018.05.15-23.01.08:267][615]LogModuleManager: Shutting down and abandoning module MovieSceneTools (406)
[2018.05.15-23.01.08:267][615]LogModuleManager: Shutting down and abandoning module OutputLog (404)
[2018.05.15-23.01.08:267][615]LogModuleManager: Shutting down and abandoning module GammaUI (402)
[2018.05.15-23.01.08:267][615]LogModuleManager: Shutting down and abandoning module Documentation (400)
[2018.05.15-23.01.08:267][615]LogModuleManager: Shutting down and abandoning module MovieSceneTracks (398)
[2018.05.15-23.01.08:267][615]LogModuleManager: Shutting down and abandoning module MovieScene (396)
[2018.05.15-23.01.08:267][615]LogModuleManager: Shutting down and abandoning module StreamingPauseRendering (394)
[2018.05.15-23.01.08:267][615]LogModuleManager: Shutting down and abandoning module LauncherPlatform (392)
[2018.05.15-23.01.08:267][615]LogModuleManager: Shutting down and abandoning module AnalyticsET (390)
[2018.05.15-23.01.08:267][615]LogModuleManager: Shutting down and abandoning module PortalServices (388)
[2018.05.15-23.01.08:267][615]LogModuleManager: Shutting down and abandoning module PortalRpc (386)
[2018.05.15-23.01.08:267][615]LogModuleManager: Shutting down and abandoning module MessagingRpc (384)
[2018.05.15-23.01.08:267][615]LogModuleManager: Shutting down and abandoning module AIModule (382)
[2018.05.15-23.01.08:267][615]LogModuleManager: Shutting down and abandoning module GameplayDebugger (381)
[2018.05.15-23.01.08:267][615]LogModuleManager: Shutting down and abandoning module AITestSuite (379)
[2018.05.15-23.01.08:267][615]LogModuleManager: Shutting down and abandoning module DesktopPlatform (376)
[2018.05.15-23.01.08:267][615]LogModuleManager: Shutting down and abandoning module ProfilerService (374)
[2018.05.15-23.01.08:355][615]LogModuleManager: Shutting down and abandoning module TaskGraph (372)
[2018.05.15-23.01.08:355][615]LogModuleManager: Shutting down and abandoning module SteamVRController (370)
[2018.05.15-23.01.08:355][615]LogModuleManager: Shutting down and abandoning module ProceduralMeshComponentEditor (368)
[2018.05.15-23.01.08:355][615]LogModuleManager: Shutting down and abandoning module ProceduralMeshComponent (366)
[2018.05.15-23.01.08:355][615]LogModuleManager: Shutting down and abandoning module OculusInput (364)
[2018.05.15-23.01.08:355][615]LogModuleManager: Shutting down and abandoning module MobilePatchingUtils (362)
[2018.05.15-23.01.08:355][615]LogModuleManager: Shutting down and abandoning module CustomMeshComponent (360)
[2018.05.15-23.01.08:355][615]LogModuleManager: Shutting down and abandoning module CableComponent (358)
[2018.05.15-23.01.08:355][615]LogModuleManager: Shutting down and abandoning module AudioCapture (356)
[2018.05.15-23.01.08:355][615]LogModuleManager: Shutting down and abandoning module ArchVisCharacter (354)
[2018.05.15-23.01.08:355][615]LogModuleManager: Shutting down and abandoning module AndroidPermission (352)
[2018.05.15-23.01.08:355][615]LogModuleManager: Shutting down and abandoning module NUTUnrealEngine4 (348)
[2018.05.15-23.01.08:355][615]LogModuleManager: Shutting down and abandoning module NetcodeUnitTest (346)
[2018.05.15-23.01.08:355][615]LogModuleManager: Shutting down and abandoning module MediaCompositingEditor (344)
[2018.05.15-23.01.08:355][615]LogModuleManager: Shutting down and abandoning module MediaCompositing (342)
[2018.05.15-23.01.08:355][615]LogModuleManager: Shutting down and abandoning module LinearTimecode (340)
[2018.05.15-23.01.08:355][615]LogModuleManager: Shutting down and abandoning module ImgMedia (338)
[2018.05.15-23.01.08:358][615]LogModuleManager: Shutting down and abandoning module HTML5Networking (336)
[2018.05.15-23.01.08:358][615]LogModuleManager: Shutting down and abandoning module AlembicImporter (334)
[2018.05.15-23.01.08:358][615]LogModuleManager: Shutting down and abandoning module AlembicLibrary (333)
[2018.05.15-23.01.08:358][615]LogModuleManager: Shutting down and abandoning module GeometryCache (332)
[2018.05.15-23.01.08:358][615]LogModuleManager: Shutting down and abandoning module GeometryCacheEd (331)
[2018.05.15-23.01.08:358][615]LogModuleManager: Shutting down and abandoning module DatasmithContent (326)
[2018.05.15-23.01.08:358][615]LogModuleManager: Shutting down and abandoning module SpeedTreeImporter (324)
[2018.05.15-23.01.08:358][615]LogModuleManager: Shutting down and abandoning module PluginBrowser (322)
[2018.05.15-23.01.08:358][615]LogModuleManager: Shutting down and abandoning module MobileLauncherProfileWizard (320)
[2018.05.15-23.01.08:359][615]LogModuleManager: Shutting down and abandoning module CryptoKeysOpenSSL (318)
[2018.05.15-23.01.08:359][615]LogModuleManager: Shutting down and abandoning module CryptoKeys (316)
[2018.05.15-23.01.08:359][615]LogModuleManager: Shutting down and abandoning module VisualStudioSourceCodeAccess (314)
[2018.05.15-23.01.08:359][615]LogModuleManager: Shutting down and abandoning module VisualStudioCodeSourceCodeAccess (312)
[2018.05.15-23.01.08:359][615]LogModuleManager: Shutting down and abandoning module UObjectPlugin (310)
[2018.05.15-23.01.08:359][615]LogModuleManager: Shutting down and abandoning module SubversionSourceControl (308)
[2018.05.15-23.01.08:359][615]LogModuleManager: Shutting down and abandoning module PerforceSourceControl (306)
[2018.05.15-23.01.08:359][615]LogModuleManager: Shutting down and abandoning module GitSourceControl (304)
[2018.05.15-23.01.08:359][615]LogModuleManager: Shutting down and abandoning module SourceControl (303)
[2018.05.15-23.01.08:359][615]LogModuleManager: Shutting down and abandoning module CLionSourceCodeAccess (300)
[2018.05.15-23.01.08:359][615]LogModuleManager: Shutting down and abandoning module LightPropagationVolumeEditor (298)
[2018.05.15-23.01.08:359][615]LogModuleManager: Shutting down and abandoning module PaperTiledImporter (296)
[2018.05.15-23.01.08:359][615]LogModuleManager: Shutting down and abandoning module PaperSpriteSheetImporter (294)
[2018.05.15-23.01.08:359][615]LogModuleManager: Shutting down and abandoning module Paper2DEditor (292)
[2018.05.15-23.01.08:359][615]LogModuleManager: Shutting down and abandoning module MeshPaint (291)
[2018.05.15-23.01.08:359][615]LogModuleManager: Shutting down and abandoning module RuntimePhysXCooking (288)
[2018.05.15-23.01.08:359][615]LogModuleManager: Shutting down and abandoning module PhysXVehiclesEditor (286)
[2018.05.15-23.01.08:359][615]LogModuleManager: Shutting down and abandoning module PhysXVehicles (284)
[2018.05.15-23.01.08:359][615]LogModuleManager: Shutting down and abandoning module OculusEditor (282)
[2018.05.15-23.01.08:359][615]LogModuleManager: Shutting down and abandoning module LocationServicesBPLibrary (280)
[2018.05.15-23.01.08:359][615]LogModuleManager: Shutting down and abandoning module ImmediatePhysicsEditor (278)
[2018.05.15-23.01.08:359][615]LogModuleManager: Shutting down and abandoning module ImmediatePhysics (276)
[2018.05.15-23.01.08:359][615]LogModuleManager: Shutting down and abandoning module ActorSequence (274)
[2018.05.15-23.01.08:359][615]LogModuleManager: Shutting down and abandoning module UdpMessaging (272)
[2018.05.15-23.01.08:459][615]LogModuleManager: Shutting down and abandoning module TcpMessaging (270)
[2018.05.15-23.01.08:560][615]LogModuleManager: Shutting down and abandoning module GameplayTagsEditor (268)
[2018.05.15-23.01.08:560][615]LogModuleManager: Shutting down and abandoning module FacialAnimationEditor (266)
[2018.05.15-23.01.08:560][615]LogModuleManager: Shutting down and abandoning module FacialAnimation (264)
[2018.05.15-23.01.08:560][615]LogModuleManager: Shutting down and abandoning module DataValidation (262)
[2018.05.15-23.01.08:560][615]LogModuleManager: Shutting down and abandoning module AssetManagerEditor (260)
[2018.05.15-23.01.08:560][615]LogModuleManager: Shutting down and abandoning module LevelEditor (259)
[2018.05.15-23.01.08:562][615]LogModuleManager: Shutting down and abandoning module PixelInspectorModule (258)
[2018.05.15-23.01.08:562][615]LogModuleManager: Shutting down and abandoning module CommonMenuExtensions (256)
[2018.05.15-23.01.08:562][615]LogModuleManager: Shutting down and abandoning module MainFrame (254)
[2018.05.15-23.01.08:562][615]LogModuleManager: Shutting down and abandoning module HotReload (253)
[2018.05.15-23.01.08:562][615]LogModuleManager: Shutting down and abandoning module ContentBrowser (249)
[2018.05.15-23.01.08:564][615]LogModuleManager: Shutting down and abandoning module TreeMap (247)
[2018.05.15-23.01.08:564][615]LogModuleManager: Shutting down and abandoning module LightPropagationVolumeRuntime (244)
[2018.05.15-23.01.08:564][615]LogModuleManager: Shutting down and abandoning module LiveLinkEditor (242)
[2018.05.15-23.01.08:564][615]LogModuleManager: Shutting down and abandoning module LiveLink (240)
[2018.05.15-23.01.08:591][615]LogModuleManager: Shutting down and abandoning module Paper2D (238)
[2018.05.15-23.01.08:591][615]LogModuleManager: Shutting down and abandoning module WindowsMoviePlayer (236)
[2018.05.15-23.01.08:591][615]LogModuleManager: Shutting down and abandoning module WmfMedia (234)
[2018.05.15-23.01.08:593][615]LogModuleManager: Shutting down and abandoning module Media (233)
[2018.05.15-23.01.08:599][615]LogModuleManager: Shutting down and abandoning module PacketHandler (230)
[2018.05.15-23.01.08:599][615]LogModuleManager: Shutting down and abandoning module ClothingSystemEditor (228)
[2018.05.15-23.01.08:599][615]LogModuleManager: Shutting down and abandoning module ClothingSystemRuntime (226)
[2018.05.15-23.01.08:599][615]LogModuleManager: Shutting down and abandoning module MediaAssets (224)
[2018.05.15-23.01.08:599][615]LogModuleManager: Shutting down and abandoning module Overlay (222)
[2018.05.15-23.01.08:599][615]LogModuleManager: Shutting down and abandoning module OverlayEditor (221)
[2018.05.15-23.01.08:599][615]LogModuleManager: Shutting down and abandoning module VREditor (218)
[2018.05.15-23.01.08:599][615]LogModuleManager: Shutting down and abandoning module StringTableEditor (216)
[2018.05.15-23.01.08:599][615]LogModuleManager: Shutting down and abandoning module GameplayTasksEditor (214)
[2018.05.15-23.01.08:599][615]LogModuleManager: Shutting down and abandoning module BehaviorTreeEditor (212)
[2018.05.15-23.01.08:599][615]LogModuleManager: Shutting down and abandoning module FunctionalTesting (210)
[2018.05.15-23.01.08:599][615]LogModuleManager: Shutting down and abandoning module CollisionAnalyzer (208)
[2018.05.15-23.01.08:599][615]LogModuleManager: Shutting down and abandoning module WorkspaceMenuStructure (207)
[2018.05.15-23.01.08:599][615]LogModuleManager: Shutting down and abandoning module UMG (204)
[2018.05.15-23.01.08:599][615]LogModuleManager: Shutting down and abandoning module UMGEditor (203)
[2018.05.15-23.01.08:599][615]LogModuleManager: Shutting down and abandoning module Sequencer (202)
[2018.05.15-23.01.08:599][615]LogModuleManager: Shutting down and abandoning module MessageLog (199)
[2018.05.15-23.01.08:599][615]LogModuleManager: Shutting down and abandoning module SlateReflector (194)
[2018.05.15-23.01.08:599][615]LogModuleManager: Shutting down and abandoning module Slate (192)
[2018.05.15-23.01.08:599][615]LogModuleManager: Shutting down and abandoning module EditorStyle (190)
[2018.05.15-23.01.08:602][615]LogModuleManager: Shutting down and abandoning module MRMesh (188)
[2018.05.15-23.01.08:602][615]LogModuleManager: Shutting down and abandoning module SourceCodeAccess (186)
[2018.05.15-23.01.08:602][615]LogModuleManager: Shutting down and abandoning module HeadMountedDisplay (184)
[2018.05.15-23.01.08:602][615]LogModuleManager: Shutting down and abandoning module XAudio2 (182)
[2018.05.15-23.01.08:602][615]LogModuleManager: Shutting down and abandoning module Networking (180)
[2018.05.15-23.01.08:602][615]LogModuleManager: Shutting down and abandoning module Core (178)
[2018.05.15-23.01.08:602][615]LogModuleManager: Shutting down and abandoning module LevelSequence (176)
[2018.05.15-23.01.08:602][615]LogModuleManager: Shutting down and abandoning module KismetCompiler (174)
[2018.05.15-23.01.08:602][615]LogModuleManager: Shutting down and abandoning module MeshUtilities (172)
[2018.05.15-23.01.08:602][615]LogModuleManager: Shutting down and abandoning module MeshMergeUtilities (171)
[2018.05.15-23.01.08:602][615]LogModuleManager: Shutting down and abandoning module MeshReductionInterface (170)
[2018.05.15-23.01.08:602][615]LogModuleManager: Shutting down and abandoning module SimplygonSwarm (169)
[2018.05.15-23.01.08:602][615]LogModuleManager: Shutting down and abandoning module SimplygonMeshReduction (167)
[2018.05.15-23.01.08:602][615]LogModuleManager: Shutting down and abandoning module QuadricMeshReduction (165)
[2018.05.15-23.01.08:602][615]LogModuleManager: Shutting down and abandoning module MaterialBaking (161)
[2018.05.15-23.01.08:602][615]LogModuleManager: Shutting down and abandoning module DirectoryWatcher (157)
[2018.05.15-23.01.08:609][615]LogModuleManager: Shutting down and abandoning module DerivedDataCache (154)
[2018.05.15-23.01.08:654][615]LogDerivedDataCache: Shutdown
[2018.05.15-23.01.08:654][615]LogModuleManager: Shutting down and abandoning module XGEController (152)
[2018.05.15-23.01.08:654][615]LogModuleManager: Shutting down and abandoning module TargetPlatform (150)
[2018.05.15-23.01.08:654][615]LogModuleManager: Shutting down and abandoning module VulkanShaderFormat (149)
[2018.05.15-23.01.08:654][615]LogModuleManager: Shutting down and abandoning module ShaderFormatVectorVM (147)
[2018.05.15-23.01.08:655][615]LogModuleManager: Shutting down and abandoning module ShaderFormatOpenGL (145)
[2018.05.15-23.01.08:655][615]LogModuleManager: Shutting down and abandoning module ShaderFormatD3D (143)
[2018.05.15-23.01.08:655][615]LogModuleManager: Shutting down and abandoning module MetalShaderFormat (141)
[2018.05.15-23.01.08:655][615]LogModuleManager: Shutting down and abandoning module TextureFormatUncompressed (139)
[2018.05.15-23.01.08:655][615]LogModuleManager: Shutting down and abandoning module TextureFormatPVR (137)
[2018.05.15-23.01.08:655][615]LogModuleManager: Shutting down and abandoning module TextureFormatDXT (135)
[2018.05.15-23.01.08:655][615]LogModuleManager: Shutting down and abandoning module TextureFormatIntelISPCTexComp (133)
[2018.05.15-23.01.08:655][615]LogModuleManager: Shutting down and abandoning module TextureFormatASTC (131)
[2018.05.15-23.01.08:655][615]LogModuleManager: Shutting down and abandoning module ImageWrapper (130)
[2018.05.15-23.01.08:655][615]LogModuleManager: Shutting down and abandoning module TextureFormatAndroid (127)
[2018.05.15-23.01.08:655][615]LogModuleManager: Shutting down and abandoning module AudioFormatOpus (125)
[2018.05.15-23.01.08:655][615]LogModuleManager: Shutting down and abandoning module AudioFormatOgg (123)
[2018.05.15-23.01.08:655][615]LogModuleManager: Shutting down and abandoning module AudioFormatADPCM (121)
[2018.05.15-23.01.08:655][615]LogModuleManager: Shutting down and abandoning module LinuxTargetPlatform (119)
[2018.05.15-23.01.08:655][615]LogModuleManager: Shutting down and abandoning module LinuxServerTargetPlatform (117)
[2018.05.15-23.01.08:655][615]LogModuleManager: Shutting down and abandoning module LinuxNoEditorTargetPlatform (115)
[2018.05.15-23.01.08:656][615]LogModuleManager: Shutting down and abandoning module LinuxClientTargetPlatform (113)
[2018.05.15-23.01.08:656][615]LogModuleManager: Shutting down and abandoning module TVOSTargetPlatform (111)
[2018.05.15-23.01.08:656][615]LogModuleManager: Shutting down and abandoning module Messaging (109)
[2018.05.15-23.01.08:656][615]LogModuleManager: Shutting down and abandoning module IOSTargetPlatform (107)
[2018.05.15-23.01.08:656][615]LogModuleManager: Shutting down and abandoning module HTML5TargetPlatform (105)
[2018.05.15-23.01.08:656][615]LogModuleManager: Shutting down and abandoning module AndroidTargetPlatform (103)
[2018.05.15-23.01.08:656][615]LogModuleManager: Shutting down and abandoning module Android_PVRTCTargetPlatform (101)
[2018.05.15-23.01.08:656][615]LogModuleManager: Shutting down and abandoning module Android_MultiTargetPlatform (99)
[2018.05.15-23.01.08:656][615]LogModuleManager: Shutting down and abandoning module Android_ETC2TargetPlatform (97)
[2018.05.15-23.01.08:656][615]LogModuleManager: Shutting down and abandoning module Android_ETC1TargetPlatform (95)
[2018.05.15-23.01.08:656][615]LogModuleManager: Shutting down and abandoning module Android_ETC1aTargetPlatform (93)
[2018.05.15-23.01.08:656][615]LogModuleManager: Shutting down and abandoning module Android_DXTTargetPlatform (91)
[2018.05.15-23.01.08:656][615]LogModuleManager: Shutting down and abandoning module Android_ATCTargetPlatform (89)
[2018.05.15-23.01.08:656][615]LogModuleManager: Shutting down and abandoning module Android_ASTCTargetPlatform (87)
[2018.05.15-23.01.08:656][615]LogModuleManager: Shutting down and abandoning module WindowsTargetPlatform (85)
[2018.05.15-23.01.08:656][615]LogModuleManager: Shutting down and abandoning module WindowsServerTargetPlatform (83)
[2018.05.15-23.01.08:656][615]LogModuleManager: Shutting down and abandoning module WindowsNoEditorTargetPlatform (81)
[2018.05.15-23.01.08:656][615]LogModuleManager: Shutting down and abandoning module WindowsClientTargetPlatform (79)
[2018.05.15-23.01.08:656][615]LogModuleManager: Shutting down and abandoning module MacTargetPlatform (77)
[2018.05.15-23.01.08:656][615]LogModuleManager: Shutting down and abandoning module MacServerTargetPlatform (75)
[2018.05.15-23.01.08:656][615]LogModuleManager: Shutting down and abandoning module MacNoEditorTargetPlatform (73)
[2018.05.15-23.01.08:656][615]LogModuleManager: Shutting down and abandoning module MacClientTargetPlatform (71)
[2018.05.15-23.01.08:656][615]LogModuleManager: Shutting down and abandoning module AllDesktopTargetPlatform (69)
[2018.05.15-23.01.08:656][615]LogModuleManager: Shutting down and abandoning module InputCore (66)
[2018.05.15-23.01.08:656][615]LogModuleManager: Shutting down and abandoning module Settings (64)
[2018.05.15-23.01.08:656][615]LogModuleManager: Shutting down and abandoning module PhysXCooking (62)
[2018.05.15-23.01.08:656][615]LogModuleManager: Shutting down and abandoning module SteamVR (60)
[2018.05.15-23.01.08:656][615]LogModuleManager: Shutting down and abandoning module OculusHMD (58)
[2018.05.15-23.01.08:656][615]LogModuleManager: Shutting down and abandoning module ExampleDeviceProfileSelector (56)
[2018.05.15-23.01.08:656][615]LogModuleManager: Shutting down and abandoning module AppleARKit (54)
[2018.05.15-23.01.08:656][615]LogModuleManager: Shutting down and abandoning module AugmentedReality (51)
[2018.05.15-23.01.08:656][615]LogModuleManager: Shutting down and abandoning module OnlineBlueprintSupport (48)
[2018.05.15-23.01.08:656][615]LogModuleManager: Shutting down and abandoning module OnlineSubsystem (44)
[2018.05.15-23.01.08:657][615]LogModuleManager: Shutting down and abandoning module XMPP (43)
[2018.05.15-23.01.08:657][615]LogModuleManager: Shutting down and abandoning module HTTP (41)
[2018.05.15-23.01.08:657][615]LogHttp: Display: Http module shutting down, but needs to wait on 1 outstanding Http requests:
[2018.05.15-23.01.08:657][615]LogHttp: Display: 	verb=[POST] url=[https://datarouter.ol.epicgames.com/datarouter/api/v1/public/data?SessionID=%7B8C53BFAB-4C7B-6571-BBB6-6FB27AE8446F%7D&AppID=UEEditor.Rocket.Release&AppVersion=4.19.1-3989454%2B%2B%2BUE4%2BRelease-4.19&UserID=d3efc3e54a97e961f5f600b9525141d5%7Cbe1aaea5a25646238eda00c2d0321415%7Ce883cee1-9abc-4ed9-848c-804d620415b1&AppEnvironment=datacollector-binary&UploadType=eteventstream] status=Processing
[2018.05.15-23.01.08:688][615]LogModuleManager: Shutting down and abandoning module SSL (40)
[2018.05.15-23.01.08:692][615]LogModuleManager: Shutting down and abandoning module AnimationModifiers (36)
[2018.05.15-23.01.08:692][615]LogModuleManager: Shutting down and abandoning module PropertyEditor (35)
[2018.05.15-23.01.08:692][615]LogModuleManager: Shutting down and abandoning module AudioEditor (32)
[2018.05.15-23.01.08:692][615]LogModuleManager: Shutting down and abandoning module TextureCompressor (30)
[2018.05.15-23.01.08:693][615]LogModuleManager: Shutting down and abandoning module ShaderCore (28)
[2018.05.15-23.01.08:693][615]LogModuleManager: Shutting down and abandoning module Landscape (26)
[2018.05.15-23.01.08:693][615]LogModuleManager: Shutting down and abandoning module SlateRHIRenderer (24)
[2018.05.15-23.01.08:699][615]LogModuleManager: Shutting down and abandoning module OpenGLDrv (22)
[2018.05.15-23.01.08:699][615]LogModuleManager: Shutting down and abandoning module D3D11RHI (20)
[2018.05.15-23.01.08:699][615]LogModuleManager: Shutting down and abandoning module AnimGraphRuntime (18)
[2018.05.15-23.01.08:699][615]LogModuleManager: Shutting down and abandoning module Renderer (16)
[2018.05.15-23.01.08:699][615]LogModuleManager: Shutting down and abandoning module Engine (14)
[2018.05.15-23.01.08:699][615]LogModuleManager: Shutting down and abandoning module CoreUObject (12)
[2018.05.15-23.01.08:699][615]LogModuleManager: Shutting down and abandoning module NetworkFile (10)
[2018.05.15-23.01.08:699][615]LogModuleManager: Shutting down and abandoning module CookedIterativeFile (8)
[2018.05.15-23.01.08:699][615]LogModuleManager: Shutting down and abandoning module StreamingFile (6)
[2018.05.15-23.01.08:699][615]LogModuleManager: Shutting down and abandoning module SandboxFile (4)
[2018.05.15-23.01.08:699][615]LogModuleManager: Shutting down and abandoning module PakFile (2)
[2018.05.15-23.01.08:703][615]LogExit: Exiting.
[2018.05.15-23.01.08:724][615]Log file closed, 05/15/18 19:01:08
