Log file open, 06/13/18 09:24:44
LogWindows: Failed to load 'aqProf.dll' (GetLastError=126)
LogWindows: File 'aqProf.dll' does not exist
LogWindows: Failed to load 'VtuneApi.dll' (GetLastError=126)
LogWindows: File 'VtuneApi.dll' does not exist
LogWindows: Failed to load 'VtuneApi32e.dll' (GetLastError=126)
LogWindows: File 'VtuneApi32e.dll' does not exist
LogInit: Display: Running engine for game: Project_Assemble
LogPlatformFile: Not using cached read wrapper
LogInit: Display: RandInit(954972706) SRandInit(954972706).
LogInit: Read version file with build ID '3944462'
LogInit: Overriding engine version to CL 4033788, compatible CL 3944462
LogInit: Registered custom module enumerator with build ID '3944462'
LogTaskGraph: Started task graph with 5 named threads and 14 total threads with 3 sets of task threads.
LogStats: Stats thread started at 0.183238
LogD3D11RHI: Aftermath initialized
LogICUInternationalization: Display: ICU TimeZone Detection - Raw Offset: -5:00, Platform Override: ''
LogModuleManager: Display: Found up-to-date module file ../../../Engine/Plugins/2D/Paper2D/Binaries/Win64/UE4Editor-Paper2D.dll (API version 3944462).
LogModuleManager: Display: Found up-to-date module file ../../../Engine/Plugins/2D/Paper2D/Binaries/Win64/UE4Editor-Paper2DEditor.dll (API version 3944462).
LogModuleManager: Display: Found up-to-date module file ../../../Engine/Plugins/2D/Paper2D/Binaries/Win64/UE4Editor-PaperSpriteSheetImporter.dll (API version 3944462).
LogModuleManager: Display: Found up-to-date module file ../../../Engine/Plugins/2D/Paper2D/Binaries/Win64/UE4Editor-PaperTiledImporter.dll (API version 3944462).
LogModuleManager: Display: Found up-to-date module file ../../../Engine/Plugins/2D/Paper2D/Binaries/Win64/UE4Editor-SmartSnapping.dll (API version 3944462).
LogModuleManager: Display: Found up-to-date module file ../../../Engine/Plugins/Blendables/LightPropagationVolume/Binaries/Win64/UE4Editor-LightPropagationVolumeRuntime.dll (API version 3944462).
LogModuleManager: Display: Found up-to-date module file ../../../Engine/Plugins/Blendables/LightPropagationVolume/Binaries/Win64/UE4Editor-LightPropagationVolumeEditor.dll (API version 3944462).
LogModuleManager: Display: Found up-to-date module file ../../../Engine/Plugins/Developer/CLionSourceCodeAccess/Binaries/Win64/UE4Editor-CLionSourceCodeAccess.dll (API version 3944462).
LogModuleManager: Display: Found up-to-date module file ../../../Engine/Plugins/Developer/GitSourceControl/Binaries/Win64/UE4Editor-GitSourceControl.dll (API version 3944462).
LogModuleManager: Display: Found up-to-date module file ../../../Engine/Plugins/Developer/PerforceSourceControl/Binaries/Win64/UE4Editor-PerforceSourceControl.dll (API version 3944462).
LogModuleManager: Display: Found up-to-date module file ../../../Engine/Plugins/Developer/SubversionSourceControl/Binaries/Win64/UE4Editor-SubversionSourceControl.dll (API version 3944462).
LogModuleManager: Display: Found up-to-date module file ../../../Engine/Plugins/Developer/UObjectPlugin/Binaries/Win64/UE4Editor-UObjectPlugin.dll (API version 3944462).
LogModuleManager: Display: Found up-to-date module file ../../../Engine/Plugins/Developer/VisualStudioCodeSourceCodeAccess/Binaries/Win64/UE4Editor-VisualStudioCodeSourceCodeAccess.dll (API version 3944462).
LogModuleManager: Display: Found up-to-date module file ../../../Engine/Plugins/Developer/VisualStudioSourceCodeAccess/Binaries/Win64/UE4Editor-VisualStudioSourceCodeAccess.dll (API version 3944462).
LogModuleManager: Display: Found up-to-date module file ../../../Engine/Plugins/Editor/AssetManagerEditor/Binaries/Win64/UE4Editor-AssetManagerEditor.dll (API version 3944462).
LogModuleManager: Display: Found up-to-date module file ../../../Engine/Plugins/Editor/CryptoKeys/Binaries/Win64/UE4Editor-CryptoKeys.dll (API version 3944462).
LogModuleManager: Display: Found up-to-date module file ../../../Engine/Plugins/Editor/CryptoKeys/Binaries/Win64/UE4Editor-CryptoKeysOpenSSL.dll (API version 3944462).
LogModuleManager: Display: Found up-to-date module file ../../../Engine/Plugins/Editor/DataValidation/Binaries/Win64/UE4Editor-DataValidation.dll (API version 3944462).
LogModuleManager: Display: Found up-to-date module file ../../../Engine/Plugins/Editor/FacialAnimation/Binaries/Win64/UE4Editor-FacialAnimation.dll (API version 3944462).
LogModuleManager: Display: Found up-to-date module file ../../../Engine/Plugins/Editor/FacialAnimation/Binaries/Win64/UE4Editor-FacialAnimationEditor.dll (API version 3944462).
LogModuleManager: Display: Found up-to-date module file ../../../Engine/Plugins/Editor/GameplayTagsEditor/Binaries/Win64/UE4Editor-GameplayTagsEditor.dll (API version 3944462).
LogModuleManager: Display: Found up-to-date module file ../../../Engine/Plugins/Editor/MobileLauncherProfileWizard/Binaries/Win64/UE4Editor-MobileLauncherProfileWizard.dll (API version 3944462).
LogModuleManager: Display: Found up-to-date module file ../../../Engine/Plugins/Editor/PluginBrowser/Binaries/Win64/UE4Editor-PluginBrowser.dll (API version 3944462).
LogModuleManager: Display: Found up-to-date module file ../../../Engine/Plugins/Editor/SpeedTreeImporter/Binaries/Win64/UE4Editor-SpeedTreeImporter.dll (API version 3944462).
LogModuleManager: Display: Found up-to-date module file ../../../Engine/Plugins/Enterprise/DatasmithContent/Binaries/Win64/UE4Editor-DatasmithContent.dll (API version 3944462).
LogModuleManager: Display: Found up-to-date module file ../../../Engine/Plugins/Experimental/AlembicImporter/Binaries/Win64/UE4Editor-AlembicImporter.dll (API version 3944462).
LogModuleManager: Display: Found up-to-date module file ../../../Engine/Plugins/Experimental/AlembicImporter/Binaries/Win64/UE4Editor-AlembicLibrary.dll (API version 3944462).
LogModuleManager: Display: Found up-to-date module file ../../../Engine/Plugins/Experimental/CharacterAI/Binaries/Win64/UE4Editor-CharacterAI.dll (API version 3944462).
LogModuleManager: Display: Found up-to-date module file ../../../Engine/Plugins/Experimental/HTML5Networking/Binaries/Win64/UE4Editor-HTML5Networking.dll (API version 3944462).
LogModuleManager: Display: Found up-to-date module file ../../../Engine/Plugins/Media/AndroidMedia/Binaries/Win64/UE4Editor-AndroidMediaEditor.dll (API version 3944462).
LogModuleManager: Display: Found up-to-date module file ../../../Engine/Plugins/Media/AndroidMedia/Binaries/Win64/UE4Editor-AndroidMediaFactory.dll (API version 3944462).
LogModuleManager: Display: Found up-to-date module file ../../../Engine/Plugins/Media/AvfMedia/Binaries/Win64/UE4Editor-AvfMediaEditor.dll (API version 3944462).
LogModuleManager: Display: Found up-to-date module file ../../../Engine/Plugins/Media/AvfMedia/Binaries/Win64/UE4Editor-AvfMediaFactory.dll (API version 3944462).
LogModuleManager: Display: Found up-to-date module file ../../../Engine/Plugins/Media/AvfMedia/Binaries/Win64/UE4Editor-AvfMediaFactory.dll (API version 3944462).
LogModuleManager: Display: Found up-to-date module file ../../../Engine/Plugins/Media/ImgMedia/Binaries/Win64/UE4Editor-ImgMedia.dll (API version 3944462).
LogModuleManager: Display: Found up-to-date module file ../../../Engine/Plugins/Media/ImgMedia/Binaries/Win64/UE4Editor-ImgMediaEditor.dll (API version 3944462).
LogModuleManager: Display: Found up-to-date module file ../../../Engine/Plugins/Media/ImgMedia/Binaries/Win64/UE4Editor-ImgMediaFactory.dll (API version 3944462).
LogModuleManager: Display: Found up-to-date module file ../../../Engine/Plugins/Media/ImgMedia/Binaries/Win64/UE4Editor-ImgMediaFactory.dll (API version 3944462).
LogModuleManager: Display: Found up-to-date module file ../../../Engine/Plugins/Media/ImgMedia/Binaries/Win64/UE4Editor-OpenExrWrapper.dll (API version 3944462).
LogModuleManager: Display: Found up-to-date module file ../../../Engine/Plugins/Media/LinearTimecode/Binaries/Win64/UE4Editor-LinearTimecode.dll (API version 3944462).
LogModuleManager: Display: Found up-to-date module file ../../../Engine/Plugins/Media/MediaCompositing/Binaries/Win64/UE4Editor-MediaCompositing.dll (API version 3944462).
LogModuleManager: Display: Found up-to-date module file ../../../Engine/Plugins/Media/MediaCompositing/Binaries/Win64/UE4Editor-MediaCompositingEditor.dll (API version 3944462).
LogModuleManager: Display: Found up-to-date module file ../../../Engine/Plugins/Media/MediaPlayerEditor/Binaries/Win64/UE4Editor-MediaPlayerEditor.dll (API version 3944462).
LogModuleManager: Display: Found up-to-date module file ../../../Engine/Plugins/Media/WmfMedia/Binaries/Win64/UE4Editor-WmfMedia.dll (API version 3944462).
LogModuleManager: Display: Found up-to-date module file ../../../Engine/Plugins/Media/WmfMedia/Binaries/Win64/UE4Editor-WmfMediaEditor.dll (API version 3944462).
LogModuleManager: Display: Found up-to-date module file ../../../Engine/Plugins/Media/WmfMedia/Binaries/Win64/UE4Editor-WmfMediaFactory.dll (API version 3944462).
LogModuleManager: Display: Found up-to-date module file ../../../Engine/Plugins/Media/WmfMedia/Binaries/Win64/UE4Editor-WmfMediaFactory.dll (API version 3944462).
LogModuleManager: Display: Found up-to-date module file ../../../Engine/Plugins/Messaging/TcpMessaging/Binaries/Win64/UE4Editor-TcpMessaging.dll (API version 3944462).
LogModuleManager: Display: Found up-to-date module file ../../../Engine/Plugins/Messaging/UdpMessaging/Binaries/Win64/UE4Editor-UdpMessaging.dll (API version 3944462).
LogModuleManager: Display: Found up-to-date module file ../../../Engine/Plugins/MovieScene/ActorSequence/Binaries/Win64/UE4Editor-ActorSequence.dll (API version 3944462).
LogModuleManager: Display: Found up-to-date module file ../../../Engine/Plugins/MovieScene/LevelSequenceEditor/Binaries/Win64/UE4Editor-LevelSequenceEditor.dll (API version 3944462).
LogModuleManager: Display: Found up-to-date module file ../../../Engine/Plugins/MovieScene/MatineeToLevelSequence/Binaries/Win64/UE4Editor-MatineeToLevelSequence.dll (API version 3944462).
LogModuleManager: Display: Found up-to-date module file ../../../Engine/Plugins/NetcodeUnitTest/NetcodeUnitTest/Binaries/Win64/UE4Editor-NetcodeUnitTest.dll (API version 3944462).
LogModuleManager: Display: Found up-to-date module file ../../../Engine/Plugins/NetcodeUnitTest/NUTUnrealEngine4/Binaries/Win64/UE4Editor-NUTUnrealEngine4.dll (API version 3944462).
LogModuleManager: Display: Found up-to-date module file ../../../Engine/Plugins/Online/OnlineSubsystem/Binaries/Win64/UE4Editor-OnlineSubsystem.dll (API version 3944462).
LogModuleManager: Display: Found up-to-date module file ../../../Engine/Plugins/Runtime/AndroidPermission/Binaries/Win64/UE4Editor-AndroidPermission.dll (API version 3944462).
LogModuleManager: Display: Found up-to-date module file ../../../Engine/Plugins/Online/OnlineSubsystemNull/Binaries/Win64/UE4Editor-OnlineSubsystemNull.dll (API version 3944462).
LogModuleManager: Display: Found up-to-date module file ../../../Engine/Plugins/Online/OnlineSubsystemUtils/Binaries/Win64/UE4Editor-OnlineSubsystemUtils.dll (API version 3944462).
LogModuleManager: Display: Found up-to-date module file ../../../Engine/Plugins/Online/OnlineSubsystemUtils/Binaries/Win64/UE4Editor-OnlineBlueprintSupport.dll (API version 3944462).
LogModuleManager: Display: Found up-to-date module file ../../../Engine/Plugins/Runtime/AndroidDeviceProfileSelector/Binaries/Win64/UE4Editor-AndroidDeviceProfileSelector.dll (API version 3944462).
LogModuleManager: Display: Found up-to-date module file ../../../Engine/Plugins/Runtime/AppleARKit/Binaries/Win64/UE4Editor-AppleARKit.dll (API version 3944462).
LogModuleManager: Display: Found up-to-date module file ../../../Engine/Plugins/Runtime/ProceduralMeshComponent/Binaries/Win64/UE4Editor-ProceduralMeshComponent.dll (API version 3944462).
LogModuleManager: Display: Found up-to-date module file ../../../Engine/Plugins/Runtime/ProceduralMeshComponent/Binaries/Win64/UE4Editor-ProceduralMeshComponentEditor.dll (API version 3944462).
LogModuleManager: Display: Found up-to-date module file ../../../Engine/Plugins/Animation/LiveLink/Binaries/Win64/UE4Editor-LiveLink.dll (API version 3944462).
LogModuleManager: Display: Found up-to-date module file ../../../Engine/Plugins/Animation/LiveLink/Binaries/Win64/UE4Editor-LiveLinkEditor.dll (API version 3944462).
LogModuleManager: Display: Found up-to-date module file ../../../Engine/Plugins/Runtime/ArchVisCharacter/Binaries/Win64/UE4Editor-ArchVisCharacter.dll (API version 3944462).
LogModuleManager: Display: Found up-to-date module file ../../../Engine/Plugins/Runtime/AudioCapture/Binaries/Win64/UE4Editor-AudioCapture.dll (API version 3944462).
LogModuleManager: Display: Found up-to-date module file ../../../Engine/Plugins/Runtime/AudioCapture/Binaries/Win64/UE4Editor-AudioCaptureEditor.dll (API version 3944462).
LogModuleManager: Display: Found up-to-date module file ../../../Engine/Plugins/Runtime/CableComponent/Binaries/Win64/UE4Editor-CableComponent.dll (API version 3944462).
LogModuleManager: Display: Found up-to-date module file ../../../Engine/Plugins/Runtime/CustomMeshComponent/Binaries/Win64/UE4Editor-CustomMeshComponent.dll (API version 3944462).
LogModuleManager: Display: Found up-to-date module file ../../../Engine/Plugins/Runtime/ExampleDeviceProfileSelector/Binaries/Win64/UE4Editor-ExampleDeviceProfileSelector.dll (API version 3944462).
LogModuleManager: Display: Found up-to-date module file ../../../Engine/Plugins/Runtime/ImmediatePhysics/Binaries/Win64/UE4Editor-ImmediatePhysics.dll (API version 3944462).
LogModuleManager: Display: Found up-to-date module file ../../../Engine/Plugins/Runtime/ImmediatePhysics/Binaries/Win64/UE4Editor-ImmediatePhysicsEditor.dll (API version 3944462).
LogModuleManager: Display: Found up-to-date module file ../../../Engine/Plugins/Runtime/LocationServicesBPLibrary/Binaries/Win64/UE4Editor-LocationServicesBPLibrary.dll (API version 3944462).
LogModuleManager: Display: Found up-to-date module file ../../../Engine/Plugins/Runtime/MobilePatchingUtils/Binaries/Win64/UE4Editor-MobilePatchingUtils.dll (API version 3944462).
LogModuleManager: Display: Found up-to-date module file ../../../Engine/Plugins/Runtime/Oculus/OculusVR/Binaries/Win64/UE4Editor-OculusHMD.dll (API version 3944462).
LogModuleManager: Display: Found up-to-date module file ../../../Engine/Plugins/Runtime/Oculus/OculusVR/Binaries/Win64/UE4Editor-OculusInput.dll (API version 3944462).
LogModuleManager: Display: Found up-to-date module file ../../../Engine/Plugins/Runtime/Oculus/OculusVR/Binaries/Win64/UE4Editor-OculusEditor.dll (API version 3944462).
LogModuleManager: Display: Found up-to-date module file ../../../Engine/Plugins/Runtime/PhysXVehicles/Binaries/Win64/UE4Editor-PhysXVehicles.dll (API version 3944462).
LogModuleManager: Display: Found up-to-date module file ../../../Engine/Plugins/Runtime/PhysXVehicles/Binaries/Win64/UE4Editor-PhysXVehiclesEditor.dll (API version 3944462).
LogModuleManager: Display: Found up-to-date module file ../../../Engine/Plugins/Runtime/RuntimePhysXCooking/Binaries/Win64/UE4Editor-RuntimePhysXCooking.dll (API version 3944462).
LogModuleManager: Display: Found up-to-date module file ../../../Engine/Plugins/Runtime/Steam/SteamVR/Binaries/Win64/UE4Editor-SteamVR.dll (API version 3944462).
LogModuleManager: Display: Found up-to-date module file ../../../Engine/Plugins/Runtime/Steam/SteamVR/Binaries/Win64/UE4Editor-SteamVRController.dll (API version 3944462).
LogModuleManager: Display: Found up-to-date module file ../../../Engine/Plugins/Runtime/WindowsMoviePlayer/Binaries/Win64/UE4Editor-WindowsMoviePlayer.dll (API version 3944462).
LogPluginManager: Mounting plugin Paper2D
LogPluginManager: Mounting plugin LiveLink
LogPluginManager: Mounting plugin LightPropagationVolume
LogPluginManager: Mounting plugin CLionSourceCodeAccess
LogPluginManager: Mounting plugin CodeLiteSourceCodeAccess
LogPluginManager: Mounting plugin GitSourceControl
LogPluginManager: Mounting plugin KDevelopSourceCodeAccess
LogPluginManager: Mounting plugin NullSourceCodeAccess
LogPluginManager: Mounting plugin PerforceSourceControl
LogPluginManager: Mounting plugin SubversionSourceControl
LogPluginManager: Mounting plugin UObjectPlugin
LogPluginManager: Mounting plugin VisualStudioCodeSourceCodeAccess
LogPluginManager: Mounting plugin VisualStudioSourceCodeAccess
LogPluginManager: Mounting plugin XCodeSourceCodeAccess
LogPluginManager: Mounting plugin AssetManagerEditor
LogPluginManager: Mounting plugin CryptoKeys
LogPluginManager: Mounting plugin DataValidation
LogPluginManager: Mounting plugin FacialAnimation
LogPluginManager: Mounting plugin GameplayTagsEditor
LogPluginManager: Mounting plugin MobileLauncherProfileWizard
LogPluginManager: Mounting plugin PluginBrowser
LogPluginManager: Mounting plugin SpeedTreeImporter
LogPluginManager: Mounting plugin DatasmithContent
LogPluginManager: Mounting plugin AlembicImporter
LogPluginManager: Mounting plugin CharacterAI
LogPluginManager: Mounting plugin HTML5Networking
LogPluginManager: Mounting plugin AndroidMedia
LogPluginManager: Mounting plugin AvfMedia
LogPluginManager: Mounting plugin ImgMedia
LogPluginManager: Mounting plugin LinearTimecode
LogPluginManager: Mounting plugin MediaCompositing
LogPluginManager: Mounting plugin MediaPlayerEditor
LogPluginManager: Mounting plugin WmfMedia
LogPluginManager: Mounting plugin TcpMessaging
LogPluginManager: Mounting plugin UdpMessaging
LogPluginManager: Mounting plugin ActorSequence
LogPluginManager: Mounting plugin LevelSequenceEditor
LogPluginManager: Mounting plugin MatineeToLevelSequence
LogPluginManager: Mounting plugin NetcodeUnitTest
LogPluginManager: Mounting plugin NUTUnrealEngine4
LogPluginManager: Mounting plugin OnlineSubsystemGooglePlay
LogPluginManager: Mounting plugin OnlineSubsystemIOS
LogPluginManager: Mounting plugin OnlineSubsystem
LogPluginManager: Mounting plugin OnlineSubsystemNull
LogPluginManager: Mounting plugin OnlineSubsystemUtils
LogPluginManager: Mounting plugin AndroidDeviceProfileSelector
LogPluginManager: Mounting plugin AndroidMoviePlayer
LogPluginManager: Mounting plugin AndroidPermission
LogPluginManager: Mounting plugin AppleARKit
LogPluginManager: Mounting plugin AppleMoviePlayer
LogPluginManager: Mounting plugin ArchVisCharacter
LogPluginManager: Mounting plugin AudioCapture
LogPluginManager: Mounting plugin CableComponent
LogPluginManager: Mounting plugin CustomMeshComponent
LogPluginManager: Mounting plugin ExampleDeviceProfileSelector
LogPluginManager: Mounting plugin GoogleCloudMessaging
LogPluginManager: Mounting plugin ImmediatePhysics
LogPluginManager: Mounting plugin IOSDeviceProfileSelector
LogPluginManager: Mounting plugin LinuxDeviceProfileSelector
LogPluginManager: Mounting plugin LocationServicesBPLibrary
LogPluginManager: Mounting plugin MobilePatchingUtils
LogPluginManager: Mounting plugin OculusVR
LogPluginManager: Plugin shader directory ../../../Engine/Plugins/Runtime/Oculus/OculusVR/Shaders found
LogPluginManager: Mapping shader source directory ../../../Engine/Plugins/Runtime/Oculus/OculusVR/Shaders to virtual directory /Plugin/OculusVR
LogPluginManager: Mounting plugin PhysXVehicles
LogPluginManager: Mounting plugin ProceduralMeshComponent
LogPluginManager: Mounting plugin RuntimePhysXCooking
LogPluginManager: Mounting plugin SteamVR
LogPluginManager: Mounting plugin WindowsMoviePlayer
LogStreaming: Display: Took  3.083s to configure plugins.
LogInit: Using libcurl 7.47.1
LogInit:  - built for x86_64-pc-win32
LogInit:  - supports SSL with OpenSSL/1.0.2g
LogInit:  - supports HTTP deflate (compression) using libz 1.2.8
LogInit:  - other features:
LogInit:      CURL_VERSION_SSL
LogInit:      CURL_VERSION_LIBZ
LogInit:      CURL_VERSION_IPV6
LogInit:      CURL_VERSION_ASYNCHDNS
LogInit:      CURL_VERSION_LARGEFILE
LogInit:      CURL_VERSION_IDN
LogInit:  CurlRequestOptions (configurable via config and command line):
LogInit:  - bVerifyPeer = false  - Libcurl will NOT verify peer certificate
LogInit:  - bUseHttpProxy = false  - Libcurl will NOT use HTTP proxy
LogInit:  - bDontReuseConnections = false  - Libcurl will reuse connections
LogInit:  - CertBundlePath = nullptr  - Libcurl will use whatever was configured at build time.
LogInit:  - MaxHostConnections = 16  - Libcurl will limit the number of connections to a host
LogInit:  - LocalHostAddr = Default
LogInit: WinSock: version 1.1 (2.2), MaxSocks=32767, MaxUdp=65467
LogInit: WinSock: I am MSI (10.252.10.41:0)
LogInit: Build: ++UE4+Release-4.19-CL-4033788
LogInit: Engine Version: 4.19.2-4033788+++UE4+Release-4.19
LogInit: Compatible Engine Version: 4.19.0-3944462+++UE4+Release-4.19
LogInit: Net CL: 3944462
LogDevObjectVersion: Number of dev versions registered: 18
LogDevObjectVersion:   Dev-Blueprints (B0D832E4-1F89-4F0D-ACCF-7EB736FD4AA2): 10
LogDevObjectVersion:   Dev-Build (E1C64328-A22C-4D53-A36C-8E866417BD8C): 0
LogDevObjectVersion:   Dev-Core (375EC13C-06E4-48FB-B500-84F0262A717E): 2
LogDevObjectVersion:   Dev-Editor (E4B068ED-F494-42E9-A231-DA0B2E46BB41): 23
LogDevObjectVersion:   Dev-Framework (CFFC743F-43B0-4480-9391-14DF171D2073): 33
LogDevObjectVersion:   Dev-Mobile (B02B49B5-BB20-44E9-A304-32B752E40360): 2
LogDevObjectVersion:   Dev-Networking (A4E4105C-59A1-49B5-A7C5-40C4547EDFEE): 0
LogDevObjectVersion:   Dev-Online (39C831C9-5AE6-47DC-9A44-9C173E1C8E7C): 0
LogDevObjectVersion:   Dev-Physics (78F01B33-EBEA-4F98-B9B4-84EACCB95AA2): 0
LogDevObjectVersion:   Dev-Platform (6631380F-2D4D-43E0-8009-CF276956A95A): 0
LogDevObjectVersion:   Dev-Rendering (12F88B9F-8875-4AFC-A67C-D90C383ABD29): 25
LogDevObjectVersion:   Dev-Sequencer (7B5AE74C-D270-4C10-A958-57980B212A5A): 6
LogDevObjectVersion:   Dev-VR (D7296918-1DD6-4BDD-9DE2-64A83CC13884): 1
LogDevObjectVersion:   Dev-LoadTimes (C2A15278-BFE7-4AFE-6C17-90FF531DF755): 1
LogDevObjectVersion:   Private-Geometry (6EACA3D4-40EC-4CC1-B786-8BED09428FC5): 2
LogDevObjectVersion:   Dev-AnimPhys (29E575DD-E0A3-4627-9D10-D276232CDCEA): 16
LogDevObjectVersion:   Dev-ReflectionCapture (6B266CEC-1EC7-4B8F-A30B-E4D90942FC07): 1
LogDevObjectVersion:   Dev-Automation (0DF73D61-A23F-47EA-B727-89E90C41499A): 1
LogInit: Compiled (64-bit): Apr 27 2018 02:06:57
LogInit: Compiled with Visual C++: 19.00.24215.01
LogInit: Build Configuration: Development
LogInit: Branch Name: ++UE4+Release-4.19
LogInit: Command Line: -EpicPortal 
LogInit: Base Directory: D:/UE_4.19/Engine/Binaries/Win64/
LogInit: Installed Engine Build: 1
LogStreaming: Display: Took  0.008s to delete old logs.
LogInit: Presizing for max 8388607 objects, including 0 objects not considered by GC, pre-allocating 0 bytes for permanent pool.
LogInit: Object subsystem initialized
[2018.06.13-13.24.46:450][  0]LogInit: Selected Device Profile: [Windows]
[2018.06.13-13.24.46:450][  0]LogInit: Applying CVar settings loaded from the selected device profile: [Windows]
[2018.06.13-13.24.46:481][  0]LogInit: Computer: MSI
[2018.06.13-13.24.46:481][  0]LogInit: User: Andrew
[2018.06.13-13.24.46:481][  0]LogInit: CPU Page size=4096, Cores=4
[2018.06.13-13.24.46:481][  0]LogInit: High frequency timer resolution =2.437500 MHz
[2018.06.13-13.24.46:481][  0]LogMemory: Memory total: Physical=7.9GB (8GB approx)
[2018.06.13-13.24.46:481][  0]LogMemory: Platform Memory Stats for Windows
[2018.06.13-13.24.46:481][  0]LogMemory: Process Physical Memory: 274.25 MB used, 274.25 MB peak
[2018.06.13-13.24.46:481][  0]LogMemory: Process Virtual Memory: 266.12 MB used, 266.12 MB peak
[2018.06.13-13.24.46:481][  0]LogMemory: Physical Memory: 4832.59 MB used,  3279.46 MB free, 8112.04 MB total
[2018.06.13-13.24.46:481][  0]LogMemory: Virtual Memory: 4785.04 MB used,  3279.46 MB free, 134217728.00 MB total
[2018.06.13-13.24.46:692][  0]LogInit: Using OS detected language (en-US).
[2018.06.13-13.24.46:692][  0]LogInit: Using OS detected locale (en-US).
[2018.06.13-13.24.46:698][  0]LogTextLocalizationManager: No specific localization for 'en-US' exists, so the 'en' localization will be used.
[2018.06.13-13.24.47:179][  0]LogStreaming: Display: Took  0.487s to EndInitTextLocalization.
[2018.06.13-13.24.47:179][  0]LogInit: Setting process to per monitor DPI aware
[2018.06.13-13.24.47:203][  0]LogSlate: New Slate User Created.  User Index 0, Is Virtual User: 0
[2018.06.13-13.24.47:203][  0]LogSlate: Slate User Registered.  User Index 0, Is Virtual User: 0
[2018.06.13-13.24.47:523][  0]LogD3D11RHI: D3D11 adapters:
[2018.06.13-13.24.48:228][  0]LogD3D11RHI:    0. 'NVIDIA GeForce GTX 1050' (Feature Level 11_0)
[2018.06.13-13.24.48:228][  0]LogD3D11RHI:       2009/0/4056 MB DedicatedVideo/DedicatedSystem/SharedSystem, Outputs:1, VendorId:0x10de
[2018.06.13-13.24.48:243][  0]LogD3D11RHI:    1. 'Intel(R) HD Graphics 630' (Feature Level 11_0)
[2018.06.13-13.24.48:243][  0]LogD3D11RHI:       128/0/4056 MB DedicatedVideo/DedicatedSystem/SharedSystem, Outputs:0, VendorId:0x8086
[2018.06.13-13.24.48:246][  0]LogD3D11RHI:    2. 'Microsoft Basic Render Driver' (Feature Level 11_0)
[2018.06.13-13.24.48:246][  0]LogD3D11RHI:       0/0/4056 MB DedicatedVideo/DedicatedSystem/SharedSystem, Outputs:0, VendorId:0x1414
[2018.06.13-13.24.48:246][  0]LogD3D11RHI: Chosen D3D11 Adapter: 0
[2018.06.13-13.24.48:263][  0]LogD3D11RHI: Creating new Direct3DDevice
[2018.06.13-13.24.48:263][  0]LogD3D11RHI:     GPU DeviceId: 0x1c8d (for the marketing name, search the web for "GPU Device Id")
[2018.06.13-13.24.48:263][  0]LogWindows: EnumDisplayDevices:
[2018.06.13-13.24.48:263][  0]LogWindows:    0. 'Intel(R) HD Graphics 630' (P:1 D:1)
[2018.06.13-13.24.48:267][  0]LogWindows:    1. 'Intel(R) HD Graphics 630' (P:0 D:0)
[2018.06.13-13.24.48:267][  0]LogWindows:    2. 'Intel(R) HD Graphics 630' (P:0 D:0)
[2018.06.13-13.24.48:267][  0]LogWindows: DebugString: GetVideoDriverDetailsInvalid PrimaryIsNotTheChoosenAdapter GetVideoDriverDetailsInvalid PrimaryIsNotTheChoosenAdapter GetVideoDriverDetailsInvalid PrimaryIsNotTheChoosenAdapter FoundDriverCount:0 
[2018.06.13-13.24.48:267][  0]LogD3D11RHI:     Adapter Name: NVIDIA GeForce GTX 1050
[2018.06.13-13.24.48:267][  0]LogD3D11RHI:   Driver Version: Unknown (internal:Unknown, unified:Unknown)
[2018.06.13-13.24.48:267][  0]LogD3D11RHI:      Driver Date: Unknown
[2018.06.13-13.24.48:267][  0]LogRHI: Texture pool is 1406 MB (70% of 2009 MB)
[2018.06.13-13.24.48:943][  0]LogD3D11RHI: [Aftermath] Aftermath enabled but failed to initialize
[2018.06.13-13.24.48:943][  0]LogD3D11RHI: [Aftermath] Aftermath enabled and primed
[2018.06.13-13.24.48:943][  0]LogD3D11RHI: Async texture creation enabled
[2018.06.13-13.24.48:981][  0]LogD3D11RHI: GPU Timing Frequency: 1000.000000 (Debug: 2 1)
[2018.06.13-13.24.48:982][  0]LogShaderCompilers: Guid format shader working directory is -4 characters bigger than the processId version (../../../../Repos/Project_Assemble/Project_Assemble/Intermediate/Shaders/WorkingDirectory/7956/).
[2018.06.13-13.24.48:982][  0]LogShaderCompilers: Cleaned the shader compiler working directory 'C:/Users/Andrew/AppData/Local/Temp/UnrealShaderWorkingDir/8B7343874459AEDBD91B43927E51AEEE/'.
[2018.06.13-13.24.49:241][  0]LogTemp: Display: Loaded TP AllDesktopTargetPlatform
[2018.06.13-13.24.49:254][  0]LogTemp: Display: Loaded TP MacClientTargetPlatform
[2018.06.13-13.24.49:270][  0]LogTemp: Display: Loaded TP MacNoEditorTargetPlatform
[2018.06.13-13.24.49:285][  0]LogTemp: Display: Loaded TP MacServerTargetPlatform
[2018.06.13-13.24.49:299][  0]LogTemp: Display: Loaded TP MacTargetPlatform
[2018.06.13-13.24.49:315][  0]LogTemp: Display: Loaded TP WindowsClientTargetPlatform
[2018.06.13-13.24.49:329][  0]LogTemp: Display: Loaded TP WindowsNoEditorTargetPlatform
[2018.06.13-13.24.49:343][  0]LogTemp: Display: Loaded TP WindowsServerTargetPlatform
[2018.06.13-13.24.49:351][  0]LogTemp: Display: Loaded TP WindowsTargetPlatform
[2018.06.13-13.24.49:365][  0]LogTemp: Display: Loaded TP Android_ASTCTargetPlatform
[2018.06.13-13.24.49:378][  0]LogTemp: Display: Loaded TP Android_ATCTargetPlatform
[2018.06.13-13.24.49:392][  0]LogTemp: Display: Loaded TP Android_DXTTargetPlatform
[2018.06.13-13.24.49:406][  0]LogTemp: Display: Loaded TP Android_ETC1aTargetPlatform
[2018.06.13-13.24.49:420][  0]LogTemp: Display: Loaded TP Android_ETC1TargetPlatform
[2018.06.13-13.24.49:433][  0]LogTemp: Display: Loaded TP Android_ETC2TargetPlatform
[2018.06.13-13.24.49:460][  0]LogTemp: Display: Loaded TP Android_MultiTargetPlatform
[2018.06.13-13.24.49:460][  0]LogTemp: Display: Loaded TP Android_PVRTCTargetPlatform
[2018.06.13-13.24.49:473][  0]LogTemp: Display: Loaded TP AndroidTargetPlatform
[2018.06.13-13.24.49:475][  0]LogTemp: Display: Loaded TP HTML5TargetPlatform
[2018.06.13-13.24.49:514][  0]LogTemp: Display: Loaded TP IOSTargetPlatform
[2018.06.13-13.24.49:527][  0]LogTemp: Display: Loaded TP TVOSTargetPlatform
[2018.06.13-13.24.49:540][  0]LogTemp: Display: Loaded TP LinuxClientTargetPlatform
[2018.06.13-13.24.49:553][  0]LogTemp: Display: Loaded TP LinuxNoEditorTargetPlatform
[2018.06.13-13.24.49:567][  0]LogTemp: Display: Loaded TP LinuxServerTargetPlatform
[2018.06.13-13.24.49:581][  0]LogTemp: Display: Loaded TP LinuxTargetPlatform
[2018.06.13-13.24.49:581][  0]LogTargetPlatformManager: Display: Building Assets For Windows
[2018.06.13-13.24.49:713][  0]LogXGEController: Cannot use XGE Controller as Incredibuild is not installed on this machine.
[2018.06.13-13.24.49:713][  0]LogShaderCompilers: Cannot use XGE Shader Compiler as Incredibuild is not installed on this machine.
[2018.06.13-13.24.49:713][  0]LogShaderCompilers: Display: Using Local Shader Compiler.
[2018.06.13-13.24.50:410][  0]LogDerivedDataCache: Display: Max Cache Size: 512 MB
[2018.06.13-13.24.50:487][  0]LogDerivedDataCache: Loaded boot cache 0.08s 74MB C:/Users/Andrew/AppData/Local/UnrealEngine/4.19/DerivedDataCache/Boot.ddc.
[2018.06.13-13.24.50:487][  0]LogDerivedDataCache: Display: Loaded Boot cache: C:/Users/Andrew/AppData/Local/UnrealEngine/4.19/DerivedDataCache/Boot.ddc
[2018.06.13-13.24.50:487][  0]LogDerivedDataCache: FDerivedDataBackendGraph:  Pak pak cache file ../../../../Repos/Project_Assemble/Project_Assemble/DerivedDataCache/DDC.ddp not found, will not use a pak cache.
[2018.06.13-13.24.50:487][  0]LogDerivedDataCache: Unable to find inner node Pak for hierarchical cache Hierarchy.
[2018.06.13-13.24.50:487][  0]LogDerivedDataCache: FDerivedDataBackendGraph:  CompressedPak pak cache file ../../../../Repos/Project_Assemble/Project_Assemble/DerivedDataCache/Compressed.ddp not found, will not use a pak cache.
[2018.06.13-13.24.50:487][  0]LogDerivedDataCache: Unable to find inner node CompressedPak for hierarchical cache Hierarchy.
[2018.06.13-13.24.50:504][  0]LogDerivedDataCache: Display: Pak cache opened for reading ../../../Engine/DerivedDataCache/Compressed.ddp.
[2018.06.13-13.24.50:518][  0]LogDerivedDataCache: Using Local data cache path C:/Users/Andrew/AppData/Local/UnrealEngine/Common/DerivedDataCache: Writable
[2018.06.13-13.24.50:518][  0]LogDerivedDataCache: Shared data cache path not found in *engine.ini, will not use an Shared cache.
[2018.06.13-13.24.50:518][  0]LogDerivedDataCache: Unable to find inner node Shared for hierarchical cache Hierarchy.
[2018.06.13-13.24.50:533][  0]LogMaterial: Verifying Global Shaders for PCD3D_SM5
[2018.06.13-13.24.50:533][  0]LogSlate: Using Freetype 2.6.0
[2018.06.13-13.24.50:534][  0]LogSlate: SlateFontCache - WITH_FREETYPE: 1, WITH_HARFBUZZ: 1
[2018.06.13-13.24.50:534][  0]LogSlate: SlateFontCache - WITH_FREETYPE: 1, WITH_HARFBUZZ: 1
[2018.06.13-13.24.50:692][  0]LogAssetRegistry: FAssetRegistry took 0.0267 seconds to start up
[2018.06.13-13.24.51:014][  0]LogInit: Selected Device Profile: [Windows]
[2018.06.13-13.24.51:184][  0]LogSimplygon: Simplygon DLL not present - disabling.
[2018.06.13-13.24.51:187][  0]LogMeshReduction: Using SimplygonSwarm for distributed automatic mesh merging
[2018.06.13-13.24.51:187][  0]LogMeshReduction: Using QuadricMeshReduction for automatic static mesh reduction
[2018.06.13-13.24.51:187][  0]LogMeshReduction: No automatic skeletal mesh reduction module available
[2018.06.13-13.24.51:187][  0]LogMeshReduction: No automatic mesh merging module available
[2018.06.13-13.24.51:187][  0]LogMeshMerging: No automatic mesh merging module available
[2018.06.13-13.24.51:231][  0]LogNetVersion: Project_Assemble , NetCL: 3944462, EngineNetVer: 2, GameNetVer: 0 (Checksum: 342368450)
[2018.06.13-13.24.51:849][  0]LogPackageLocalizationCache: Processed 9 localized package path(s) for 2 prioritized culture(s) in 0.194247 seconds
[2018.06.13-13.24.51:854][  0]LogUObjectArray: 36728 objects as part of root set at end of initial load.
[2018.06.13-13.24.51:854][  0]LogUObjectAllocator: 7314312 out of 0 bytes used by permanent object pool.
[2018.06.13-13.24.51:854][  0]LogUObjectArray: CloseDisregardForGC: 0/0 objects in disregard for GC pool
[2018.06.13-13.24.53:970][  0]LogTcpMessaging: Initializing TcpMessaging bridge
[2018.06.13-13.24.54:009][  0]LogUdpMessaging: Initializing bridge on interface 0.0.0.0:0 to multicast group 230.0.0.1:6666.
[2018.06.13-13.24.54:487][  0]SourceControl: Source control is disabled
[2018.06.13-13.24.54:487][  0]SourceControl: Source control is disabled
[2018.06.13-13.24.54:514][  0]SourceControl: Source control is disabled
[2018.06.13-13.24.54:540][  0]SourceControl: Source control is disabled
[2018.06.13-13.24.55:203][  0]LogAndroidPermission: UAndroidPermissionCallbackProxy::GetInstance
[2018.06.13-13.24.55:419][  0]LogOcInput: OculusInput pre-init called
[2018.06.13-13.24.55:560][  0]LogEngine: Initializing Engine...
[2018.06.13-13.24.55:561][  0]LogHMD: Failed to initialize OpenVR with code 110
[2018.06.13-13.24.55:562][  0]LogStats: UGameplayTagsManager::ConstructGameplayTagTree: Construct from data asset -  0.000 s
[2018.06.13-13.24.55:562][  0]LogStats: UGameplayTagsManager::ConstructGameplayTagTree: GameplayTagTreeChangedEvent.Broadcast -  0.000 s
[2018.06.13-13.24.55:902][  0]LogAIModule: Creating AISystem for world Untitled
[2018.06.13-13.24.55:913][  0]LogInit: XAudio2 using 'Speakers (Realtek High Definition Audio)' : 6 channels at 48 kHz using 32 bits per sample (channel mask 0x3f)
[2018.06.13-13.24.56:246][  0]LogInit: FAudioDevice initialized.
[2018.06.13-13.24.56:337][  0]LogDerivedDataCache: Saved boot cache 0.09s 74MB C:/Users/Andrew/AppData/Local/UnrealEngine/4.19/DerivedDataCache/Boot.ddc.
[2018.06.13-13.24.56:352][  0]LogInit: Texture streaming: Enabled
[2018.06.13-13.24.56:372][  0]LogEngineSessionManager: EngineSessionManager initialized
[2018.06.13-13.24.56:464][  0]LogInit: Transaction tracking system initialized
[2018.06.13-13.24.56:484][  0]BlueprintLog: New page: Editor Load
[2018.06.13-13.24.56:556][  0]LocalizationService: Localization service is disabled
[2018.06.13-13.24.56:675][  0]LogConsoleResponse: Display: 
[2018.06.13-13.24.56:886][  0]LogCook: Display: Max memory allowance for cook 16384mb min free memory 0mb
[2018.06.13-13.24.56:886][  0]LogCook: Display: Mobile HDR setting 1
[2018.06.13-13.24.56:886][  0]LogGameplayTags: Display: UGameplayTagsManager::DoneAddingNativeTags. DelegateIsBound: 0
[2018.06.13-13.24.56:886][  0]LogStats: UGameplayTagsManager::ConstructGameplayTagTree: Construct from data asset -  0.000 s
[2018.06.13-13.24.56:886][  0]LogStats: UGameplayTagsManager::ConstructGameplayTagTree: GameplayTagTreeChangedEvent.Broadcast -  0.000 s
[2018.06.13-13.24.56:892][  0]LogFileCache: Scanning file cache for directory 'D:/Repos/Project_Assemble/Project_Assemble/Content/' took 0.02s
[2018.06.13-13.24.57:381][  0]SourceControl: Source control is disabled
[2018.06.13-13.24.57:381][  0]Cmd: MAP LOAD FILE="../../../../Repos/Project_Assemble/Project_Assemble/Content/ThirdPersonBP/Maps/ThirdPersonExampleMap.umap" TEMPLATE=0 SHOWPROGRESS=1 FEATURELEVEL=3
[2018.06.13-13.24.57:525][  0]LightingResults: New page: Lighting Build
[2018.06.13-13.24.57:528][  0]MapCheck: New page: Map Check
[2018.06.13-13.24.57:528][  0]LightingResults: New page: Lighting Build
[2018.06.13-13.24.57:737][  0]LogUObjectGlobals: Created PersistentFrame Addr=0x000001a9d58aab90, Size=20, Default__MultiplayerCamera_C Function /Game/ThirdPersonBP/Blueprints/CameraBP/MultiplayerCamera.MultiplayerCamera_C:ExecuteUbergraph_MultiplayerCamera
[2018.06.13-13.24.57:739][  0]LogUObjectGlobals: Created PersistentFrame Addr=0x000001a9d5857a40, Size=16, Default__Arena_C Function /Game/ThirdPersonBP/Blueprints/GameModes/Arena.Arena_C:ExecuteUbergraph_Arena
[2018.06.13-13.24.58:355][  0]LogUObjectGlobals: Created PersistentFrame Addr=0x000001a9d588c500, Size=64, Default__ThirdPerson_AnimBP_C Function /Game/Mannequin/Animations/ThirdPerson_AnimBP.ThirdPerson_AnimBP_C:ExecuteUbergraph_ThirdPerson_AnimBP
[2018.06.13-13.24.58:447][  0]LogUObjectGlobals: Created PersistentFrame Addr=0x000001a9d4cf9600, Size=352, Default__ArenaCharacter_C Function /Game/ThirdPersonBP/Blueprints/PlayerBP/ArenaCharacter.ArenaCharacter_C:ExecuteUbergraph_ArenaCharacter
[2018.06.13-13.24.58:448][  0]LogUObjectGlobals: Created PersistentFrame Addr=0x000001a9d4ce39e0, Size=216, Default__Projectile_C Function /Game/ThirdPersonBP/Blueprints/PlayerBP/Projectile.Projectile_C:ExecuteUbergraph_Projectile
[2018.06.13-13.24.58:768][  0]LogUObjectGlobals: Created PersistentFrame Addr=0x000001a9d4c47e60, Size=16, Default__Weapon_C Function /Game/ThirdPersonBP/Blueprints/PlayerBP/Weapon.Weapon_C:ExecuteUbergraph_Weapon
[2018.06.13-13.24.58:784][  0]LogUObjectGlobals: Created PersistentFrame Addr=0x000001a9d5920a88, Size=8, Default__ArenaPlayerController_C Function /Game/ThirdPersonBP/Blueprints/PlayerBP/Controllers/ArenaPlayerController.ArenaPlayerController_C:ExecuteUbergraph_ArenaPlayerController
[2018.06.13-13.24.58:793][  0]LogUObjectGlobals: Created PersistentFrame Addr=0x000001a9d4c457d0, Size=16, Default__W_BurstRifle_C Function /Game/ThirdPersonBP/Blueprints/PlayerBP/Weapon.Weapon_C:ExecuteUbergraph_Weapon
[2018.06.13-13.24.58:923][  0]LogUObjectGlobals: Destroyed PersistentFrame Addr=0x000001a9d58aab90, Size=20
[2018.06.13-13.24.58:923][  0]LogUObjectGlobals: Created PersistentFrame Addr=0x000001a9d5367640, Size=20, Default__MultiplayerCamera_C Function /Engine/Transient.REINST_MultiplayerCamera_C_5:ExecuteUbergraph_MultiplayerCamera
[2018.06.13-13.24.58:923][  0]LogUObjectGlobals: Destroyed PersistentFrame Addr=0x000001a9d4ce39e0, Size=216
[2018.06.13-13.24.58:923][  0]LogUObjectGlobals: Created PersistentFrame Addr=0x000001a9d5313820, Size=216, Default__Projectile_C Function /Engine/Transient.REINST_Projectile_C_6:ExecuteUbergraph_Projectile
[2018.06.13-13.24.58:924][  0]LogUObjectGlobals: Destroyed PersistentFrame Addr=0x000001a9d588c500, Size=64
[2018.06.13-13.24.58:924][  0]LogUObjectGlobals: Created PersistentFrame Addr=0x000001a9d54016c0, Size=64, Default__ThirdPerson_AnimBP_C Function /Engine/Transient.REINST_ThirdPerson_AnimBP_C_0:ExecuteUbergraph_ThirdPerson_AnimBP
[2018.06.13-13.24.58:924][  0]LogUObjectGlobals: Destroyed PersistentFrame Addr=0x000001a9d4c47e60, Size=16
[2018.06.13-13.24.58:924][  0]LogUObjectGlobals: Created PersistentFrame Addr=0x000001a9d5449aa0, Size=16, Default__Weapon_C Function /Engine/Transient.REINST_Weapon_C_7:ExecuteUbergraph_Weapon
[2018.06.13-13.24.58:925][  0]LogUObjectGlobals: Destroyed PersistentFrame Addr=0x000001a9d4c457d0, Size=16
[2018.06.13-13.24.58:925][  0]LogUObjectGlobals: Created PersistentFrame Addr=0x000001a9d5449a50, Size=16, Default__W_BurstRifle_C Function /Engine/Transient.REINST_Weapon_C_7:ExecuteUbergraph_Weapon
[2018.06.13-13.24.58:925][  0]LogUObjectGlobals: Destroyed PersistentFrame Addr=0x000001a9d5857a40, Size=16
[2018.06.13-13.24.58:925][  0]LogUObjectGlobals: Created PersistentFrame Addr=0x000001a9d5449990, Size=16, Default__Arena_C Function /Engine/Transient.REINST_Arena_C_10:ExecuteUbergraph_Arena
[2018.06.13-13.24.58:926][  0]LogUObjectGlobals: Destroyed PersistentFrame Addr=0x000001a9d4cf9600, Size=352
[2018.06.13-13.24.58:926][  0]LogUObjectGlobals: Created PersistentFrame Addr=0x000001a9d5300a00, Size=352, Default__ArenaCharacter_C Function /Engine/Transient.REINST_ArenaCharacter_C_11:ExecuteUbergraph_ArenaCharacter
[2018.06.13-13.24.58:926][  0]LogUObjectGlobals: Destroyed PersistentFrame Addr=0x000001a9d5920a88, Size=8
[2018.06.13-13.24.58:926][  0]LogUObjectGlobals: Created PersistentFrame Addr=0x000001a9d53f3180, Size=8, Default__ArenaPlayerController_C Function /Engine/Transient.REINST_ArenaPlayerController_C_12:ExecuteUbergraph_ArenaPlayerController
[2018.06.13-13.24.58:987][  0]LogUObjectGlobals: Created PersistentFrame Addr=0x000001a9d4f62aa0, Size=20, Default__MultiplayerCamera_C Function /Game/ThirdPersonBP/Blueprints/CameraBP/MultiplayerCamera.MultiplayerCamera_C:ExecuteUbergraph_MultiplayerCamera
[2018.06.13-13.24.58:988][  0]LogUObjectGlobals: Created PersistentFrame Addr=0x000001a9d4f116e0, Size=216, Default__Projectile_C Function /Game/ThirdPersonBP/Blueprints/PlayerBP/Projectile.Projectile_C:ExecuteUbergraph_Projectile
[2018.06.13-13.24.58:989][  0]LogUObjectGlobals: Created PersistentFrame Addr=0x000001a9d4e8b600, Size=72, Default__ThirdPerson_AnimBP_C Function /Game/Mannequin/Animations/ThirdPerson_AnimBP.ThirdPerson_AnimBP_C:ExecuteUbergraph_ThirdPerson_AnimBP
[2018.06.13-13.24.58:990][  0]LogUObjectGlobals: Created PersistentFrame Addr=0x000001a9d4f46910, Size=16, Default__Weapon_C Function /Game/ThirdPersonBP/Blueprints/PlayerBP/Weapon.Weapon_C:ExecuteUbergraph_Weapon
[2018.06.13-13.24.58:994][  0]LogUObjectGlobals: Created PersistentFrame Addr=0x000001a9d4f46240, Size=16, Default__W_BurstRifle_C Function /Game/ThirdPersonBP/Blueprints/PlayerBP/Weapon.Weapon_C:ExecuteUbergraph_Weapon
[2018.06.13-13.24.58:996][  0]LogUObjectGlobals: Created PersistentFrame Addr=0x000001a9d4f46430, Size=16, Default__Arena_C Function /Game/ThirdPersonBP/Blueprints/GameModes/Arena.Arena_C:ExecuteUbergraph_Arena
[2018.06.13-13.24.58:999][  0]LogUObjectGlobals: Created PersistentFrame Addr=0x000001a9d4e4a080, Size=352, Default__ArenaCharacter_C Function /Game/ThirdPersonBP/Blueprints/PlayerBP/ArenaCharacter.ArenaCharacter_C:ExecuteUbergraph_ArenaCharacter
[2018.06.13-13.24.59:002][  0]LogUObjectGlobals: Created PersistentFrame Addr=0x000001a9d53f0948, Size=8, Default__ArenaPlayerController_C Function /Game/ThirdPersonBP/Blueprints/PlayerBP/Controllers/ArenaPlayerController.ArenaPlayerController_C:ExecuteUbergraph_ArenaPlayerController
[2018.06.13-13.24.59:247][  0]LogUObjectGlobals: Created PersistentFrame Addr=0x000001a9d4de6980, Size=32, Default__ThirdPersonExampleMap_C Function /Game/ThirdPersonBP/Maps/ThirdPersonExampleMap.ThirdPersonExampleMap_C:ExecuteUbergraph_ThirdPersonExampleMap
[2018.06.13-13.24.59:248][  0]LogUObjectGlobals: Destroyed PersistentFrame Addr=0x000001a9d4de6980, Size=32
[2018.06.13-13.24.59:248][  0]LogUObjectGlobals: Created PersistentFrame Addr=0x000001a9d4de6980, Size=32, Default__ThirdPersonExampleMap_C Function /Engine/Transient.REINST_ThirdPersonExampleMap_C_22:ExecuteUbergraph_ThirdPersonExampleMap
[2018.06.13-13.24.59:249][  0]LogUObjectGlobals: Created PersistentFrame Addr=0x000001a9d4de75e0, Size=32, Default__ThirdPersonExampleMap_C Function /Game/ThirdPersonBP/Maps/ThirdPersonExampleMap.ThirdPersonExampleMap_C:ExecuteUbergraph_ThirdPersonExampleMap
[2018.06.13-13.24.59:831][  0]LogSkeletalMesh: Skeletal Mesh found in DDC [25.115076ms] /Game/Mannequin/Character/Mesh/SK_Mannequin.SK_Mannequin
[2018.06.13-13.25.00:102][  0]LogAIModule: Creating AISystem for world ThirdPersonExampleMap
[2018.06.13-13.25.00:117][  0]LogEditorServer: Finished looking for orphan Actors (0.000 secs)
[2018.06.13-13.25.00:132][  0]LogUObjectGlobals: Destroyed PersistentFrame Addr=0x000001a9d5367640, Size=20
[2018.06.13-13.25.00:132][  0]LogUObjectGlobals: Destroyed PersistentFrame Addr=0x000001a9d5449990, Size=16
[2018.06.13-13.25.00:133][  0]LogUObjectGlobals: Destroyed PersistentFrame Addr=0x000001a9d54016c0, Size=64
[2018.06.13-13.25.00:133][  0]LogUObjectGlobals: Destroyed PersistentFrame Addr=0x000001a9d5300a00, Size=352
[2018.06.13-13.25.00:133][  0]LogUObjectGlobals: Destroyed PersistentFrame Addr=0x000001a9d5313820, Size=216
[2018.06.13-13.25.00:133][  0]LogUObjectGlobals: Destroyed PersistentFrame Addr=0x000001a9d5449aa0, Size=16
[2018.06.13-13.25.00:133][  0]LogUObjectGlobals: Destroyed PersistentFrame Addr=0x000001a9d53f3180, Size=8
[2018.06.13-13.25.00:133][  0]LogUObjectGlobals: Destroyed PersistentFrame Addr=0x000001a9d5449a50, Size=16
[2018.06.13-13.25.00:133][  0]LogUObjectGlobals: Destroyed PersistentFrame Addr=0x000001a9d4de6980, Size=32
[2018.06.13-13.25.00:135][  0]Cmd: MAP CHECKDEP NOCLEARLOG
[2018.06.13-13.25.00:215][  0]MapCheck: Map check complete: 0 Error(s), 0 Warning(s), took 79.724ms to complete.
[2018.06.13-13.25.00:215][  0]LogFileHelpers: Loading map 'ThirdPersonExampleMap' took 2.833
[2018.06.13-13.25.00:680][  0]LogCollectionManager: Loaded 0 collections in 0.001241 seconds
[2018.06.13-13.25.00:780][  0]LogFileCache: Scanning file cache for directory 'D:/Repos/Project_Assemble/Project_Assemble/Saved/Collections/' took 0.01s
[2018.06.13-13.25.00:780][  0]LogFileCache: Scanning file cache for directory 'D:/Repos/Project_Assemble/Project_Assemble/Content/Developers/Andrew/Collections/' took 0.01s
[2018.06.13-13.25.00:780][  0]LogFileCache: Scanning file cache for directory 'D:/Repos/Project_Assemble/Project_Assemble/Content/Collections/' took 0.01s
[2018.06.13-13.25.00:780][  0]LogCollectionManager: Rebuilt the GUID cache for 0 collections in 0.000000 seconds
[2018.06.13-13.25.00:793][  0]LogContentBrowser: Native class hierarchy populated in 0.0113 seconds. Added 2452 classes and 558 folders.
[2018.06.13-13.25.00:825][  0]LogContentBrowser: Native class hierarchy updated for 'WidgetCarousel' in 0.0006 seconds. Added 0 classes and 0 folders.
[2018.06.13-13.25.01:657][  0]LogContentBrowser: Native class hierarchy updated for 'AddContentDialog' in 0.0003 seconds. Added 0 classes and 0 folders.
[2018.06.13-13.25.01:696][  0]LogContentBrowser: Native class hierarchy updated for 'SceneOutliner' in 0.0004 seconds. Added 1 classes and 2 folders.
[2018.06.13-13.25.01:962][  0]LogSlate: Took 0.000505 seconds to synchronously load lazily loaded font '../../../Engine/Content/Slate/Fonts/Roboto-Regular.ttf' (155K)
[2018.06.13-13.25.01:965][  0]LogSlate: Took 0.000362 seconds to synchronously load lazily loaded font '../../../Engine/Content/Slate/Fonts/Roboto-Bold.ttf' (160K)
[2018.06.13-13.25.02:013][  0]LogSlate: Took 0.015891 seconds to synchronously load lazily loaded font '../../../Engine/Content/Editor/Slate/Fonts/FontAwesome.ttf' (139K)
[2018.06.13-13.25.02:319][  0]LogRenderer: Reallocating scene render targets to support 936x404 Format 10 NumSamples 1 (Frame:1).
[2018.06.13-13.25.02:710][  0]LogContentBrowser: Native class hierarchy updated for 'HierarchicalLODOutliner' in 0.0003 seconds. Added 0 classes and 0 folders.
[2018.06.13-13.25.02:711][  0]LogLoad: (Engine Initialization) Total time: 21.41 seconds
[2018.06.13-13.25.02:711][  0]LogLoad: (Engine Initialization) Total Blueprint compile time: 0.00 seconds
[2018.06.13-13.25.02:729][  0]LogWindowsTextInputMethodSystem: Display: IME system now deactivated.
[2018.06.13-13.25.02:751][  0]LogContentStreaming: Texture pool size now 1000 MB
[2018.06.13-13.25.02:894][  0]LogSlate: Took 0.025721 seconds to synchronously load lazily loaded font '../../../Engine/Content/Slate/Fonts/Roboto-Light.ttf' (167K)
[2018.06.13-13.25.02:953][  1]LogAssetRegistry: Asset discovery search completed in 12.2849 seconds
[2018.06.13-13.25.02:955][  1]LogCollectionManager: Rebuilt the object cache for 0 collections in 0.000000 seconds (found 0 objects)
[2018.06.13-13.25.02:955][  1]LogCollectionManager: Fixed up redirectors for 0 collections in 0.000066 seconds (updated 0 objects)
[2018.06.13-13.25.03:792][ 20]LogSlate: Took 0.000267 seconds to synchronously load lazily loaded font '../../../Engine/Content/Slate/Fonts/Roboto-Light.ttf' (167K)
[2018.06.13-13.25.03:794][ 20]LogSlate: FSceneViewport::OnFocusLost() reason 2
[2018.06.13-13.25.04:382][ 20]LogContentBrowser: Native class hierarchy updated for 'BlueprintGraph' in 0.0008 seconds. Added 116 classes and 0 folders.
[2018.06.13-13.25.04:793][ 20]LogUObjectGlobals: Created PersistentFrame Addr=0x000001a9a5e65f80, Size=4, Default__SKEL_PROTO_BP_AnimBlueprint_0_C Function /Engine/Transient.SKEL_PROTO_BP_AnimBlueprint_0_C:ExecuteUbergraph_PROTO_BP_AnimBlueprint_0
[2018.06.13-13.25.04:794][ 20]LogUObjectGlobals: Created PersistentFrame Addr=0x000001a9a5e65f78, Size=4, Default__PROTO_BP_AnimBlueprint_0_C Function /Engine/Transient.PROTO_BP_AnimBlueprint_0_C:ExecuteUbergraph_PROTO_BP_AnimBlueprint_0
[2018.06.13-13.25.06:741][ 20]LogSlate: Took 0.011225 seconds to synchronously load lazily loaded font '../../../Engine/Content/Slate/Fonts/Roboto-BoldCondensed.ttf' (158K)
[2018.06.13-13.25.08:963][ 70]LogD3D11RHI: Error: Result failed 
 at D:\Build\++UE4+Release-4.19+Compile\Sync\Engine\Source\Runtime\Windows\D3D11RHI\Private\D3D11Query.cpp:140 
 with error DXGI_ERROR_DEVICE_REMOVED DXGI_ERROR_DEVICE_HUNG
[2018.06.13-13.25.09:024][ 70]LogWindows: Windows GetLastError: The operation completed successfully. (0)
[2018.06.13-13.25.10:476][ 70]LogWindows: Windows GetLastError: The operation completed successfully. (0)
[2018.06.13-13.25.10:495][ 70]LogWindows: Error: === Critical error: ===
[2018.06.13-13.25.10:495][ 70]LogWindows: Error: 
[2018.06.13-13.25.10:495][ 70]LogWindows: Error: Fatal error: [File:D:\Build\++UE4+Release-4.19+Compile\Sync\Engine\Source\Runtime\RenderCore\Private\RenderingThread.cpp] [Line: 819] 
[2018.06.13-13.25.10:495][ 70]LogWindows: Error: Rendering thread exception:
[2018.06.13-13.25.10:495][ 70]LogWindows: Error: Fatal error: [File:D:\Build\++UE4+Release-4.19+Compile\Sync\Engine\Source\Runtime\Windows\D3D11RHI\Private\D3D11Util.cpp] [Line: 182] 
[2018.06.13-13.25.10:495][ 70]LogWindows: Error: Unreal Engine is exiting due to D3D device being lost. (Error: 0x887A0006 - 'HUNG')
[2018.06.13-13.25.10:495][ 70]LogWindows: Error: 
[2018.06.13-13.25.10:495][ 70]LogWindows: Error: 
[2018.06.13-13.25.10:495][ 70]LogWindows: Error: [Callstack] 0x00000000860FA388 KERNELBASE.dll!UnknownFunction []
[2018.06.13-13.25.10:495][ 70]LogWindows: Error: [Callstack] 0x0000000069907884 UE4Editor-ApplicationCore.dll!UnknownFunction []
[2018.06.13-13.25.10:495][ 70]LogWindows: Error: [Callstack] 0x000000002F1C6D9B UE4Editor-Core.dll!UnknownFunction []
[2018.06.13-13.25.10:495][ 70]LogWindows: Error: [Callstack] 0x000000002F101949 UE4Editor-Core.dll!UnknownFunction []
[2018.06.13-13.25.10:495][ 70]LogWindows: Error: [Callstack] 0x0000000023FFA0CF UE4Editor-D3D11RHI.dll!UnknownFunction []
[2018.06.13-13.25.10:495][ 70]LogWindows: Error: [Callstack] 0x0000000023FFE5E0 UE4Editor-D3D11RHI.dll!UnknownFunction []
[2018.06.13-13.25.10:495][ 70]LogWindows: Error: [Callstack] 0x0000000023FD593D UE4Editor-D3D11RHI.dll!UnknownFunction []
[2018.06.13-13.25.10:495][ 70]LogWindows: Error: [Callstack] 0x0000000023FEAC98 UE4Editor-D3D11RHI.dll!UnknownFunction []
[2018.06.13-13.25.10:495][ 70]LogWindows: Error: [Callstack] 0x000000005674F0B6 UE4Editor-RHI.dll!UnknownFunction []
[2018.06.13-13.25.10:495][ 70]LogWindows: Error: [Callstack] 0x0000000023DC1FF8 UE4Editor-SlateRHIRenderer.dll!UnknownFunction []
[2018.06.13-13.25.10:495][ 70]LogWindows: Error: [Callstack] 0x0000000023DC7C4C UE4Editor-SlateRHIRenderer.dll!UnknownFunction []
[2018.06.13-13.25.10:495][ 70]LogWindows: Error: [Callstack] 0x000000002EFDB713 UE4Editor-Core.dll!UnknownFunction []
[2018.06.13-13.25.10:495][ 70]LogWindows: Error: [Callstack] 0x000000002EFDBD3A UE4Editor-Core.dll!UnknownFunction []
[2018.06.13-13.25.10:495][ 70]LogWindows: Error: [Callstack] 0x0000000072A23CC9 UE4Editor-RenderCore.dll!UnknownFunction []
[2018.06.13-13.25.10:495][ 70]LogWindows: Error: [Callstack] 0x0000000072A24CF6 UE4Editor-RenderCore.dll!UnknownFunction []
[2018.06.13-13.25.10:495][ 70]LogWindows: Error: [Callstack] 0x000000002F3A9FFC UE4Editor-Core.dll!UnknownFunction []
[2018.06.13-13.25.10:495][ 70]LogWindows: Error: [Callstack] 0x000000002F39ED63 UE4Editor-Core.dll!UnknownFunction []
[2018.06.13-13.25.10:495][ 70]LogWindows: Error: [Callstack] 0x0000000087D93034 KERNEL32.DLL!UnknownFunction []
[2018.06.13-13.25.10:495][ 70]LogWindows: Error: [Callstack] 0x00000000899D1431 ntdll.dll!UnknownFunction []
[2018.06.13-13.25.10:495][ 70]LogWindows: Error: [Callstack] 0x00000000899D1431 ntdll.dll!UnknownFunction []
[2018.06.13-13.25.10:495][ 70]LogWindows: Error: 
[2018.06.13-13.25.10:495][ 70]LogWindows: Error: 
[2018.06.13-13.25.10:495][ 70]LogWindows: Error: 
[2018.06.13-13.25.10:495][ 70]LogWindows: Error: 
[2018.06.13-13.25.10:505][ 70]LogExit: Executing StaticShutdownAfterError
[2018.06.13-13.25.10:514][ 70]LogWindows: FPlatformMisc::RequestExit(1)
[2018.06.13-13.25.10:514][ 70]Log file closed, 06/13/18 09:25:10
